11:11:47.519 INFO  Logged in as Comfi Dev#5575 
11:11:47.520 INFO  Watching 92 Slashs, 46 Channels and 9 Users in  2 Servers 
11:11:47.520 INFO  ------------------------------------- 
11:11:47.527 INFO  Your app is listening a http://localhost:3000 
11:11:47.982 INFO  Mongodb connected! 
11:14:47.044 INFO  Logged in as Comfi Dev#5575 
11:14:47.045 INFO  Watching 92 Slashs, 46 Channels and 9 Users in  2 Servers 
11:14:47.046 INFO  ------------------------------------- 
11:14:47.053 INFO  Your app is listening a http://localhost:3000 
11:14:47.290 INFO  Mongodb connected! 
11:19:41.539 INFO  Logged in as Comfi Dev#5575 
11:19:41.540 INFO  Watching 91 Slashs, 46 Channels and 9 Users in  2 Servers 
11:19:41.540 INFO  ------------------------------------- 
11:19:41.558 INFO  Your app is listening a http://localhost:3000 
11:19:41.912 INFO  Mongodb connected! 
11:23:18.208 INFO  Logged in as Comfi Dev#5575 
11:23:18.210 INFO  Watching 91 Slashs, 46 Channels and 9 Users in  2 Servers 
11:23:18.210 INFO  ------------------------------------- 
11:23:18.216 INFO  Your app is listening a http://localhost:3000 
11:23:18.629 INFO  Mongodb connected! 
11:26:09.901 INFO  Logged in as Comfi Dev#5575 
11:26:09.902 INFO  Watching 91 Slashs, 46 Channels and 9 Users in  2 Servers 
11:26:09.903 INFO  ------------------------------------- 
11:26:09.913 INFO  Your app is listening a http://localhost:3000 
11:26:10.305 INFO  Mongodb connected! 
11:29:54.779 INFO  Logged in as Comfi Dev#5575 
11:29:54.780 INFO  Watching 91 Slashs, 46 Channels and 9 Users in  2 Servers 
11:29:54.781 INFO  ------------------------------------- 
11:29:54.788 INFO  Your app is listening a http://localhost:3000 
11:29:55.130 INFO  Mongodb connected! 
12:03:45.860 INFO  Logged in as Comfi Dev#5575 
12:03:45.862 INFO  Watching 91 Slashs, 46 Channels and 9 Users in  2 Servers 
12:03:45.863 INFO  ------------------------------------- 
12:03:45.873 INFO  Your app is listening a http://localhost:3000 
12:03:46.242 INFO  Mongodb connected! 
12:08:57.679 INFO  Logged in as Comfi Dev#5575 
12:08:57.680 INFO  Watching 91 Slashs, 46 Channels and 9 Users in  2 Servers 
12:08:57.681 INFO  ------------------------------------- 
12:08:57.691 INFO  Your app is listening a http://localhost:3000 
12:08:58.040 INFO  Mongodb connected! 
12:14:43.311 INFO  Logged in as Comfi Dev#5575 
12:14:43.313 INFO  Watching 91 Slashs, 46 Channels and 9 Users in  2 Servers 
12:14:43.313 INFO  ------------------------------------- 
12:14:43.321 INFO  Your app is listening a http://localhost:3000 
12:14:43.669 INFO  Mongodb connected! 
12:25:24.214 INFO  Logged in as Comfi Dev#5575 
12:25:24.216 INFO  Watching 91 Slashs, 46 Channels and 9 Users in  2 Servers 
12:25:24.216 INFO  ------------------------------------- 
12:25:24.225 INFO  Your app is listening a http://localhost:3000 
12:25:24.414 INFO  Mongodb connected! 
12:26:58.106 INFO  Logged in as Comfi Dev#5575 
12:26:58.108 INFO  Watching 91 Slashs, 46 Channels and 9 Users in  2 Servers 
12:26:58.108 INFO  ------------------------------------- 
12:26:58.118 INFO  Your app is listening a http://localhost:3000 
12:26:58.571 INFO  Mongodb connected! 
12:32:45.424 INFO  Logged in as Comfi Dev#5575 
12:32:45.426 INFO  Watching 91 Slashs, 46 Channels and 9 Users in  2 Servers 
12:32:45.426 INFO  ------------------------------------- 
12:32:45.433 INFO  Your app is listening a http://localhost:3000 
12:32:45.730 INFO  Mongodb connected! 
12:41:05.218 INFO  Logged in as Comfi Dev#5575 
12:41:05.219 INFO  Watching 91 Slashs, 46 Channels and 9 Users in  2 Servers 
12:41:05.219 INFO  ------------------------------------- 
12:41:05.227 INFO  Your app is listening a http://localhost:3000 
12:41:05.633 INFO  Mongodb connected! 
12:42:54.110 INFO  Logged in as Comfi Dev#5575 
12:42:54.112 INFO  Watching 91 Slashs, 46 Channels and 9 Users in  2 Servers 
12:42:54.113 INFO  ------------------------------------- 
12:42:54.122 INFO  Your app is listening a http://localhost:3000 
12:42:54.585 INFO  Mongodb connected! 
12:47:37.270 INFO  Logged in as Comfi Dev#5575 
12:47:37.271 INFO  Watching 91 Slashs, 46 Channels and 9 Users in  2 Servers 
12:47:37.272 INFO  ------------------------------------- 
12:47:37.281 INFO  Your app is listening a http://localhost:3000 
12:47:37.608 INFO  Mongodb connected! 
14:34:58.903 INFO  Logged in as Comfi Dev#5575 
14:34:58.904 INFO  Watching 91 Slashs, 46 Channels and 9 Users in  2 Servers 
14:34:58.904 INFO  ------------------------------------- 
14:34:58.911 INFO  Your app is listening a http://localhost:3000 
14:34:59.495 INFO  Mongodb connected! 
14:52:01.192 INFO  Logged in as Comfi Dev#5575 
14:52:01.193 INFO  Watching 91 Slashs, 46 Channels and 9 Users in  2 Servers 
14:52:01.194 INFO  ------------------------------------- 
14:52:01.202 INFO  Your app is listening a http://localhost:3000 
14:52:01.631 INFO  Mongodb connected! 
14:54:19.115 INFO  Logged in as Comfi Dev#5575 
14:54:19.116 INFO  Watching 91 Slashs, 46 Channels and 9 Users in  2 Servers 
14:54:19.116 INFO  ------------------------------------- 
14:54:19.125 INFO  Your app is listening a http://localhost:3000 
14:54:19.517 INFO  Mongodb connected! 
14:58:44.290 INFO  Logged in as Comfi Dev#5575 
14:58:44.292 INFO  Watching 91 Slashs, 46 Channels and 9 Users in  2 Servers 
14:58:44.292 INFO  ------------------------------------- 
14:58:44.299 INFO  Your app is listening a http://localhost:3000 
14:58:44.548 INFO  Mongodb connected! 
15:17:55.729 INFO  Logged in as Comfi Dev#5575 
15:17:55.731 INFO  Watching 91 Slashs, 46 Channels and 9 Users in  2 Servers 
15:17:55.731 INFO  ------------------------------------- 
15:17:55.740 INFO  Your app is listening a http://localhost:3000 
15:17:56.164 INFO  Mongodb connected! 
15:39:53.457 INFO  Logged in as Comfi Dev#5575 
15:39:53.459 INFO  Watching 92 Slashs, 46 Channels and 9 Users in  2 Servers 
15:39:53.459 INFO  ------------------------------------- 
15:39:53.467 INFO  Your app is listening a http://localhost:3000 
15:39:53.817 INFO  Mongodb connected! 
15:42:57.705 INFO  Logged in as Comfi Dev#5575 
15:42:57.706 INFO  Watching 92 Slashs, 46 Channels and 9 Users in  2 Servers 
15:42:57.706 INFO  ------------------------------------- 
15:42:57.714 INFO  Your app is listening a http://localhost:3000 
15:42:58.168 INFO  Mongodb connected! 
15:49:45.702 INFO  Logged in as Comfi Dev#5575 
15:49:45.703 INFO  Watching 92 Slashs, 46 Channels and 9 Users in  2 Servers 
15:49:45.704 INFO  ------------------------------------- 
15:49:45.710 INFO  Your app is listening a http://localhost:3000 
15:49:46.184 INFO  Mongodb connected! 
16:14:17.161 INFO  Logged in as Comfi Dev#5575 
16:14:17.163 INFO  Watching 92 Slashs, 46 Channels and 9 Users in  2 Servers 
16:14:17.163 INFO  ------------------------------------- 
16:14:17.171 INFO  Your app is listening a http://localhost:3000 
16:14:17.633 INFO  Mongodb connected! 
16:27:03.887 INFO  Logged in as Comfi Dev#5575 
16:27:03.889 INFO  Watching 92 Slashs, 46 Channels and 9 Users in  2 Servers 
16:27:03.889 INFO  ------------------------------------- 
16:27:03.898 INFO  Your app is listening a http://localhost:3000 
16:27:04.353 INFO  Mongodb connected! 
17:30:38.790 INFO  Logged in as Comfi Dev#5575 
17:30:38.791 INFO  Watching 92 Slashs, 46 Channels and 9 Users in  2 Servers 
17:30:38.792 INFO  ------------------------------------- 
17:30:38.894 INFO  Your app is listening a http://localhost:3000 
17:30:39.450 INFO  Mongodb connected! 
17:33:45.218 INFO  Logged in as Comfi Dev#5575 
17:33:45.220 INFO  Watching 92 Slashs, 46 Channels and 9 Users in  2 Servers 
17:33:45.220 INFO  ------------------------------------- 
17:33:45.227 INFO  Your app is listening a http://localhost:3000 
17:33:45.539 INFO  Mongodb connected! 
17:50:40.903 INFO  Logged in as Comfi Dev#5575 
17:50:40.904 INFO  Watching 92 Slashs, 46 Channels and 9 Users in  2 Servers 
17:50:40.905 INFO  ------------------------------------- 
17:50:40.913 INFO  Your app is listening a http://localhost:3000 
17:50:41.127 INFO  Mongodb connected! 
18:10:18.199 INFO  Logged in as Comfi Dev#5575 
18:10:18.200 INFO  Watching 92 Slashs, 46 Channels and 9 Users in  2 Servers 
18:10:18.201 INFO  ------------------------------------- 
18:10:18.208 INFO  Your app is listening a http://localhost:3000 
18:10:18.588 INFO  Mongodb connected! 
19:09:34.096 INFO  Logged in as Comfi Dev#5575 
19:09:34.098 INFO  Watching 92 Slashs, 46 Channels and 9 Users in  2 Servers 
19:09:34.099 INFO  ------------------------------------- 
19:09:34.107 INFO  Your app is listening a http://localhost:3000 
19:09:34.361 INFO  Mongodb connected! 
19:15:34.529 INFO  Logged in as Comfi Dev#5575 
19:15:34.530 INFO  Watching 92 Slashs, 46 Channels and 9 Users in  2 Servers 
19:15:34.530 INFO  ------------------------------------- 
19:15:34.539 INFO  Your app is listening a http://localhost:3000 
19:15:34.753 INFO  Mongodb connected! 
19:18:37.207 INFO  Logged in as Comfi Dev#5575 
19:18:37.209 INFO  Watching 92 Slashs, 46 Channels and 9 Users in  2 Servers 
19:18:37.209 INFO  ------------------------------------- 
19:18:37.219 INFO  Your app is listening a http://localhost:3000 
19:18:37.459 INFO  Mongodb connected! 
19:20:38.892 INFO  Logged in as Comfi Dev#5575 
19:20:38.901 INFO  Watching 92 Slashs, 46 Channels and 9 Users in  2 Servers 
19:20:38.902 INFO  ------------------------------------- 
19:20:38.930 INFO  Your app is listening a http://localhost:3000 
19:20:39.418 INFO  Mongodb connected! 
19:30:02.010 INFO  Logged in as Comfi Dev#5575 
19:30:02.011 INFO  Watching 92 Slashs, 46 Channels and 9 Users in  2 Servers 
19:30:02.012 INFO  ------------------------------------- 
19:30:02.019 INFO  Your app is listening a http://localhost:3000 
19:30:02.433 INFO  Mongodb connected! 
19:31:53.318 INFO  Logged in as Comfi Dev#5575 
19:31:53.319 INFO  Watching 92 Slashs, 46 Channels and 9 Users in  2 Servers 
19:31:53.319 INFO  ------------------------------------- 
19:31:53.393 INFO  Your app is listening a http://localhost:3000 
19:31:53.827 INFO  Mongodb connected! 
19:37:58.540 INFO  Logged in as Comfi Dev#5575 
19:37:58.541 INFO  Watching 92 Slashs, 46 Channels and 9 Users in  2 Servers 
19:37:58.541 INFO  ------------------------------------- 
19:37:58.548 INFO  Your app is listening a http://localhost:3000 
19:37:58.685 INFO  Mongodb connected! 
19:40:25.902 INFO  Logged in as Comfi Dev#5575 
19:40:25.904 INFO  Watching 92 Slashs, 46 Channels and 9 Users in  2 Servers 
19:40:25.904 INFO  ------------------------------------- 
19:40:25.912 INFO  Your app is listening a http://localhost:3000 
19:40:26.293 INFO  Mongodb connected! 
19:44:20.868 INFO  Logged in as Comfi Dev#5575 
19:44:20.870 INFO  Watching 92 Slashs, 46 Channels and 9 Users in  2 Servers 
19:44:20.870 INFO  ------------------------------------- 
19:44:20.878 INFO  Your app is listening a http://localhost:3000 
19:44:21.232 INFO  Mongodb connected! 
19:47:27.387 INFO  Logged in as Comfi Dev#5575 
19:47:27.389 INFO  Watching 92 Slashs, 46 Channels and 9 Users in  2 Servers 
19:47:27.389 INFO  ------------------------------------- 
19:47:27.397 INFO  Your app is listening a http://localhost:3000 
19:47:27.690 INFO  Mongodb connected! 
19:50:21.620 INFO  Logged in as Comfi Dev#5575 
19:50:21.623 INFO  Watching 92 Slashs, 46 Channels and 9 Users in  2 Servers 
19:50:21.624 INFO  ------------------------------------- 
19:50:21.633 INFO  Your app is listening a http://localhost:3000 
19:50:21.857 INFO  Mongodb connected! 
19:52:11.783 INFO  Logged in as Comfi Dev#5575 
19:52:11.784 INFO  Watching 92 Slashs, 46 Channels and 9 Users in  2 Servers 
19:52:11.784 INFO  ------------------------------------- 
19:52:11.791 INFO  Your app is listening a http://localhost:3000 
19:52:12.119 INFO  Mongodb connected! 
20:00:44.866 INFO  Logged in as Comfi Dev#5575 
20:00:44.867 INFO  Watching 92 Slashs, 46 Channels and 9 Users in  2 Servers 
20:00:44.867 INFO  ------------------------------------- 
20:00:44.874 INFO  Your app is listening a http://localhost:3000 
20:00:45.140 INFO  Mongodb connected! 
20:02:36.633 INFO  Logged in as Comfi Dev#5575 
20:02:36.634 INFO  Watching 92 Slashs, 46 Channels and 9 Users in  2 Servers 
20:02:36.635 INFO  ------------------------------------- 
20:02:36.642 INFO  Your app is listening a http://localhost:3000 
20:02:36.873 INFO  Mongodb connected! 
20:13:24.165 INFO  Logged in as Comfi Dev#5575 
20:13:24.166 INFO  Watching 92 Slashs, 46 Channels and 9 Users in  2 Servers 
20:13:24.167 INFO  ------------------------------------- 
20:13:24.197 INFO  Your app is listening a http://localhost:3000 
20:13:24.651 INFO  Mongodb connected! 
20:15:58.792 INFO  Logged in as Comfi Dev#5575 
20:15:58.793 INFO  Watching 92 Slashs, 46 Channels and 9 Users in  2 Servers 
20:15:58.794 INFO  ------------------------------------- 
20:15:58.803 INFO  Your app is listening a http://localhost:3000 
20:15:59.144 INFO  Mongodb connected! 
20:18:29.295 INFO  Logged in as Comfi Dev#5575 
20:18:29.296 INFO  Watching 92 Slashs, 46 Channels and 9 Users in  2 Servers 
20:18:29.297 INFO  ------------------------------------- 
20:18:29.304 INFO  Your app is listening a http://localhost:3000 
20:18:29.665 INFO  Mongodb connected! 
20:19:43.105 INFO  Logged in as Comfi Dev#5575 
20:19:43.107 INFO  Watching 92 Slashs, 46 Channels and 9 Users in  2 Servers 
20:19:43.107 INFO  ------------------------------------- 
20:19:43.115 INFO  Your app is listening a http://localhost:3000 
20:19:43.485 INFO  Mongodb connected! 
20:21:18.231 INFO  Logged in as Comfi Dev#5575 
20:21:18.237 INFO  Watching 92 Slashs, 46 Channels and 9 Users in  2 Servers 
20:21:18.237 INFO  ------------------------------------- 
20:21:18.298 INFO  Your app is listening a http://localhost:3000 
20:21:18.599 INFO  Mongodb connected! 
20:22:37.413 INFO  Logged in as Comfi Dev#5575 
20:22:37.415 INFO  Watching 92 Slashs, 46 Channels and 9 Users in  2 Servers 
20:22:37.415 INFO  ------------------------------------- 
20:22:37.422 INFO  Your app is listening a http://localhost:3000 
20:22:37.838 INFO  Mongodb connected! 
20:26:17.201 INFO  Logged in as Comfi Dev#5575 
20:26:17.203 INFO  Watching 92 Slashs, 46 Channels and 9 Users in  2 Servers 
20:26:17.203 INFO  ------------------------------------- 
20:26:17.211 INFO  Your app is listening a http://localhost:3000 
20:26:17.347 INFO  Mongodb connected! 
