09:47:23.417 INFO  Logged in as Comfi Dev#5575 
09:47:23.421 INFO  Watching 89 Slashs, 63 Channels and 11 Users in  3 Servers 
09:47:23.421 INFO  ------------------------------------- 
09:47:23.434 INFO  Your app is listening a http://localhost:3000 
09:47:23.585 INFO  Mongodb connected! 
10:30:13.926 ERROR /home/runner/Comfi-beta/commands/info/movie.js:51
 
 

SyntaxError: Unexpected end of input
    at Object.compileFunction (node:vm:352:18)
    at wrapSafe (node:internal/modules/cjs/loader:1031:15)
    at Module._compile (node:internal/modules/cjs/loader:1065:27)
    at Object.Module._extensions..js (node:internal/modules/cjs/loader:1153:10)
    at Module.load (node:internal/modules/cjs/loader:981:32)
    at Function.Module._load (node:internal/modules/cjs/loader:822:12)
    at Module.require (node:internal/modules/cjs/loader:1005:19)
    at require (node:internal/modules/cjs/helpers:102:18)
    at /home/runner/Comfi-beta/handler/index.js:36:18
    at Array.map (<anonymous>)
    at module.exports (/home/runner/Comfi-beta/handler/index.js:35:17) 
10:30:14.334 INFO  Mongodb connected! 
10:30:14.363 INFO  Logged in as Comfi Dev#5575 
10:30:14.366 INFO  Watching 20 Slashs, 63 Channels and 11 Users in  3 Servers 
10:30:14.366 INFO  ------------------------------------- 
10:30:14.373 INFO  Your app is listening a http://localhost:3000 
10:34:19.281 INFO  Logged in as Comfi Dev#5575 
10:34:19.282 INFO  Watching 87 Slashs, 63 Channels and 11 Users in  3 Servers 
10:34:19.282 INFO  ------------------------------------- 
10:34:19.294 INFO  Your app is listening a http://localhost:3000 
10:34:19.315 INFO  Mongodb connected! 
10:34:19.421 ERROR DiscordAPIError: Invalid Form Body
21: Application command names are unique
    at RequestHandler.execute (/home/runner/Comfi-beta/node_modules/discord.js/src/rest/RequestHandler.js:298:13)
    at processTicksAndRejections (node:internal/process/task_queues:96:5)
    at async RequestHandler.push (/home/runner/Comfi-beta/node_modules/discord.js/src/rest/RequestHandler.js:50:14)
    at async GuildApplicationCommandManager.set (/home/runner/Comfi-beta/node_modules/discord.js/src/managers/ApplicationCommandManager.js:146:18) 
10:34:19.462 ERROR DiscordAPIError: Invalid Form Body
21: Application command names are unique
    at RequestHandler.execute (/home/runner/Comfi-beta/node_modules/discord.js/src/rest/RequestHandler.js:298:13)
    at processTicksAndRejections (node:internal/process/task_queues:96:5)
    at async RequestHandler.push (/home/runner/Comfi-beta/node_modules/discord.js/src/rest/RequestHandler.js:50:14)
    at async GuildApplicationCommandManager.set (/home/runner/Comfi-beta/node_modules/discord.js/src/managers/ApplicationCommandManager.js:146:18) 
10:34:19.492 ERROR DiscordAPIError: Invalid Form Body
21: Application command names are unique
    at RequestHandler.execute (/home/runner/Comfi-beta/node_modules/discord.js/src/rest/RequestHandler.js:298:13)
    at processTicksAndRejections (node:internal/process/task_queues:96:5)
    at async RequestHandler.push (/home/runner/Comfi-beta/node_modules/discord.js/src/rest/RequestHandler.js:50:14)
    at async GuildApplicationCommandManager.set (/home/runner/Comfi-beta/node_modules/discord.js/src/managers/ApplicationCommandManager.js:146:18) 
10:34:43.751 INFO  Logged in as Comfi Dev#5575 
10:34:43.752 INFO  Watching 88 Slashs, 63 Channels and 11 Users in  3 Servers 
10:34:43.753 INFO  ------------------------------------- 
10:34:43.772 INFO  Your app is listening a http://localhost:3000 
10:34:43.896 INFO  Mongodb connected! 
10:35:29.161 ERROR ReferenceError: moment is not defined
    at /home/runner/Comfi-beta/commands/info/npm.js:52:39
    at processTicksAndRejections (node:internal/process/task_queues:96:5) 
10:36:16.135 INFO  Mongodb connected! 
10:36:16.199 INFO  Logged in as Comfi Dev#5575 
10:36:16.199 INFO  Watching 88 Slashs, 63 Channels and 11 Users in  3 Servers 
10:36:16.200 INFO  ------------------------------------- 
10:36:16.206 INFO  Your app is listening a http://localhost:3000 
10:36:35.814 ERROR FetchError: invalid json response body at https://api.popcat.xyz/npm?q=discord.js reason: Unexpected token < in JSON at position 0
    at /home/runner/Comfi-beta/node_modules/node-fetch/lib/index.js:273:32
    at processTicksAndRejections (node:internal/process/task_queues:96:5) 
10:38:16.625 INFO  Logged in as Comfi Dev#5575 
10:38:16.626 INFO  Watching 88 Slashs, 63 Channels and 11 Users in  3 Servers 
10:38:16.626 INFO  ------------------------------------- 
10:38:16.640 INFO  Your app is listening a http://localhost:3000 
10:38:16.697 INFO  Mongodb connected! 
10:38:56.907 ERROR FetchError: invalid json response body at https://api.popcat.xyz/npm?q=discord.js reason: Unexpected token < in JSON at position 0
    at /home/runner/Comfi-beta/node_modules/node-fetch/lib/index.js:273:32
    at processTicksAndRejections (node:internal/process/task_queues:96:5) 
10:40:44.462 INFO  Logged in as Comfi Dev#5575 
10:40:44.464 INFO  Watching 88 Slashs, 63 Channels and 11 Users in  3 Servers 
10:40:44.464 INFO  ------------------------------------- 
10:40:44.474 INFO  Your app is listening a http://localhost:3000 
10:40:44.680 INFO  Mongodb connected! 
10:41:17.336 ERROR FetchError: invalid json response body at https://api.popcat.xyz/npm?q=discord.js reason: Unexpected token < in JSON at position 0
    at /home/runner/Comfi-beta/node_modules/node-fetch/lib/index.js:273:32
    at processTicksAndRejections (node:internal/process/task_queues:96:5) 
10:42:13.183 INFO  Logged in as Comfi Dev#5575 
10:42:13.184 INFO  Watching 88 Slashs, 63 Channels and 11 Users in  3 Servers 
10:42:13.184 INFO  ------------------------------------- 
10:42:13.195 INFO  Your app is listening a http://localhost:3000 
10:42:13.245 INFO  Mongodb connected! 
11:22:03.109 INFO  Logged in as Comfi Dev#5575 
11:22:03.110 INFO  Watching 87 Slashs, 63 Channels and 11 Users in  3 Servers 
11:22:03.110 INFO  ------------------------------------- 
11:22:03.120 INFO  Your app is listening a http://localhost:3000 
11:22:03.366 INFO  Mongodb connected! 
11:39:13.174 INFO  Mongodb connected! 
11:39:13.238 INFO  Logged in as Comfi Dev#5575 
11:39:13.238 INFO  Watching 87 Slashs, 63 Channels and 11 Users in  3 Servers 
11:39:13.238 INFO  ------------------------------------- 
11:39:13.249 INFO  Your app is listening a http://localhost:3000 
11:39:29.562 ERROR ReferenceError: err is not defined
    at Object.run (/home/runner/Comfi-beta/commands/utility/emoji.js:29:28)
    at commandExecute (/home/runner/Comfi-beta/events/interaction/interactionCreate.js:58:17)
    at Comfi.<anonymous> (/home/runner/Comfi-beta/events/interaction/interactionCreate.js:118:5)
    at processTicksAndRejections (node:internal/process/task_queues:96:5) 
11:40:03.088 INFO  Mongodb connected! 
11:40:03.226 INFO  Logged in as Comfi Dev#5575 
11:40:03.226 INFO  Watching 87 Slashs, 63 Channels and 11 Users in  3 Servers 
11:40:03.226 INFO  ------------------------------------- 
11:40:03.233 INFO  Your app is listening a http://localhost:3000 
11:40:20.134 ERROR TypeError: Cannot read properties of null (reading 'length')
    at Object.run (/home/runner/Comfi-beta/commands/utility/emoji.js:33:12)
    at commandExecute (/home/runner/Comfi-beta/events/interaction/interactionCreate.js:58:17)
    at Comfi.<anonymous> (/home/runner/Comfi-beta/events/interaction/interactionCreate.js:118:5)
    at processTicksAndRejections (node:internal/process/task_queues:96:5) 
11:41:53.331 INFO  Logged in as Comfi Dev#5575 
11:41:53.332 INFO  Watching 87 Slashs, 63 Channels and 11 Users in  3 Servers 
11:41:53.332 INFO  ------------------------------------- 
11:41:53.342 INFO  Your app is listening a http://localhost:3000 
11:41:53.363 INFO  Mongodb connected! 
11:45:56.291 INFO  Logged in as Comfi Dev#5575 
11:45:56.292 INFO  Watching 87 Slashs, 63 Channels and 11 Users in  3 Servers 
11:45:56.293 INFO  ------------------------------------- 
11:45:56.300 INFO  Your app is listening a http://localhost:3000 
11:45:56.433 INFO  Mongodb connected! 
11:53:07.011 INFO  Logged in as Comfi Dev#5575 
11:53:07.012 INFO  Watching 87 Slashs, 63 Channels and 11 Users in  3 Servers 
11:53:07.012 INFO  ------------------------------------- 
11:53:07.020 INFO  Your app is listening a http://localhost:3000 
11:53:07.117 INFO  Mongodb connected! 
11:54:40.116 INFO  Logged in as Comfi Dev#5575 
11:54:40.117 INFO  Watching 87 Slashs, 63 Channels and 11 Users in  3 Servers 
11:54:40.118 INFO  ------------------------------------- 
11:54:40.130 INFO  Your app is listening a http://localhost:3000 
11:54:40.165 INFO  Mongodb connected! 
12:36:09.098 INFO  Logged in as Comfi Dev#5575 
12:36:09.099 INFO  Watching 87 Slashs, 63 Channels and 11 Users in  3 Servers 
12:36:09.100 INFO  ------------------------------------- 
12:36:09.118 INFO  Your app is listening a http://localhost:3000 
12:36:09.219 INFO  Mongodb connected! 
12:41:50.731 ERROR ReferenceError: ccc is not defined
    at Object.<anonymous> (/home/runner/Comfi-beta/commands/utility/ping.js:3:1)
    at Module._compile (node:internal/modules/cjs/loader:1101:14)
    at Object.Module._extensions..js (node:internal/modules/cjs/loader:1153:10)
    at Module.load (node:internal/modules/cjs/loader:981:32)
    at Function.Module._load (node:internal/modules/cjs/loader:822:12)
    at Module.require (node:internal/modules/cjs/loader:1005:19)
    at require (node:internal/modules/cjs/helpers:102:18)
    at /home/runner/Comfi-beta/handler/index.js:36:18
    at Array.map (<anonymous>)
    at module.exports (/home/runner/Comfi-beta/handler/index.js:35:17) 
12:41:51.138 INFO  Logged in as Comfi Dev#5575 
12:41:51.139 INFO  Watching 78 Slashs, 63 Channels and 11 Users in  3 Servers 
12:41:51.139 INFO  ------------------------------------- 
12:41:51.145 INFO  Your app is listening a http://localhost:3000 
12:41:51.155 INFO  Mongodb connected! 
12:46:07.449 ERROR ReferenceError: ccc is not defined
    at Object.<anonymous> (/home/runner/Comfi-beta/commands/utility/ping.js:3:1)
    at Module._compile (node:internal/modules/cjs/loader:1101:14)
    at Object.Module._extensions..js (node:internal/modules/cjs/loader:1153:10)
    at Module.load (node:internal/modules/cjs/loader:981:32)
    at Function.Module._load (node:internal/modules/cjs/loader:822:12)
    at Module.require (node:internal/modules/cjs/loader:1005:19)
    at require (node:internal/modules/cjs/helpers:102:18)
    at /home/runner/Comfi-beta/handler/index.js:36:18
    at Array.map (<anonymous>)
    at module.exports (/home/runner/Comfi-beta/handler/index.js:35:17) 
12:46:07.808 INFO  Logged in as Comfi Dev#5575 
12:46:07.808 INFO  Watching 78 Slashs, 79 Channels and 12 Users in  4 Servers 
12:46:07.808 INFO  ------------------------------------- 
12:46:07.813 INFO  Your app is listening a http://localhost:3000 
12:46:07.863 INFO  Mongodb connected! 
12:46:42.214 ERROR ReferenceError: ccc is not defined
    at Object.<anonymous> (/home/runner/Comfi-beta/commands/utility/ping.js:3:1)
    at Module._compile (node:internal/modules/cjs/loader:1101:14)
    at Object.Module._extensions..js (node:internal/modules/cjs/loader:1153:10)
    at Module.load (node:internal/modules/cjs/loader:981:32)
    at Function.Module._load (node:internal/modules/cjs/loader:822:12)
    at Module.require (node:internal/modules/cjs/loader:1005:19)
    at require (node:internal/modules/cjs/helpers:102:18)
    at /home/runner/Comfi-beta/handler/index.js:36:18
    at Array.map (<anonymous>)
    at module.exports (/home/runner/Comfi-beta/handler/index.js:35:17) 
12:46:42.568 INFO  Mongodb connected! 
12:46:42.633 INFO  Logged in as Comfi Dev#5575 
12:46:42.634 INFO  Watching 78 Slashs, 79 Channels and 12 Users in  4 Servers 
12:46:42.634 INFO  ------------------------------------- 
12:46:42.642 INFO  Your app is listening a http://localhost:3000 
12:47:33.130 INFO  Mongodb connected! 
12:47:33.197 INFO  Logged in as Comfi Dev#5575 
12:47:33.198 INFO  Watching 87 Slashs, 79 Channels and 12 Users in  4 Servers 
12:47:33.198 INFO  ------------------------------------- 
12:47:33.214 INFO  Your app is listening a http://localhost:3000 
12:50:08.386 INFO  Mongodb connected! 
12:50:08.451 INFO  Logged in as Comfi Dev#5575 
12:50:08.452 INFO  Watching 87 Slashs, 79 Channels and 12 Users in  4 Servers 
12:50:08.452 INFO  ------------------------------------- 
12:50:08.461 INFO  Your app is listening a http://localhost:3000 
12:54:50.763 INFO  Mongodb connected! 
12:54:50.805 INFO  Logged in as Comfi Dev#5575 
12:54:50.806 INFO  Watching 87 Slashs, 79 Channels and 12 Users in  4 Servers 
12:54:50.806 INFO  ------------------------------------- 
12:54:50.814 INFO  Your app is listening a http://localhost:3000 
12:57:22.898 INFO  Logged in as Comfi Dev#5575 
12:57:22.898 INFO  Watching 87 Slashs, 79 Channels and 12 Users in  4 Servers 
12:57:22.899 INFO  ------------------------------------- 
12:57:22.907 INFO  Your app is listening a http://localhost:3000 
12:57:23.032 INFO  Mongodb connected! 
12:59:51.842 INFO  Mongodb connected! 
12:59:51.882 INFO  Logged in as Comfi Dev#5575 
12:59:51.882 INFO  Watching 87 Slashs, 79 Channels and 12 Users in  4 Servers 
12:59:51.883 INFO  ------------------------------------- 
12:59:51.890 INFO  Your app is listening a http://localhost:3000 
13:10:34.010 INFO  Mongodb connected! 
13:10:36.039 INFO  Logged in as Comfi#6893 
13:10:36.040 INFO  Watching 87 Slashs, 4167 Channels and 28233 Users in  73 Servers 
13:10:36.040 INFO  ------------------------------------- 
13:10:36.093 INFO  Your app is listening a http://localhost:3000 
13:12:08.560 INFO  Mongodb connected! 
13:12:10.343 INFO  Logged in as Comfi#6893 
13:12:10.344 INFO  Watching 87 Slashs, 4167 Channels and 28251 Users in  73 Servers 
13:12:10.344 INFO  ------------------------------------- 
13:12:10.353 INFO  Your app is listening a http://localhost:3000 
13:12:10.817 ERROR undefined 
13:12:10.819 ERROR undefined 
13:12:10.821 ERROR undefined 
13:12:10.822 ERROR undefined 
13:12:10.828 ERROR undefined 
13:12:10.830 ERROR undefined 
13:12:10.831 ERROR undefined 
13:12:10.832 ERROR undefined 
13:12:10.833 ERROR undefined 
13:12:10.835 ERROR undefined 
13:12:10.836 ERROR undefined 
13:12:10.836 ERROR undefined 
13:12:10.838 ERROR undefined 
13:12:10.843 ERROR undefined 
13:12:10.845 ERROR undefined 
13:12:10.845 ERROR undefined 
13:12:10.848 ERROR undefined 
13:12:10.849 ERROR undefined 
13:12:10.851 ERROR undefined 
13:12:10.872 ERROR undefined 
13:12:10.873 ERROR undefined 
13:12:10.874 ERROR undefined 
13:12:10.877 ERROR undefined 
13:12:10.879 ERROR undefined 
13:12:10.882 ERROR undefined 
13:16:00.333 INFO  Mongodb connected! 
13:16:02.038 INFO  Logged in as Comfi#6893 
13:16:02.039 INFO  Watching 87 Slashs, 4167 Channels and 28296 Users in  73 Servers 
13:16:02.039 INFO  ------------------------------------- 
13:16:02.098 INFO  Your app is listening a http://localhost:3000 
13:16:02.743 ERROR '[object Object]' 
13:16:02.747 ERROR '[object Object]' 
13:16:02.748 ERROR '[object Object]' 
13:16:02.750 ERROR '[object Object]' 
13:16:02.751 ERROR '[object Object]' 
13:16:02.774 ERROR '[object Object]' 
13:16:02.776 ERROR '[object Object]' 
13:16:02.779 ERROR '[object Object]' 
13:16:02.781 ERROR '[object Object]' 
13:16:02.785 ERROR '[object Object]' 
13:16:02.787 ERROR '[object Object]' 
13:16:02.788 ERROR '[object Object]' 
13:16:02.789 ERROR '[object Object]' 
13:16:02.790 ERROR '[object Object]' 
13:16:02.791 ERROR '[object Object]' 
13:16:02.794 ERROR '[object Object]' 
13:16:02.795 ERROR '[object Object]' 
13:16:02.796 ERROR '[object Object]' 
13:16:02.797 ERROR '[object Object]' 
13:16:02.798 ERROR '[object Object]' 
13:16:02.803 ERROR '[object Object]' 
13:16:02.815 ERROR '[object Object]' 
13:16:02.953 ERROR '[object Object]' 
13:16:02.967 ERROR '[object Object]' 
13:18:12.183 INFO  Mongodb connected! 
13:18:14.446 INFO  Logged in as Comfi#6893 
13:18:14.447 INFO  Watching 87 Slashs, 4168 Channels and 28301 Users in  73 Servers 
13:18:14.447 INFO  ------------------------------------- 
13:18:14.509 INFO  Your app is listening a http://localhost:3000 
13:18:15.189 ERROR [object Object] limit 
13:18:15.199 ERROR [object Object] limit 
13:18:15.200 ERROR [object Object] limit 
13:18:15.207 ERROR [object Object] limit 
13:18:15.208 ERROR [object Object] limit 
13:18:15.209 ERROR [object Object] limit 
13:18:15.210 ERROR [object Object] limit 
13:18:15.219 ERROR [object Object] limit 
13:18:15.220 ERROR [object Object] limit 
13:18:15.221 ERROR [object Object] limit 
13:18:15.222 ERROR [object Object] limit 
13:18:15.223 ERROR [object Object] limit 
13:18:15.224 ERROR [object Object] limit 
13:18:15.235 ERROR [object Object] limit 
13:18:15.245 ERROR [object Object] limit 
13:18:15.255 ERROR [object Object] limit 
13:18:15.258 ERROR [object Object] limit 
13:18:15.259 ERROR [object Object] limit 
13:18:15.261 ERROR [object Object] limit 
13:18:15.261 ERROR [object Object] limit 
13:18:15.262 ERROR [object Object] limit 
13:18:15.272 ERROR [object Object] limit 
13:18:15.273 ERROR [object Object] limit 
13:18:15.291 ERROR [object Object] limit 
13:18:37.488 INFO  Mongodb connected! 
13:18:39.723 INFO  Logged in as Comfi#6893 
13:18:39.723 INFO  Watching 87 Slashs, 4168 Channels and 28301 Users in  73 Servers 
13:18:39.723 INFO  ------------------------------------- 
13:18:39.800 INFO  Your app is listening a http://localhost:3000 
13:22:08.779 INFO  Mongodb connected! 
13:22:10.074 INFO  Logged in as Comfi#6893 
13:22:10.075 INFO  Watching 87 Slashs, 4170 Channels and 28388 Users in  73 Servers 
13:22:10.075 INFO  ------------------------------------- 
13:22:10.145 INFO  Your app is listening a http://localhost:3000 
13:22:10.547 ERROR [object Object] limit 
13:22:10.551 ERROR [object Object] limit 
13:22:10.552 ERROR [object Object] limit 
13:22:10.554 ERROR [object Object] limit 
13:22:10.555 ERROR [object Object] limit 
13:22:10.556 ERROR [object Object] limit 
13:22:10.558 ERROR [object Object] limit 
13:22:10.559 ERROR [object Object] limit 
13:22:10.561 ERROR [object Object] limit 
13:22:10.562 ERROR [object Object] limit 
13:22:10.563 ERROR [object Object] limit 
13:22:10.565 ERROR [object Object] limit 
13:22:10.571 ERROR [object Object] limit 
13:22:10.576 ERROR [object Object] limit 
13:22:10.581 ERROR [object Object] limit 
13:22:10.584 ERROR [object Object] limit 
13:22:10.606 ERROR [object Object] limit 
13:22:10.617 ERROR [object Object] limit 
13:22:10.726 ERROR [object Object] limit 
13:22:10.732 ERROR [object Object] limit 
13:22:10.742 ERROR [object Object] limit 
13:22:10.746 ERROR [object Object] limit 
13:22:10.749 ERROR [object Object] limit 
13:22:10.756 ERROR [object Object] limit 
13:25:34.950 ERROR [object Object] limit 
13:27:09.071 ERROR [object Object] limit 
13:27:20.159 ERROR [object Object] limit 
13:27:43.229 ERROR [object Object] limit 
13:31:40.728 INFO  Mongodb connected! 
13:31:42.205 INFO  Logged in as Comfi#6893 
13:31:42.206 INFO  Watching 87 Slashs, 4172 Channels and 28520 Users in  73 Servers 
13:31:42.206 INFO  ------------------------------------- 
13:31:42.312 INFO  Your app is listening a http://localhost:3000 
13:31:42.796 ERROR [object Object] limit 
13:31:42.798 ERROR [object Object] limit 
13:31:42.800 ERROR [object Object] limit 
13:31:42.802 ERROR [object Object] limit 
13:31:42.803 ERROR [object Object] limit 
13:31:42.805 ERROR [object Object] limit 
13:31:42.806 ERROR [object Object] limit 
13:31:42.808 ERROR [object Object] limit 
13:31:42.809 ERROR [object Object] limit 
13:31:42.810 ERROR [object Object] limit 
13:31:42.811 ERROR [object Object] limit 
13:31:42.814 ERROR [object Object] limit 
13:31:42.819 ERROR [object Object] limit 
13:31:42.820 ERROR [object Object] limit 
13:31:42.821 ERROR [object Object] limit 
13:31:42.829 ERROR [object Object] limit 
13:31:42.832 ERROR [object Object] limit 
13:31:42.992 ERROR [object Object] limit 
13:31:43.004 ERROR [object Object] limit 
13:31:43.008 ERROR [object Object] limit 
13:31:43.010 ERROR [object Object] limit 
13:31:43.015 ERROR [object Object] limit 
13:31:43.022 ERROR [object Object] limit 
13:31:43.035 ERROR [object Object] limit 
