06:16:08.185 INFO  Loaded Guild commands... 
06:16:08.468 INFO  Mongodb connected! 
06:16:09.435 INFO  {"Bot User:":"Comfi Dev#5575","Guild(s):":"4 Servers","Watching:":"19 Members","Prefix:":"/","Commands:":"89","Discord.js:":"v13.6.0","Node.js:":"v17.3.1","Plattform:":"linux x64","Memory:":"49.11 MB / 124.96 MB"} 
06:16:09.440 INFO  ------------------------------------- 
06:16:09.452 INFO  Your app is listening a http://localhost:8080 
09:13:14.839 INFO  Loaded Guild commands... 
09:13:15.127 INFO  Mongodb connected! 
09:13:16.088 INFO  {"Bot User:":"Comfi Dev#5575","Guild(s):":"4 Servers","Watching:":"19 Members","Prefix:":"/","Commands:":"89","Discord.js:":"v13.6.0","Node.js:":"v17.3.1","Plattform:":"linux x64","Memory:":"51.44 MB / 125.49 MB"} 
09:13:16.091 INFO  ------------------------------------- 
09:13:16.097 INFO  Your app is listening a http://localhost:8080 
11:04:21.539 INFO  Loaded Guild commands... 
11:04:21.746 INFO  Mongodb connected! 
11:04:23.555 INFO  {"Bot User:":"Comfi Dev#5575","Guild(s):":"4 Servers","Watching:":"19 Members","Prefix:":"/","Commands:":"89","Discord.js:":"v13.6.0","Node.js:":"v17.3.1","Plattform:":"linux x64","Memory:":"53.24 MB / 124.79 MB"} 
11:04:23.558 INFO  ------------------------------------- 
11:04:23.564 INFO  Your app is listening a http://localhost:8080 
11:05:50.010 INFO  Loaded Guild commands... 
11:05:50.435 INFO  Mongodb connected! 
11:05:51.522 INFO  {"Bot User:":"Comfi Dev#5575","Guild(s):":"4 Servers","Watching:":"19 Members","Prefix:":"/","Commands:":"89","Discord.js:":"v13.6.0","Node.js:":"v17.3.1","Plattform:":"linux x64","Memory:":"49.07 MB / 125.46 MB"} 
11:05:51.526 INFO  ------------------------------------- 
11:05:51.530 INFO  Your app is listening a http://localhost:8080 
11:15:46.320 ERROR /home/runner/Comfi-beta/commands/info/info.js:659
						false
						^^^^^

SyntaxError: Unexpected token 'false'
    at Object.compileFunction (node:vm:352:18)
    at wrapSafe (node:internal/modules/cjs/loader:1026:15)
    at Module._compile (node:internal/modules/cjs/loader:1061:27)
    at Object.Module._extensions..js (node:internal/modules/cjs/loader:1149:10)
    at Module.load (node:internal/modules/cjs/loader:975:32)
    at Function.Module._load (node:internal/modules/cjs/loader:822:12)
    at Module.require (node:internal/modules/cjs/loader:999:19)
    at require (node:internal/modules/cjs/helpers:102:18)
    at /home/runner/Comfi-beta/handler/index.js:17:16
    at Array.map (<anonymous>)
    at module.exports (/home/runner/Comfi-beta/handler/index.js:16:16) 
11:15:47.809 INFO  Mongodb connected! 
11:15:48.992 INFO  {"Bot User:":"Comfi Dev#5575","Guild(s):":"4 Servers","Watching:":"19 Members","Prefix:":"/","Commands:":"20","Discord.js:":"v13.6.0","Node.js:":"v17.3.1","Plattform:":"linux x64","Memory:":"42.85 MB / 107.25 MB"} 
11:15:48.996 INFO  ------------------------------------- 
11:15:49.012 INFO  Your app is listening a http://localhost:8080 
11:16:35.592 INFO  Loaded Guild commands... 
11:16:35.946 INFO  Mongodb connected! 
11:16:36.885 INFO  {"Bot User:":"Comfi Dev#5575","Guild(s):":"4 Servers","Watching:":"19 Members","Prefix:":"/","Commands:":"89","Discord.js:":"v13.6.0","Node.js:":"v17.3.1","Plattform:":"linux x64","Memory:":"48.75 MB / 125.06 MB"} 
11:16:36.888 INFO  ------------------------------------- 
11:16:36.894 INFO  Your app is listening a http://localhost:8080 
11:27:34.113 ERROR /home/runner/Comfi-beta/commands/info/info.js:12
const axios = require("axios")
      ^

SyntaxError: Identifier 'axios' has already been declared
    at Object.compileFunction (node:vm:352:18)
    at wrapSafe (node:internal/modules/cjs/loader:1026:15)
    at Module._compile (node:internal/modules/cjs/loader:1061:27)
    at Object.Module._extensions..js (node:internal/modules/cjs/loader:1149:10)
    at Module.load (node:internal/modules/cjs/loader:975:32)
    at Function.Module._load (node:internal/modules/cjs/loader:822:12)
    at Module.require (node:internal/modules/cjs/loader:999:19)
    at require (node:internal/modules/cjs/helpers:102:18)
    at /home/runner/Comfi-beta/handler/index.js:17:16
    at Array.map (<anonymous>)
    at module.exports (/home/runner/Comfi-beta/handler/index.js:16:16) 
11:27:34.914 INFO  Mongodb connected! 
11:27:35.758 INFO  {"Bot User:":"Comfi Dev#5575","Guild(s):":"4 Servers","Watching:":"19 Members","Prefix:":"/","Commands:":"20","Discord.js:":"v13.6.0","Node.js:":"v17.3.1","Plattform:":"linux x64","Memory:":"43.73 MB / 107.85 MB"} 
11:27:35.761 INFO  ------------------------------------- 
11:27:35.766 INFO  Your app is listening a http://localhost:8080 
11:27:53.984 ERROR /home/runner/Comfi-beta/commands/info/info.js:753
						await int.followUp({
						^^^^^

SyntaxError: await is only valid in async functions and the top level bodies of modules
    at Object.compileFunction (node:vm:352:18)
    at wrapSafe (node:internal/modules/cjs/loader:1026:15)
    at Module._compile (node:internal/modules/cjs/loader:1061:27)
    at Object.Module._extensions..js (node:internal/modules/cjs/loader:1149:10)
    at Module.load (node:internal/modules/cjs/loader:975:32)
    at Function.Module._load (node:internal/modules/cjs/loader:822:12)
    at Module.require (node:internal/modules/cjs/loader:999:19)
    at require (node:internal/modules/cjs/helpers:102:18)
    at /home/runner/Comfi-beta/handler/index.js:17:16
    at Array.map (<anonymous>)
    at module.exports (/home/runner/Comfi-beta/handler/index.js:16:16) 
11:27:55.412 INFO  Mongodb connected! 
11:27:56.884 INFO  {"Bot User:":"Comfi Dev#5575","Guild(s):":"4 Servers","Watching:":"19 Members","Prefix:":"/","Commands:":"20","Discord.js:":"v13.6.0","Node.js:":"v17.3.1","Plattform:":"linux x64","Memory:":"43.36 MB / 108.48 MB"} 
11:27:56.887 INFO  ------------------------------------- 
11:27:56.893 INFO  Your app is listening a http://localhost:8080 
11:28:42.803 INFO  Loaded Guild commands... 
11:28:43.045 INFO  Mongodb connected! 
11:28:43.905 INFO  {"Bot User:":"Comfi Dev#5575","Guild(s):":"4 Servers","Watching:":"19 Members","Prefix:":"/","Commands:":"89","Discord.js:":"v13.6.0","Node.js:":"v17.3.1","Plattform:":"linux x64","Memory:":"51.29 MB / 125.25 MB"} 
11:28:43.908 INFO  ------------------------------------- 
11:28:43.913 INFO  Your app is listening a http://localhost:8080 
11:35:29.622 INFO  Loaded Guild commands... 
11:35:29.943 INFO  Mongodb connected! 
11:35:31.186 INFO  {"Bot User:":"Comfi Dev#5575","Guild(s):":"4 Servers","Watching:":"19 Members","Prefix:":"/","Commands:":"89","Discord.js:":"v13.6.0","Node.js:":"v17.3.1","Plattform:":"linux x64","Memory:":"53.24 MB / 124.43 MB"} 
11:35:31.189 INFO  ------------------------------------- 
11:35:31.194 INFO  Your app is listening a http://localhost:8080 
11:36:45.849 INFO  Loaded Guild commands... 
11:36:46.074 INFO  Mongodb connected! 
11:36:47.051 INFO  {"Bot User:":"Comfi Dev#5575","Guild(s):":"4 Servers","Watching:":"19 Members","Prefix:":"/","Commands:":"89","Discord.js:":"v13.6.0","Node.js:":"v17.3.1","Plattform:":"linux x64","Memory:":"51.74 MB / 125.38 MB"} 
11:36:47.056 INFO  ------------------------------------- 
11:36:47.062 INFO  Your app is listening a http://localhost:8080 
11:58:28.356 INFO  Loaded Guild commands... 
11:58:28.875 INFO  Mongodb connected! 
11:58:29.767 INFO  {"Bot User:":"Comfi Dev#5575","Guild(s):":"4 Servers","Watching:":"19 Members","Prefix:":"/","Commands:":"89","Discord.js:":"v13.6.0","Node.js:":"v17.3.1","Plattform:":"linux x64","Memory:":"53.24 MB / 124.77 MB"} 
11:58:29.770 INFO  ------------------------------------- 
11:58:29.776 INFO  Your app is listening a http://localhost:8080 
12:00:40.134 INFO  Loaded Guild commands... 
12:00:40.694 INFO  Mongodb connected! 
12:00:41.544 INFO  {"Bot User:":"Comfi Dev#5575","Guild(s):":"4 Servers","Watching:":"19 Members","Prefix:":"/","Commands:":"89","Discord.js:":"v13.6.0","Node.js:":"v17.3.1","Plattform:":"linux x64","Memory:":"51.62 MB / 125.09 MB"} 
12:00:41.546 INFO  ------------------------------------- 
12:00:41.552 INFO  Your app is listening a http://localhost:8080 
12:07:19.551 INFO  Loaded Guild commands... 
12:07:19.859 INFO  Mongodb connected! 
12:07:20.830 INFO  {"Bot User:":"Comfi Dev#5575","Guild(s):":"4 Servers","Watching:":"18 Members","Prefix:":"/","Commands:":"89","Discord.js:":"v13.6.0","Node.js:":"v17.3.1","Plattform:":"linux x64","Memory:":"49.13 MB / 125.24 MB"} 
12:07:20.834 INFO  ------------------------------------- 
12:07:20.839 INFO  Your app is listening a http://localhost:8080 
12:11:40.612 INFO  Loaded Guild commands... 
12:11:40.834 INFO  Mongodb connected! 
12:11:41.671 INFO  {"Bot User:":"Comfi Dev#5575","Guild(s):":"4 Servers","Watching:":"18 Members","Prefix:":"/","Commands:":"89","Discord.js:":"v13.6.0","Node.js:":"v17.3.1","Plattform:":"linux x64","Memory:":"52.85 MB / 125.36 MB"} 
12:11:41.674 INFO  ------------------------------------- 
12:11:41.679 INFO  Your app is listening a http://localhost:8080 
12:14:32.503 INFO  Loaded Guild commands... 
12:14:32.838 INFO  Mongodb connected! 
12:14:33.719 INFO  {"Bot User:":"Comfi Dev#5575","Guild(s):":"4 Servers","Watching:":"18 Members","Prefix:":"/","Commands:":"89","Discord.js:":"v13.6.0","Node.js:":"v17.3.1","Plattform:":"linux x64","Memory:":"51.81 MB / 125.88 MB"} 
12:14:33.722 INFO  ------------------------------------- 
12:14:33.726 INFO  Your app is listening a http://localhost:8080 
12:17:12.374 INFO  Loaded Guild commands... 
12:17:12.576 INFO  Mongodb connected! 
12:17:13.529 INFO  {"Bot User:":"Comfi Dev#5575","Guild(s):":"4 Servers","Watching:":"18 Members","Prefix:":"/","Commands:":"89","Discord.js:":"v13.6.0","Node.js:":"v17.3.1","Plattform:":"linux x64","Memory:":"53.11 MB / 123.93 MB"} 
12:17:13.532 INFO  ------------------------------------- 
12:17:13.537 INFO  Your app is listening a http://localhost:8080 
12:19:11.446 INFO  Loaded Guild commands... 
12:19:11.660 INFO  Mongodb connected! 
12:19:12.656 INFO  {"Bot User:":"Comfi Dev#5575","Guild(s):":"4 Servers","Watching:":"18 Members","Prefix:":"/","Commands:":"89","Discord.js:":"v13.6.0","Node.js:":"v17.3.1","Plattform:":"linux x64","Memory:":"52.85 MB / 124.16 MB"} 
12:19:12.661 INFO  ------------------------------------- 
12:19:12.670 INFO  Your app is listening a http://localhost:8080 
12:20:33.395 INFO  Loaded Guild commands... 
12:20:33.808 INFO  Mongodb connected! 
12:20:34.701 INFO  {"Bot User:":"Comfi Dev#5575","Guild(s):":"4 Servers","Watching:":"18 Members","Prefix:":"/","Commands:":"89","Discord.js:":"v13.6.0","Node.js:":"v17.3.1","Plattform:":"linux x64","Memory:":"48.78 MB / 125.34 MB"} 
12:20:34.704 INFO  ------------------------------------- 
12:20:34.712 INFO  Your app is listening a http://localhost:8080 
12:22:06.063 INFO  Loaded Guild commands... 
12:22:06.252 INFO  Mongodb connected! 
12:22:07.181 INFO  {"Bot User:":"Comfi Dev#5575","Guild(s):":"4 Servers","Watching:":"18 Members","Prefix:":"/","Commands:":"89","Discord.js:":"v13.6.0","Node.js:":"v17.3.1","Plattform:":"linux x64","Memory:":"52.56 MB / 125.18 MB"} 
12:22:07.184 INFO  ------------------------------------- 
12:22:07.189 INFO  Your app is listening a http://localhost:8080 
12:25:45.185 INFO  Loaded Guild commands... 
12:25:45.703 INFO  Mongodb connected! 
12:25:46.932 INFO  {"Bot User:":"Comfi Dev#5575","Guild(s):":"4 Servers","Watching:":"18 Members","Prefix:":"/","Commands:":"89","Discord.js:":"v13.6.0","Node.js:":"v17.3.1","Plattform:":"linux x64","Memory:":"53.24 MB / 125.60 MB"} 
12:25:46.935 INFO  ------------------------------------- 
12:25:46.939 INFO  Your app is listening a http://localhost:8080 
12:32:19.358 INFO  Loaded Guild commands... 
12:32:19.713 INFO  Mongodb connected! 
12:32:20.672 INFO  {"Bot User:":"Comfi Dev#5575","Guild(s):":"4 Servers","Watching:":"18 Members","Prefix:":"/","Commands:":"89","Discord.js:":"v13.6.0","Node.js:":"v17.3.1","Plattform:":"linux x64","Memory:":"52.54 MB / 125.06 MB"} 
12:32:20.676 INFO  ------------------------------------- 
12:32:20.681 INFO  Your app is listening a http://localhost:8080 
12:35:55.148 INFO  Loaded Guild commands... 
12:35:55.413 INFO  Mongodb connected! 
12:35:56.319 INFO  {"Bot User:":"Comfi Dev#5575","Guild(s):":"4 Servers","Watching:":"18 Members","Prefix:":"/","Commands:":"89","Discord.js:":"v13.6.0","Node.js:":"v17.3.1","Plattform:":"linux x64","Memory:":"52.50 MB / 126.50 MB"} 
12:35:56.322 INFO  ------------------------------------- 
12:35:56.327 INFO  Your app is listening a http://localhost:8080 
12:59:49.297 INFO  Loaded Guild commands... 
12:59:49.404 INFO  Mongodb connected! 
12:59:50.318 INFO  {"Bot User:":"Comfi Dev#5575","Guild(s):":"4 Servers","Watching:":"18 Members","Prefix:":"/","Commands:":"89","Discord.js:":"v13.6.0","Node.js:":"v17.3.1","Plattform:":"linux x64","Memory:":"53.60 MB / 126.07 MB"} 
12:59:50.321 INFO  ------------------------------------- 
12:59:50.328 INFO  Your app is listening a http://localhost:8080 
13:02:38.113 INFO  Loaded Guild commands... 
13:02:38.427 INFO  Mongodb connected! 
13:02:39.955 INFO  {"Bot User:":"Comfi Dev#5575","Guild(s):":"4 Servers","Watching:":"18 Members","Prefix:":"/","Commands:":"89","Discord.js:":"v13.6.0","Node.js:":"v17.3.1","Plattform:":"linux x64","Memory:":"49.47 MB / 124.82 MB"} 
13:02:39.969 INFO  ------------------------------------- 
13:02:39.990 INFO  Your app is listening a http://localhost:8080 
14:53:46.763 INFO  Loaded Guild commands... 
14:53:47.071 INFO  Mongodb connected! 
14:53:48.962 INFO  {"Bot User:":"Comfi Dev#5575","Guild(s):":"4 Servers","Watching:":"18 Members","Prefix:":"/","Commands:":"89","Discord.js:":"v13.6.0","Node.js:":"v17.3.1","Plattform:":"linux x64","Memory:":"49.17 MB / 125.26 MB"} 
14:53:48.967 INFO  ------------------------------------- 
14:53:48.973 INFO  Your app is listening a http://localhost:8080 
