06:31:18.720 ERROR /home/runner/Comfi-beta/commands/emoji/addmany.js:50
}}
  

SyntaxError: Unexpected end of input
    at Object.compileFunction (node:vm:352:18)
    at wrapSafe (node:internal/modules/cjs/loader:1031:15)
    at Module._compile (node:internal/modules/cjs/loader:1065:27)
    at Object.Module._extensions..js (node:internal/modules/cjs/loader:1153:10)
    at Module.load (node:internal/modules/cjs/loader:981:32)
    at Function.Module._load (node:internal/modules/cjs/loader:822:12)
    at Module.require (node:internal/modules/cjs/loader:1005:19)
    at require (node:internal/modules/cjs/helpers:102:18)
    at /home/runner/Comfi-beta/handler/index.js:36:18
    at Array.map (<anonymous>)
    at module.exports (/home/runner/Comfi-beta/handler/index.js:35:17) 
06:31:19.065 INFO  Mongodb connected! 
06:31:19.095 INFO  Logged in as Comfi Dev#5575 
06:31:19.095 INFO  Watching 7 Slashs, 31 Channels and 7 Users in  1 Servers 
06:31:19.096 INFO  ------------------------------------- 
06:31:19.100 INFO  Your app is listening a http://localhost:3000 
06:33:09.683 INFO  Mongodb connected! 
06:33:09.792 INFO  Logged in as Comfi Dev#5575 
06:33:09.793 INFO  Watching 92 Slashs, 31 Channels and 7 Users in  1 Servers 
06:33:09.793 INFO  ------------------------------------- 
06:33:09.798 INFO  Your app is listening a http://localhost:3000 
06:44:30.522 INFO  Logged in as Comfi Dev#5575 
06:44:30.523 INFO  Watching 92 Slashs, 31 Channels and 7 Users in  1 Servers 
06:44:30.523 INFO  ------------------------------------- 
06:44:30.530 INFO  Your app is listening a http://localhost:3000 
06:44:30.586 INFO  Mongodb connected! 
06:53:12.416 INFO  Logged in as Comfi Dev#5575 
06:53:12.417 INFO  Watching 92 Slashs, 31 Channels and 7 Users in  1 Servers 
06:53:12.417 INFO  ------------------------------------- 
06:53:12.422 INFO  Your app is listening a http://localhost:3000 
06:53:12.433 INFO  Mongodb connected! 
06:57:11.370 INFO  Logged in as Comfi Dev#5575 
06:57:11.370 INFO  Watching 92 Slashs, 31 Channels and 7 Users in  1 Servers 
06:57:11.371 INFO  ------------------------------------- 
06:57:11.376 INFO  Your app is listening a http://localhost:3000 
06:57:40.595 ERROR MongooseServerSelectionError: Could not connect to any servers in your MongoDB Atlas cluster. One common reason is that you're trying to access the database from an IP that isn't whitelisted. Make sure your current IP address is on your Atlas cluster's IP whitelist: https://docs.atlas.mongodb.com/security-whitelist/ 
06:57:41.091 ERROR MongooseServerSelectionError: Could not connect to any servers in your MongoDB Atlas cluster. One common reason is that you're trying to access the database from an IP that isn't whitelisted. Make sure your current IP address is on your Atlas cluster's IP whitelist: https://docs.atlas.mongodb.com/security-whitelist/
    at NativeConnection.Connection.openUri (/home/runner/Comfi-beta/node_modules/quickmongo/node_modules/mongoose/lib/connection.js:845:32)
    at Mongoose.createConnection (/home/runner/Comfi-beta/node_modules/quickmongo/node_modules/mongoose/lib/index.js:285:17)
    at Database._create (/home/runner/Comfi-beta/node_modules/quickmongo/src/Base.js:66:25)
    at new Base (/home/runner/Comfi-beta/node_modules/quickmongo/src/Base.js:38:32)
    at new Database (/home/runner/Comfi-beta/node_modules/quickmongo/src/Main.js:21:9)
    at Object.<anonymous> (/home/runner/Comfi-beta/events/interaction/simplydjs.js:4:10)
    at Module._compile (node:internal/modules/cjs/loader:1101:14)
    at Object.Module._extensions..js (node:internal/modules/cjs/loader:1153:10)
    at Module.load (node:internal/modules/cjs/loader:981:32)
    at Function.Module._load (node:internal/modules/cjs/loader:822:12)
    at Module.require (node:internal/modules/cjs/loader:1005:19)
    at require (node:internal/modules/cjs/helpers:102:18)
    at /home/runner/Comfi-beta/handler/index.js:28:29
    at Array.map (<anonymous>)
    at module.exports (/home/runner/Comfi-beta/handler/index.js:28:14) 
06:57:41.092 ERROR MongooseServerSelectionError: Could not connect to any servers in your MongoDB Atlas cluster. One common reason is that you're trying to access the database from an IP that isn't whitelisted. Make sure your current IP address is on your Atlas cluster's IP whitelist: https://docs.atlas.mongodb.com/security-whitelist/
    at NativeConnection.Connection.openUri (/home/runner/Comfi-beta/node_modules/quickmongo/node_modules/mongoose/lib/connection.js:845:32)
    at Mongoose.createConnection (/home/runner/Comfi-beta/node_modules/quickmongo/node_modules/mongoose/lib/index.js:285:17)
    at Database._create (/home/runner/Comfi-beta/node_modules/quickmongo/src/Base.js:66:25)
    at new Base (/home/runner/Comfi-beta/node_modules/quickmongo/src/Base.js:38:32)
    at new Database (/home/runner/Comfi-beta/node_modules/quickmongo/src/Main.js:21:9)
    at Object.<anonymous> (/home/runner/Comfi-beta/events/interaction/simplydjs.js:4:10)
    at Module._compile (node:internal/modules/cjs/loader:1101:14)
    at Object.Module._extensions..js (node:internal/modules/cjs/loader:1153:10)
    at Module.load (node:internal/modules/cjs/loader:981:32)
    at Function.Module._load (node:internal/modules/cjs/loader:822:12)
    at Module.require (node:internal/modules/cjs/loader:1005:19)
    at require (node:internal/modules/cjs/helpers:102:18)
    at /home/runner/Comfi-beta/handler/index.js:28:29
    at Array.map (<anonymous>)
    at module.exports (/home/runner/Comfi-beta/handler/index.js:28:14) 
06:57:41.098 ERROR MongooseServerSelectionError: Could not connect to any servers in your MongoDB Atlas cluster. One common reason is that you're trying to access the database from an IP that isn't whitelisted. Make sure your current IP address is on your Atlas cluster's IP whitelist: https://docs.atlas.mongodb.com/security-whitelist/
    at NativeConnection.Connection.openUri (/home/runner/Comfi-beta/node_modules/quickmongo/node_modules/mongoose/lib/connection.js:845:32)
    at Mongoose.createConnection (/home/runner/Comfi-beta/node_modules/quickmongo/node_modules/mongoose/lib/index.js:285:17)
    at Database._create (/home/runner/Comfi-beta/node_modules/quickmongo/src/Base.js:66:25)
    at new Base (/home/runner/Comfi-beta/node_modules/quickmongo/src/Base.js:38:32)
    at new Database (/home/runner/Comfi-beta/node_modules/quickmongo/src/Main.js:21:9)
    at Object.<anonymous> (/home/runner/Comfi-beta/commands/setup/giveaway.js:4:10)
    at Module._compile (node:internal/modules/cjs/loader:1101:14)
    at Object.Module._extensions..js (node:internal/modules/cjs/loader:1153:10)
    at Module.load (node:internal/modules/cjs/loader:981:32)
    at Function.Module._load (node:internal/modules/cjs/loader:822:12)
    at Module.require (node:internal/modules/cjs/loader:1005:19)
    at require (node:internal/modules/cjs/helpers:102:18)
    at /home/runner/Comfi-beta/handler/index.js:36:18
    at Array.map (<anonymous>)
    at module.exports (/home/runner/Comfi-beta/handler/index.js:35:17) 
06:57:41.098 ERROR MongooseServerSelectionError: Could not connect to any servers in your MongoDB Atlas cluster. One common reason is that you're trying to access the database from an IP that isn't whitelisted. Make sure your current IP address is on your Atlas cluster's IP whitelist: https://docs.atlas.mongodb.com/security-whitelist/
    at NativeConnection.Connection.openUri (/home/runner/Comfi-beta/node_modules/quickmongo/node_modules/mongoose/lib/connection.js:845:32)
    at Mongoose.createConnection (/home/runner/Comfi-beta/node_modules/quickmongo/node_modules/mongoose/lib/index.js:285:17)
    at Database._create (/home/runner/Comfi-beta/node_modules/quickmongo/src/Base.js:66:25)
    at new Base (/home/runner/Comfi-beta/node_modules/quickmongo/src/Base.js:38:32)
    at new Database (/home/runner/Comfi-beta/node_modules/quickmongo/src/Main.js:21:9)
    at Object.<anonymous> (/home/runner/Comfi-beta/commands/setup/giveaway.js:4:10)
    at Module._compile (node:internal/modules/cjs/loader:1101:14)
    at Object.Module._extensions..js (node:internal/modules/cjs/loader:1153:10)
    at Module.load (node:internal/modules/cjs/loader:981:32)
    at Function.Module._load (node:internal/modules/cjs/loader:822:12)
    at Module.require (node:internal/modules/cjs/loader:1005:19)
    at require (node:internal/modules/cjs/helpers:102:18)
    at /home/runner/Comfi-beta/handler/index.js:36:18
    at Array.map (<anonymous>)
    at module.exports (/home/runner/Comfi-beta/handler/index.js:35:17) 
06:57:41.215 ERROR MongooseError: Operation `guilds.findOne()` buffering timed out after 10000ms
    at Timeout.<anonymous> (/home/runner/Comfi-beta/node_modules/mongoose/lib/drivers/node-mongodb-native/collection.js:149:23)
    at listOnTimeout (node:internal/timers:557:17)
    at processTimers (node:internal/timers:500:7) 
06:57:58.371 ERROR MongooseError: Operation `guilds.findOne()` buffering timed out after 10000ms
    at Timeout.<anonymous> (/home/runner/Comfi-beta/node_modules/mongoose/lib/drivers/node-mongodb-native/collection.js:149:23)
    at listOnTimeout (node:internal/timers:557:17)
    at processTimers (node:internal/timers:500:7) 
06:59:23.251 INFO  Logged in as Comfi Dev#5575 
06:59:23.252 INFO  Watching 92 Slashs, 31 Channels and 7 Users in  1 Servers 
06:59:23.252 INFO  ------------------------------------- 
06:59:23.257 INFO  Your app is listening a http://localhost:3000 
06:59:52.293 ERROR MongooseServerSelectionError: Could not connect to any servers in your MongoDB Atlas cluster. One common reason is that you're trying to access the database from an IP that isn't whitelisted. Make sure your current IP address is on your Atlas cluster's IP whitelist: https://docs.atlas.mongodb.com/security-whitelist/ 
06:59:52.906 ERROR MongooseServerSelectionError: Could not connect to any servers in your MongoDB Atlas cluster. One common reason is that you're trying to access the database from an IP that isn't whitelisted. Make sure your current IP address is on your Atlas cluster's IP whitelist: https://docs.atlas.mongodb.com/security-whitelist/
    at NativeConnection.Connection.openUri (/home/runner/Comfi-beta/node_modules/quickmongo/node_modules/mongoose/lib/connection.js:845:32)
    at Mongoose.createConnection (/home/runner/Comfi-beta/node_modules/quickmongo/node_modules/mongoose/lib/index.js:285:17)
    at Database._create (/home/runner/Comfi-beta/node_modules/quickmongo/src/Base.js:66:25)
    at new Base (/home/runner/Comfi-beta/node_modules/quickmongo/src/Base.js:38:32)
    at new Database (/home/runner/Comfi-beta/node_modules/quickmongo/src/Main.js:21:9)
    at Object.<anonymous> (/home/runner/Comfi-beta/events/interaction/simplydjs.js:4:10)
    at Module._compile (node:internal/modules/cjs/loader:1101:14)
    at Object.Module._extensions..js (node:internal/modules/cjs/loader:1153:10)
    at Module.load (node:internal/modules/cjs/loader:981:32)
    at Function.Module._load (node:internal/modules/cjs/loader:822:12)
    at Module.require (node:internal/modules/cjs/loader:1005:19)
    at require (node:internal/modules/cjs/helpers:102:18)
    at /home/runner/Comfi-beta/handler/index.js:28:29
    at Array.map (<anonymous>)
    at module.exports (/home/runner/Comfi-beta/handler/index.js:28:14) 
06:59:52.907 ERROR MongooseServerSelectionError: Could not connect to any servers in your MongoDB Atlas cluster. One common reason is that you're trying to access the database from an IP that isn't whitelisted. Make sure your current IP address is on your Atlas cluster's IP whitelist: https://docs.atlas.mongodb.com/security-whitelist/
    at NativeConnection.Connection.openUri (/home/runner/Comfi-beta/node_modules/quickmongo/node_modules/mongoose/lib/connection.js:845:32)
    at Mongoose.createConnection (/home/runner/Comfi-beta/node_modules/quickmongo/node_modules/mongoose/lib/index.js:285:17)
    at Database._create (/home/runner/Comfi-beta/node_modules/quickmongo/src/Base.js:66:25)
    at new Base (/home/runner/Comfi-beta/node_modules/quickmongo/src/Base.js:38:32)
    at new Database (/home/runner/Comfi-beta/node_modules/quickmongo/src/Main.js:21:9)
    at Object.<anonymous> (/home/runner/Comfi-beta/events/interaction/simplydjs.js:4:10)
    at Module._compile (node:internal/modules/cjs/loader:1101:14)
    at Object.Module._extensions..js (node:internal/modules/cjs/loader:1153:10)
    at Module.load (node:internal/modules/cjs/loader:981:32)
    at Function.Module._load (node:internal/modules/cjs/loader:822:12)
    at Module.require (node:internal/modules/cjs/loader:1005:19)
    at require (node:internal/modules/cjs/helpers:102:18)
    at /home/runner/Comfi-beta/handler/index.js:28:29
    at Array.map (<anonymous>)
    at module.exports (/home/runner/Comfi-beta/handler/index.js:28:14) 
06:59:52.911 ERROR MongooseServerSelectionError: Could not connect to any servers in your MongoDB Atlas cluster. One common reason is that you're trying to access the database from an IP that isn't whitelisted. Make sure your current IP address is on your Atlas cluster's IP whitelist: https://docs.atlas.mongodb.com/security-whitelist/
    at NativeConnection.Connection.openUri (/home/runner/Comfi-beta/node_modules/quickmongo/node_modules/mongoose/lib/connection.js:845:32)
    at Mongoose.createConnection (/home/runner/Comfi-beta/node_modules/quickmongo/node_modules/mongoose/lib/index.js:285:17)
    at Database._create (/home/runner/Comfi-beta/node_modules/quickmongo/src/Base.js:66:25)
    at new Base (/home/runner/Comfi-beta/node_modules/quickmongo/src/Base.js:38:32)
    at new Database (/home/runner/Comfi-beta/node_modules/quickmongo/src/Main.js:21:9)
    at Object.<anonymous> (/home/runner/Comfi-beta/commands/setup/giveaway.js:4:10)
    at Module._compile (node:internal/modules/cjs/loader:1101:14)
    at Object.Module._extensions..js (node:internal/modules/cjs/loader:1153:10)
    at Module.load (node:internal/modules/cjs/loader:981:32)
    at Function.Module._load (node:internal/modules/cjs/loader:822:12)
    at Module.require (node:internal/modules/cjs/loader:1005:19)
    at require (node:internal/modules/cjs/helpers:102:18)
    at /home/runner/Comfi-beta/handler/index.js:36:18
    at Array.map (<anonymous>)
    at module.exports (/home/runner/Comfi-beta/handler/index.js:35:17) 
06:59:52.912 ERROR MongooseServerSelectionError: Could not connect to any servers in your MongoDB Atlas cluster. One common reason is that you're trying to access the database from an IP that isn't whitelisted. Make sure your current IP address is on your Atlas cluster's IP whitelist: https://docs.atlas.mongodb.com/security-whitelist/
    at NativeConnection.Connection.openUri (/home/runner/Comfi-beta/node_modules/quickmongo/node_modules/mongoose/lib/connection.js:845:32)
    at Mongoose.createConnection (/home/runner/Comfi-beta/node_modules/quickmongo/node_modules/mongoose/lib/index.js:285:17)
    at Database._create (/home/runner/Comfi-beta/node_modules/quickmongo/src/Base.js:66:25)
    at new Base (/home/runner/Comfi-beta/node_modules/quickmongo/src/Base.js:38:32)
    at new Database (/home/runner/Comfi-beta/node_modules/quickmongo/src/Main.js:21:9)
    at Object.<anonymous> (/home/runner/Comfi-beta/commands/setup/giveaway.js:4:10)
    at Module._compile (node:internal/modules/cjs/loader:1101:14)
    at Object.Module._extensions..js (node:internal/modules/cjs/loader:1153:10)
    at Module.load (node:internal/modules/cjs/loader:981:32)
    at Function.Module._load (node:internal/modules/cjs/loader:822:12)
    at Module.require (node:internal/modules/cjs/loader:1005:19)
    at require (node:internal/modules/cjs/helpers:102:18)
    at /home/runner/Comfi-beta/handler/index.js:36:18
    at Array.map (<anonymous>)
    at module.exports (/home/runner/Comfi-beta/handler/index.js:35:17) 
07:05:36.798 INFO  Logged in as Comfi Dev#5575 
07:05:36.798 INFO  Watching 92 Slashs, 31 Channels and 7 Users in  1 Servers 
07:05:36.798 INFO  ------------------------------------- 
07:05:36.804 INFO  Your app is listening a http://localhost:3000 
07:05:36.915 INFO  Mongodb connected! 
07:13:37.146 INFO  Logged in as Comfi Dev#5575 
07:13:37.147 INFO  Watching 92 Slashs, 31 Channels and 7 Users in  1 Servers 
07:13:37.147 INFO  ------------------------------------- 
07:13:37.152 INFO  Your app is listening a http://localhost:3000 
07:13:37.297 INFO  Mongodb connected! 
07:15:43.416 INFO  Logged in as Comfi Dev#5575 
07:15:43.417 INFO  Watching 92 Slashs, 31 Channels and 7 Users in  1 Servers 
07:15:43.417 INFO  ------------------------------------- 
07:15:43.422 INFO  Your app is listening a http://localhost:3000 
07:15:43.620 INFO  Mongodb connected! 
07:15:58.608 ERROR ReferenceError: guild_welcome_image is not defined
    at Object.run (/home/runner/Comfi-beta/commands/setup/settings.js:286:11)
    at processTicksAndRejections (node:internal/process/task_queues:96:5) 
07:20:51.092 INFO  Logged in as Comfi Dev#5575 
07:20:51.093 INFO  Watching 92 Slashs, 31 Channels and 7 Users in  1 Servers 
07:20:51.093 INFO  ------------------------------------- 
07:20:51.098 INFO  Your app is listening a http://localhost:3000 
07:20:51.255 INFO  Mongodb connected! 
07:21:11.614 ERROR ReferenceError: Preview_Below is not defined
    at Object.run (/home/runner/Comfi-beta/commands/setup/settings.js:287:47)
    at processTicksAndRejections (node:internal/process/task_queues:96:5) 
07:21:43.023 INFO  Logged in as Comfi Dev#5575 
07:21:43.024 INFO  Watching 92 Slashs, 31 Channels and 7 Users in  1 Servers 
07:21:43.024 INFO  ------------------------------------- 
07:21:43.030 INFO  Your app is listening a http://localhost:3000 
07:21:43.132 INFO  Mongodb connected! 
07:22:55.886 ERROR ReferenceError: guild_welcome_image is not defined
    at Comfi.<anonymous> (/home/runner/Comfi-beta/events/guild/guildMemberAdd.js:57:44)
    at processTicksAndRejections (node:internal/process/task_queues:96:5) 
07:24:44.811 INFO  Logged in as Comfi Dev#5575 
07:24:44.811 INFO  Watching 92 Slashs, 31 Channels and 7 Users in  1 Servers 
07:24:44.811 INFO  ------------------------------------- 
07:24:44.817 INFO  Your app is listening a http://localhost:3000 
07:24:44.927 INFO  Mongodb connected! 
08:02:25.755 INFO  Mongodb connected! 
08:02:26.007 INFO  Logged in as Comfi Dev#5575 
08:02:26.007 INFO  Watching 92 Slashs, 31 Channels and 7 Users in  1 Servers 
08:02:26.007 INFO  ------------------------------------- 
08:02:26.013 INFO  Your app is listening a http://localhost:3000 
08:19:25.613 INFO  Logged in as Comfi Dev#5575 
08:19:25.613 INFO  Watching 92 Slashs, 31 Channels and 7 Users in  1 Servers 
08:19:25.614 INFO  ------------------------------------- 
08:19:25.621 INFO  Your app is listening a http://localhost:3000 
08:19:25.671 INFO  Mongodb connected! 
08:23:16.565 INFO  Logged in as Comfi Dev#5575 
08:23:16.565 INFO  Watching 92 Slashs, 31 Channels and 7 Users in  1 Servers 
08:23:16.566 INFO  ------------------------------------- 
08:23:16.571 INFO  Your app is listening a http://localhost:3000 
08:23:16.721 INFO  Mongodb connected! 
08:24:12.231 INFO  Logged in as Comfi Dev#5575 
08:24:12.231 INFO  Watching 92 Slashs, 31 Channels and 7 Users in  1 Servers 
08:24:12.232 INFO  ------------------------------------- 
08:24:12.238 INFO  Your app is listening a http://localhost:3000 
08:24:12.297 INFO  Mongodb connected! 
08:27:23.459 ERROR DiscordAPIError: Invalid Form Body
embeds[0].image.url: Scheme "first(amount) {
        if (typeof amount === 'undefined')
            return this.values().next().value;
        if (amount < 0)
            return this.last(amount * -1);
        amount = math.min(this.size, amount);
        const iter = this.values();
        return array.from({ length: amount }, () => iter.next().value);
    }" is not supported. Scheme must be one of ('http', 'https').
    at RequestHandler.execute (/home/runner/Comfi-beta/node_modules/discord.js/src/rest/RequestHandler.js:298:13)
    at runMicrotasks (<anonymous>)
    at processTicksAndRejections (node:internal/process/task_queues:96:5)
    at async RequestHandler.push (/home/runner/Comfi-beta/node_modules/discord.js/src/rest/RequestHandler.js:50:14)
    at async MessageManager.edit (/home/runner/Comfi-beta/node_modules/discord.js/src/managers/MessageManager.js:131:15) 
08:29:42.779 INFO  Logged in as Comfi Dev#5575 
08:29:42.780 INFO  Watching 92 Slashs, 31 Channels and 6 Users in  1 Servers 
08:29:42.780 INFO  ------------------------------------- 
08:29:42.786 INFO  Your app is listening a http://localhost:3000 
08:29:42.828 INFO  Mongodb connected! 
09:00:50.424 INFO  Logged in as Comfi Dev#5575 
09:00:50.424 INFO  Watching 93 Slashs, 31 Channels and 6 Users in  1 Servers 
09:00:50.425 INFO  ------------------------------------- 
09:00:50.430 INFO  Your app is listening a http://localhost:3000 
09:00:50.521 INFO  Mongodb connected! 
09:00:50.529 ERROR DiscordAPIError: Invalid Form Body
73.options[0].required: Required cannot be configured for this type of option
73.options[1].required: Required cannot be configured for this type of option
73.options[2].required: Required cannot be configured for this type of option
    at RequestHandler.execute (/home/runner/Comfi-beta/node_modules/discord.js/src/rest/RequestHandler.js:298:13)
    at processTicksAndRejections (node:internal/process/task_queues:96:5)
    at async RequestHandler.push (/home/runner/Comfi-beta/node_modules/discord.js/src/rest/RequestHandler.js:50:14)
    at async GuildApplicationCommandManager.set (/home/runner/Comfi-beta/node_modules/discord.js/src/managers/ApplicationCommandManager.js:146:18) 
09:04:51.597 INFO  Logged in as Comfi Dev#5575 
09:04:51.597 INFO  Watching 93 Slashs, 31 Channels and 6 Users in  1 Servers 
09:04:51.598 INFO  ------------------------------------- 
09:04:51.602 INFO  Your app is listening a http://localhost:3000 
09:04:51.622 INFO  Mongodb connected! 
09:04:51.804 ERROR DiscordAPIError: Invalid Form Body
options[2]: Option name boost is already used in these options
    at RequestHandler.execute (/home/runner/Comfi-beta/node_modules/discord.js/src/rest/RequestHandler.js:298:13)
    at processTicksAndRejections (node:internal/process/task_queues:96:5)
    at async RequestHandler.push (/home/runner/Comfi-beta/node_modules/discord.js/src/rest/RequestHandler.js:50:14)
    at async GuildApplicationCommandManager.set (/home/runner/Comfi-beta/node_modules/discord.js/src/managers/ApplicationCommandManager.js:146:18) 
09:05:23.008 INFO  Logged in as Comfi Dev#5575 
09:05:23.008 INFO  Watching 93 Slashs, 31 Channels and 6 Users in  1 Servers 
09:05:23.009 INFO  ------------------------------------- 
09:05:23.013 INFO  Your app is listening a http://localhost:3000 
09:05:23.052 INFO  Mongodb connected! 
09:09:35.666 INFO  Logged in as Comfi Dev#5575 
09:09:35.667 INFO  Watching 93 Slashs, 31 Channels and 6 Users in  1 Servers 
09:09:35.667 INFO  ------------------------------------- 
09:09:35.673 INFO  Your app is listening a http://localhost:3000 
09:09:35.689 INFO  Mongodb connected! 
09:11:44.663 INFO  Logged in as Comfi Dev#5575 
09:11:44.664 INFO  Watching 93 Slashs, 31 Channels and 6 Users in  1 Servers 
09:11:44.664 INFO  ------------------------------------- 
09:11:44.670 INFO  Your app is listening a http://localhost:3000 
09:11:44.723 INFO  Mongodb connected! 
09:15:16.604 ERROR DiscordAPIError: Invalid Form Body
embeds[0].image.url: Scheme "first(amount) {
        if (typeof amount === 'undefined')
            return this.values().next().value;
        if (amount < 0)
            return this.last(amount * -1);
        amount = math.min(this.size, amount);
        const iter = this.values();
        return array.from({ length: amount }, () => iter.next().value);
    }" is not supported. Scheme must be one of ('http', 'https').
    at RequestHandler.execute (/home/runner/Comfi-beta/node_modules/discord.js/src/rest/RequestHandler.js:298:13)
    at runMicrotasks (<anonymous>)
    at processTicksAndRejections (node:internal/process/task_queues:96:5)
    at async RequestHandler.push (/home/runner/Comfi-beta/node_modules/discord.js/src/rest/RequestHandler.js:50:14)
    at async MessageManager.edit (/home/runner/Comfi-beta/node_modules/discord.js/src/managers/MessageManager.js:131:15) 
09:16:41.601 INFO  Mongodb connected! 
09:16:41.633 INFO  Logged in as Comfi Dev#5575 
09:16:41.634 INFO  Watching 93 Slashs, 31 Channels and 6 Users in  1 Servers 
09:16:41.634 INFO  ------------------------------------- 
09:16:41.639 INFO  Your app is listening a http://localhost:3000 
09:54:47.679 INFO  Logged in as Comfi Dev#5575 
09:54:47.680 INFO  Watching 92 Slashs, 31 Channels and 6 Users in  1 Servers 
09:54:47.680 INFO  ------------------------------------- 
09:54:47.686 INFO  Your app is listening a http://localhost:3000 
09:54:47.697 INFO  Mongodb connected! 
09:57:43.208 INFO  Logged in as Comfi Dev#5575 
09:57:43.209 INFO  Watching 92 Slashs, 31 Channels and 6 Users in  1 Servers 
09:57:43.209 INFO  ------------------------------------- 
09:57:43.216 INFO  Your app is listening a http://localhost:3000 
09:57:43.265 INFO  Mongodb connected! 
09:59:38.791 INFO  Logged in as Comfi Dev#5575 
09:59:38.792 INFO  Watching 92 Slashs, 31 Channels and 6 Users in  1 Servers 
09:59:38.793 INFO  ------------------------------------- 
09:59:38.800 INFO  Your app is listening a http://localhost:3000 
09:59:38.852 INFO  Mongodb connected! 
10:01:26.883 INFO  Logged in as Comfi Dev#5575 
10:01:26.884 INFO  Watching 92 Slashs, 31 Channels and 6 Users in  1 Servers 
10:01:26.884 INFO  ------------------------------------- 
10:01:26.890 INFO  Your app is listening a http://localhost:3000 
10:01:26.907 INFO  Mongodb connected! 
10:18:33.136 INFO  Logged in as Comfi Dev#5575 
10:18:33.137 INFO  Watching 92 Slashs, 31 Channels and 6 Users in  1 Servers 
10:18:33.137 INFO  ------------------------------------- 
10:18:33.144 INFO  Your app is listening a http://localhost:3000 
10:18:33.273 INFO  Mongodb connected! 
10:28:40.910 INFO  Logged in as Comfi Dev#5575 
10:28:40.911 INFO  Watching 92 Slashs, 31 Channels and 6 Users in  1 Servers 
10:28:40.911 INFO  ------------------------------------- 
10:28:40.918 INFO  Your app is listening a http://localhost:3000 
10:28:40.928 INFO  Mongodb connected! 
