05:45:07.765 INFO  Mongodb connected! 
05:45:07.899 INFO  [DB]: Database Connected 
05:45:08.425 INFO  Logged in as Comfi#6893 
05:45:08.426 INFO  Watching 81 Slashs, 435 Channels and 23831 Users in  8 Servers 
05:45:08.426 INFO  ------------------------------------- 
05:45:08.437 INFO  Your app is listening a http://localhost:3000 
14:38:27.022 INFO  Mongodb connected! 
14:38:27.120 INFO  [DB]: Database Connected 
14:38:28.102 INFO  Logged in as Comfi#6893 
14:38:28.103 INFO  Watching 81 Slashs, 435 Channels and 27014 Users in  8 Servers 
14:38:28.103 INFO  ------------------------------------- 
14:38:28.115 INFO  Your app is listening a http://localhost:3000 
14:39:48.162 INFO  Mongodb connected! 
14:39:48.165 INFO  [DB]: Database Connected 
14:39:48.913 INFO  Logged in as Comfi#6893 
14:39:48.913 INFO  Watching 81 Slashs, 435 Channels and 27070 Users in  8 Servers 
14:39:48.913 INFO  ------------------------------------- 
14:39:48.921 INFO  Your app is listening a http://localhost:3000 
14:51:27.574 INFO  [DB]: Database Connected 
14:51:27.585 INFO  Mongodb connected! 
14:51:28.501 INFO  Logged in as Comfi#6893 
14:51:28.501 INFO  Watching 81 Slashs, 435 Channels and 27087 Users in  8 Servers 
14:51:28.502 INFO  ------------------------------------- 
14:51:28.511 INFO  Your app is listening a http://localhost:3000 
15:42:49.532 INFO  Mongodb connected! 
15:42:49.801 INFO  Logged in as Comfi Dev#5575 
15:42:49.802 INFO  Watching 81 Slashs, 147 Channels and 4822 Users in  3 Servers 
15:42:49.802 INFO  ------------------------------------- 
15:42:49.817 INFO  Your app is listening a http://localhost:3000 
15:42:49.843 INFO  [DB]: Database Connected 
16:20:51.346 INFO  Mongodb connected! 
16:20:51.674 INFO  Logged in as Comfi Dev#5575 
16:20:51.675 INFO  Watching 81 Slashs, 147 Channels and 4819 Users in  3 Servers 
16:20:51.675 INFO  ------------------------------------- 
16:20:51.721 INFO  Your app is listening a http://localhost:3000 
16:20:51.812 INFO  [DB]: Database Connected 
16:22:49.776 INFO  Mongodb connected! 
16:22:50.275 INFO  Logged in as Comfi Dev#5575 
16:22:50.280 INFO  Watching 81 Slashs, 147 Channels and 4822 Users in  3 Servers 
16:22:50.280 INFO  ------------------------------------- 
16:22:50.308 INFO  Your app is listening a http://localhost:3000 
16:22:50.402 INFO  [DB]: Database Connected 
