06:35:09.923 INFO  Mongodb connected! 
06:35:09.938 INFO  Logged in as Comfi Dev#5575 
06:35:09.939 INFO  Watching 92 Slashs, 31 Channels and 6 Users in  1 Servers 
06:35:09.939 INFO  ------------------------------------- 
06:35:09.945 INFO  Your app is listening a http://localhost:3000 
06:35:36.225 ERROR TypeError: emote.forEach is not a function
    at Object.run (/home/runner/Comfi-beta/commands/emoji/enlarge.js:29:7)
    at commandExecute (/home/runner/Comfi-beta/events/interaction/interactionCreate.js:58:17)
    at Comfi.<anonymous> (/home/runner/Comfi-beta/events/interaction/interactionCreate.js:118:5)
    at processTicksAndRejections (node:internal/process/task_queues:96:5) 
06:36:48.584 INFO  Logged in as Comfi Dev#5575 
06:36:48.585 INFO  Watching 92 Slashs, 31 Channels and 6 Users in  1 Servers 
06:36:48.585 INFO  ------------------------------------- 
06:36:48.591 INFO  Your app is listening a http://localhost:3000 
06:36:48.675 INFO  Mongodb connected! 
06:38:12.198 ERROR TypeError: Cannot read properties of null (reading 'forEach')
    at Object.run (/home/runner/Comfi-beta/commands/emoji/enlarge.js:29:8)
    at commandExecute (/home/runner/Comfi-beta/events/interaction/interactionCreate.js:58:17)
    at Comfi.<anonymous> (/home/runner/Comfi-beta/events/interaction/interactionCreate.js:118:5)
    at processTicksAndRejections (node:internal/process/task_queues:96:5) 
06:44:03.575 INFO  Mongodb connected! 
06:44:03.596 INFO  Logged in as Comfi Dev#5575 
06:44:03.596 INFO  Watching 92 Slashs, 31 Channels and 6 Users in  1 Servers 
06:44:03.597 INFO  ------------------------------------- 
06:44:03.603 INFO  Your app is listening a http://localhost:3000 
06:44:19.766 ERROR TypeError: Cannot read properties of null (reading 'includes')
    at Function.parseEmoji (/home/runner/Comfi-beta/node_modules/discord.js/src/util/Util.js:295:14)
    at Object.run (/home/runner/Comfi-beta/commands/emoji/enlarge.js:27:18)
    at commandExecute (/home/runner/Comfi-beta/events/interaction/interactionCreate.js:58:17)
    at Comfi.<anonymous> (/home/runner/Comfi-beta/events/interaction/interactionCreate.js:118:5)
    at processTicksAndRejections (node:internal/process/task_queues:96:5) 
06:50:42.148 INFO  Logged in as Comfi Dev#5575 
06:50:42.149 INFO  Watching 92 Slashs, 31 Channels and 6 Users in  1 Servers 
06:50:42.149 INFO  ------------------------------------- 
06:50:42.154 INFO  Your app is listening a http://localhost:3000 
06:50:42.163 INFO  Mongodb connected! 
06:52:38.878 INFO  Logged in as Comfi Dev#5575 
06:52:38.878 INFO  Watching 92 Slashs, 31 Channels and 6 Users in  1 Servers 
06:52:38.878 INFO  ------------------------------------- 
06:52:38.884 INFO  Your app is listening a http://localhost:3000 
06:52:38.900 INFO  Mongodb connected! 
06:53:10.277 ERROR ReferenceError: emoji is not defined
    at Object.run (/home/runner/Comfi-beta/commands/emoji/enlarge.js:29:29)
    at commandExecute (/home/runner/Comfi-beta/events/interaction/interactionCreate.js:58:17)
    at Comfi.<anonymous> (/home/runner/Comfi-beta/events/interaction/interactionCreate.js:118:5)
    at processTicksAndRejections (node:internal/process/task_queues:96:5) 
06:53:36.360 INFO  Mongodb connected! 
06:53:36.527 INFO  Logged in as Comfi Dev#5575 
06:53:36.527 INFO  Watching 92 Slashs, 31 Channels and 6 Users in  1 Servers 
06:53:36.527 INFO  ------------------------------------- 
06:53:36.532 INFO  Your app is listening a http://localhost:3000 
06:55:55.845 INFO  Mongodb connected! 
06:55:56.010 INFO  Logged in as Comfi Dev#5575 
06:55:56.011 INFO  Watching 92 Slashs, 31 Channels and 6 Users in  1 Servers 
06:55:56.011 INFO  ------------------------------------- 
06:55:56.017 INFO  Your app is listening a http://localhost:3000 
06:57:22.040 INFO  Logged in as Comfi Dev#5575 
06:57:22.040 INFO  Watching 92 Slashs, 31 Channels and 6 Users in  1 Servers 
06:57:22.041 INFO  ------------------------------------- 
06:57:22.046 INFO  Your app is listening a http://localhost:3000 
06:57:22.087 INFO  Mongodb connected! 
06:58:56.623 ERROR ReferenceError: emo is not defined
    at Object.run (/home/runner/Comfi-beta/commands/emoji/enlarge.js:33:54)
    at commandExecute (/home/runner/Comfi-beta/events/interaction/interactionCreate.js:58:17)
    at Comfi.<anonymous> (/home/runner/Comfi-beta/events/interaction/interactionCreate.js:118:5)
    at processTicksAndRejections (node:internal/process/task_queues:96:5) 
06:59:38.144 INFO  Logged in as Comfi Dev#5575 
06:59:38.144 INFO  Watching 92 Slashs, 31 Channels and 6 Users in  1 Servers 
06:59:38.145 INFO  ------------------------------------- 
06:59:38.151 INFO  Your app is listening a http://localhost:3000 
06:59:38.199 INFO  Mongodb connected! 
07:03:57.546 INFO  Logged in as Comfi Dev#5575 
07:03:57.547 INFO  Watching 92 Slashs, 31 Channels and 6 Users in  1 Servers 
07:03:57.547 INFO  ------------------------------------- 
07:03:57.553 INFO  Your app is listening a http://localhost:3000 
07:03:57.567 INFO  Mongodb connected! 
07:15:05.072 INFO  Mongodb connected! 
07:15:05.090 INFO  Logged in as Comfi Dev#5575 
07:15:05.091 INFO  Watching 92 Slashs, 31 Channels and 6 Users in  1 Servers 
07:15:05.091 INFO  ------------------------------------- 
07:15:05.096 INFO  Your app is listening a http://localhost:3000 
07:21:43.876 INFO  Logged in as Comfi Dev#5575 
07:21:43.876 INFO  Watching 92 Slashs, 31 Channels and 6 Users in  1 Servers 
07:21:43.877 INFO  ------------------------------------- 
07:21:43.882 INFO  Your app is listening a http://localhost:3000 
07:21:43.894 INFO  Mongodb connected! 
07:29:22.583 INFO  Logged in as Comfi Dev#5575 
07:29:22.584 INFO  Watching 92 Slashs, 31 Channels and 6 Users in  1 Servers 
07:29:22.585 INFO  ------------------------------------- 
07:29:22.594 INFO  Your app is listening a http://localhost:3000 
07:29:22.649 INFO  Mongodb connected! 
07:57:39.868 INFO  Mongodb connected! 
07:57:39.897 INFO  Logged in as Comfi Dev#5575 
07:57:39.897 INFO  Watching 92 Slashs, 31 Channels and 6 Users in  1 Servers 
07:57:39.898 INFO  ------------------------------------- 
07:57:39.907 INFO  Your app is listening a http://localhost:3000 
08:00:25.062 ERROR ReferenceError: simplydjs is not defined
    at Object.run (/home/runner/Comfi-beta/commands/owner/serverlist.js:41:1)
    at commandExecute (/home/runner/Comfi-beta/events/interaction/interactionCreate.js:58:17)
    at Comfi.<anonymous> (/home/runner/Comfi-beta/events/interaction/interactionCreate.js:118:5)
    at processTicksAndRejections (node:internal/process/task_queues:96:5) 
08:11:37.471 INFO  Logged in as Comfi Dev#5575 
08:11:37.472 INFO  Watching 92 Slashs, 63 Channels and 10 Users in  3 Servers 
08:11:37.472 INFO  ------------------------------------- 
08:11:37.479 INFO  Your app is listening a http://localhost:3000 
08:11:37.494 INFO  Mongodb connected! 
08:19:34.359 INFO  Logged in as Comfi Dev#5575 
08:19:34.359 INFO  Watching 92 Slashs, 63 Channels and 10 Users in  3 Servers 
08:19:34.360 INFO  ------------------------------------- 
08:19:34.365 INFO  Your app is listening a http://localhost:3000 
08:19:34.410 INFO  Mongodb connected! 
08:24:56.407 INFO  Mongodb connected! 
08:24:56.436 INFO  Logged in as Comfi Dev#5575 
08:24:56.437 INFO  Watching 92 Slashs, 63 Channels and 10 Users in  3 Servers 
08:24:56.437 INFO  ------------------------------------- 
08:24:56.443 INFO  Your app is listening a http://localhost:3000 
08:33:55.796 INFO  Logged in as Comfi Dev#5575 
08:33:55.797 INFO  Watching 92 Slashs, 63 Channels and 10 Users in  3 Servers 
08:33:55.797 INFO  ------------------------------------- 
08:33:55.804 INFO  Your app is listening a http://localhost:3000 
08:33:55.877 INFO  Mongodb connected! 
