02:04:48.029 INFO  Logged in as Comfi Dev#5575 
02:04:48.031 INFO  Watching 88 Slashs, 45 Channels and 10 Users in  2 Servers 
02:04:48.031 INFO  ------------------------------------- 
02:04:48.043 INFO  Your app is listening a http://localhost:3000 
02:04:48.471 INFO  Mongodb connected! 
02:15:39.881 INFO  Logged in as Comfi Dev#5575 
02:15:39.883 INFO  Watching 88 Slashs, 45 Channels and 10 Users in  2 Servers 
02:15:39.883 INFO  ------------------------------------- 
02:15:39.930 INFO  Your app is listening a http://localhost:3000 
02:15:40.286 INFO  Mongodb connected! 
02:17:42.654 INFO  Logged in as Comfi Dev#5575 
02:17:42.656 INFO  Watching 88 Slashs, 45 Channels and 10 Users in  2 Servers 
02:17:42.656 INFO  ------------------------------------- 
02:17:42.705 INFO  Your app is listening a http://localhost:3000 
02:17:43.107 INFO  Mongodb connected! 
02:23:28.118 INFO  Logged in as Comfi Dev#5575 
02:23:28.120 INFO  Watching 88 Slashs, 45 Channels and 10 Users in  2 Servers 
02:23:28.120 INFO  ------------------------------------- 
02:23:28.139 INFO  Your app is listening a http://localhost:3000 
02:23:28.531 INFO  Mongodb connected! 
02:35:02.598 INFO  Logged in as Comfi Dev#5575 
02:35:02.600 INFO  Watching 88 Slashs, 45 Channels and 10 Users in  2 Servers 
02:35:02.601 INFO  ------------------------------------- 
02:35:02.610 INFO  Your app is listening a http://localhost:3000 
02:35:02.900 INFO  Mongodb connected! 
02:39:53.528 INFO  Logged in as Comfi Dev#5575 
02:39:53.529 INFO  Watching 88 Slashs, 45 Channels and 10 Users in  2 Servers 
02:39:53.530 INFO  ------------------------------------- 
02:39:53.539 INFO  Your app is listening a http://localhost:3000 
02:42:28.843 INFO  Logged in as Comfi Dev#5575 
02:42:28.844 INFO  Watching 88 Slashs, 45 Channels and 10 Users in  2 Servers 
02:42:28.845 INFO  ------------------------------------- 
02:42:28.852 INFO  Your app is listening a http://localhost:3000 
02:42:29.175 INFO  Mongodb connected! 
02:43:32.327 INFO  Logged in as Comfi Dev#5575 
02:43:32.329 INFO  Watching 88 Slashs, 45 Channels and 10 Users in  2 Servers 
02:43:32.329 INFO  ------------------------------------- 
02:43:32.341 INFO  Your app is listening a http://localhost:3000 
02:43:32.732 INFO  Mongodb connected! 
02:46:32.857 INFO  Logged in as Comfi Dev#5575 
02:46:32.859 INFO  Watching 88 Slashs, 45 Channels and 10 Users in  2 Servers 
02:46:32.859 INFO  ------------------------------------- 
02:46:32.869 INFO  Your app is listening a http://localhost:3000 
02:46:33.276 INFO  Mongodb connected! 
02:52:50.757 INFO  Logged in as Comfi Dev#5575 
02:52:50.758 INFO  Watching 88 Slashs, 45 Channels and 10 Users in  2 Servers 
02:52:50.759 INFO  ------------------------------------- 
02:52:50.765 INFO  Your app is listening a http://localhost:3000 
02:52:51.116 INFO  Mongodb connected! 
02:55:18.273 INFO  Logged in as Comfi Dev#5575 
02:55:18.274 INFO  Watching 88 Slashs, 45 Channels and 10 Users in  2 Servers 
02:55:18.274 INFO  ------------------------------------- 
02:55:18.281 INFO  Your app is listening a http://localhost:3000 
02:55:18.547 INFO  Mongodb connected! 
03:01:57.514 INFO  Logged in as Comfi Dev#5575 
03:01:57.516 INFO  Watching 88 Slashs, 45 Channels and 10 Users in  2 Servers 
03:01:57.516 INFO  ------------------------------------- 
03:01:57.524 INFO  Your app is listening a http://localhost:3000 
03:01:57.707 INFO  Mongodb connected! 
03:13:36.625 INFO  Logged in as Comfi Dev#5575 
03:13:36.627 INFO  Watching 88 Slashs, 45 Channels and 10 Users in  2 Servers 
03:13:36.627 INFO  ------------------------------------- 
03:13:36.640 INFO  Your app is listening a http://localhost:3000 
03:13:37.050 INFO  Mongodb connected! 
03:15:16.556 INFO  Logged in as Comfi Dev#5575 
03:15:16.558 INFO  Watching 88 Slashs, 45 Channels and 10 Users in  2 Servers 
03:15:16.558 INFO  ------------------------------------- 
03:15:16.565 INFO  Your app is listening a http://localhost:3000 
03:15:17.026 INFO  Mongodb connected! 
03:18:50.311 INFO  Logged in as Comfi Dev#5575 
03:18:50.312 INFO  Watching 88 Slashs, 45 Channels and 10 Users in  2 Servers 
03:18:50.312 INFO  ------------------------------------- 
03:18:50.320 INFO  Your app is listening a http://localhost:3000 
03:18:50.611 INFO  Mongodb connected! 
03:25:49.473 INFO  Logged in as Comfi Dev#5575 
03:25:49.484 INFO  Watching 88 Slashs, 45 Channels and 10 Users in  2 Servers 
03:25:49.484 INFO  ------------------------------------- 
03:25:49.514 INFO  Your app is listening a http://localhost:3000 
03:25:49.665 INFO  Mongodb connected! 
03:36:48.564 INFO  Logged in as Comfi Dev#5575 
03:36:48.565 INFO  Watching 88 Slashs, 45 Channels and 10 Users in  2 Servers 
03:36:48.566 INFO  ------------------------------------- 
03:36:48.611 INFO  Your app is listening a http://localhost:3000 
03:36:49.199 INFO  Mongodb connected! 
03:37:49.725 INFO  Logged in as Comfi Dev#5575 
03:37:49.728 INFO  Watching 88 Slashs, 45 Channels and 10 Users in  2 Servers 
03:37:49.729 INFO  ------------------------------------- 
03:37:49.740 INFO  Your app is listening a http://localhost:3000 
03:37:50.149 INFO  Mongodb connected! 
03:51:33.513 INFO  Logged in as Comfi Dev#5575 
03:51:33.516 INFO  Watching 88 Slashs, 45 Channels and 10 Users in  2 Servers 
03:51:33.516 INFO  ------------------------------------- 
03:51:33.525 INFO  Your app is listening a http://localhost:3000 
03:51:33.995 INFO  Mongodb connected! 
04:08:42.022 INFO  Logged in as Comfi Dev#5575 
04:08:42.024 INFO  Watching 89 Slashs, 45 Channels and 10 Users in  2 Servers 
04:08:42.026 INFO  ------------------------------------- 
04:08:42.039 INFO  Your app is listening a http://localhost:3000 
04:08:42.521 INFO  Mongodb connected! 
04:12:36.716 INFO  Logged in as Comfi Dev#5575 
04:12:36.726 INFO  Watching 89 Slashs, 45 Channels and 10 Users in  2 Servers 
04:12:36.727 INFO  ------------------------------------- 
04:12:36.763 INFO  Your app is listening a http://localhost:3000 
04:12:37.135 INFO  Mongodb connected! 
04:18:16.406 INFO  Logged in as Comfi Dev#5575 
04:18:16.410 INFO  Watching 89 Slashs, 45 Channels and 10 Users in  2 Servers 
04:18:16.411 INFO  ------------------------------------- 
04:18:16.422 INFO  Your app is listening a http://localhost:3000 
04:18:16.974 INFO  Mongodb connected! 
04:26:08.680 INFO  Logged in as Comfi Dev#5575 
04:26:08.683 INFO  Watching 89 Slashs, 45 Channels and 10 Users in  2 Servers 
04:26:08.687 INFO  ------------------------------------- 
04:26:08.711 INFO  Your app is listening a http://localhost:3000 
04:26:09.213 INFO  Mongodb connected! 
04:35:45.437 INFO  Logged in as Comfi Dev#5575 
04:35:45.438 INFO  Watching 89 Slashs, 45 Channels and 10 Users in  2 Servers 
04:35:45.439 INFO  ------------------------------------- 
04:35:45.457 INFO  Your app is listening a http://localhost:3000 
04:35:45.683 INFO  Mongodb connected! 
04:43:00.009 INFO  Logged in as Comfi Dev#5575 
04:43:00.010 INFO  Watching 89 Slashs, 45 Channels and 10 Users in  2 Servers 
04:43:00.010 INFO  ------------------------------------- 
04:43:00.017 INFO  Your app is listening a http://localhost:3000 
04:43:00.464 INFO  Mongodb connected! 
05:49:30.067 INFO  Logged in as Comfi Dev#5575 
05:49:30.069 INFO  Watching 89 Slashs, 45 Channels and 10 Users in  2 Servers 
05:49:30.070 INFO  ------------------------------------- 
05:49:30.079 INFO  Your app is listening a http://localhost:3000 
05:49:30.402 INFO  Mongodb connected! 
05:52:33.359 INFO  Logged in as Comfi Dev#5575 
05:52:33.362 INFO  Watching 89 Slashs, 45 Channels and 10 Users in  2 Servers 
05:52:33.362 INFO  ------------------------------------- 
05:52:33.378 INFO  Your app is listening a http://localhost:3000 
05:52:33.713 INFO  Mongodb connected! 
07:32:34.575 INFO  Logged in as Comfi Dev#5575 
07:32:34.577 INFO  Watching 90 Slashs, 46 Channels and 10 Users in  2 Servers 
07:32:34.577 INFO  ------------------------------------- 
07:32:34.589 INFO  Your app is listening a http://localhost:3000 
07:32:35.097 INFO  Mongodb connected! 
07:36:39.252 INFO  Logged in as Comfi Dev#5575 
07:36:39.253 INFO  Watching 90 Slashs, 46 Channels and 10 Users in  2 Servers 
07:36:39.253 INFO  ------------------------------------- 
07:36:39.262 INFO  Your app is listening a http://localhost:3000 
07:36:39.660 INFO  Mongodb connected! 
07:39:10.556 INFO  Logged in as Comfi Dev#5575 
07:39:10.561 INFO  Watching 90 Slashs, 46 Channels and 10 Users in  2 Servers 
07:39:10.561 INFO  ------------------------------------- 
07:39:10.569 INFO  Your app is listening a http://localhost:3000 
07:39:10.773 INFO  Mongodb connected! 
07:55:01.737 INFO  Logged in as Comfi Dev#5575 
07:55:01.739 INFO  Watching 90 Slashs, 46 Channels and 10 Users in  2 Servers 
07:55:01.740 INFO  ------------------------------------- 
07:55:01.755 INFO  Your app is listening a http://localhost:3000 
07:55:02.129 INFO  Mongodb connected! 
08:15:53.031 INFO  Logged in as Comfi Dev#5575 
08:15:53.034 INFO  Watching 91 Slashs, 46 Channels and 10 Users in  2 Servers 
08:15:53.034 INFO  ------------------------------------- 
08:15:53.049 INFO  Your app is listening a http://localhost:3000 
08:15:53.327 INFO  Mongodb connected! 
08:26:12.464 INFO  Logged in as Comfi Dev#5575 
08:26:12.467 INFO  Watching 90 Slashs, 46 Channels and 10 Users in  2 Servers 
08:26:12.467 INFO  ------------------------------------- 
08:26:12.486 INFO  Your app is listening a http://localhost:3000 
08:26:13.009 INFO  Mongodb connected! 
08:28:42.083 INFO  Logged in as Comfi Dev#5575 
08:28:42.086 INFO  Watching 91 Slashs, 46 Channels and 10 Users in  2 Servers 
08:28:42.086 INFO  ------------------------------------- 
08:28:42.096 INFO  Your app is listening a http://localhost:3000 
08:28:42.573 INFO  Mongodb connected! 
08:37:23.876 INFO  Logged in as Comfi Dev#5575 
08:37:23.878 INFO  Watching 91 Slashs, 46 Channels and 10 Users in  2 Servers 
08:37:23.878 INFO  ------------------------------------- 
08:37:23.886 INFO  Your app is listening a http://localhost:3000 
08:37:24.277 INFO  Mongodb connected! 
08:42:43.683 INFO  Logged in as Comfi Dev#5575 
08:42:43.684 INFO  Watching 91 Slashs, 46 Channels and 10 Users in  2 Servers 
08:42:43.687 INFO  ------------------------------------- 
08:42:43.702 INFO  Your app is listening a http://localhost:3000 
08:42:43.992 INFO  Mongodb connected! 
08:48:11.862 INFO  Logged in as Comfi Dev#5575 
08:48:11.863 INFO  Watching 91 Slashs, 46 Channels and 10 Users in  2 Servers 
08:48:11.864 INFO  ------------------------------------- 
08:48:11.873 INFO  Your app is listening a http://localhost:3000 
08:48:12.125 INFO  Mongodb connected! 
08:51:42.213 INFO  Logged in as Comfi Dev#5575 
08:51:42.214 INFO  Watching 91 Slashs, 46 Channels and 10 Users in  2 Servers 
08:51:42.214 INFO  ------------------------------------- 
08:51:42.223 INFO  Your app is listening a http://localhost:3000 
08:51:42.561 INFO  Mongodb connected! 
09:28:46.056 INFO  Logged in as Comfi Dev#5575 
09:28:46.069 INFO  Watching 91 Slashs, 46 Channels and 10 Users in  2 Servers 
09:28:46.070 INFO  ------------------------------------- 
09:28:46.112 INFO  Your app is listening a http://localhost:3000 
09:28:46.454 INFO  Mongodb connected! 
09:30:05.265 INFO  Logged in as Comfi Dev#5575 
09:30:05.267 INFO  Watching 91 Slashs, 46 Channels and 10 Users in  2 Servers 
09:30:05.267 INFO  ------------------------------------- 
09:30:05.276 INFO  Your app is listening a http://localhost:3000 
09:30:05.564 INFO  Mongodb connected! 
09:31:35.335 INFO  Logged in as Comfi Dev#5575 
09:31:35.337 INFO  Watching 91 Slashs, 46 Channels and 10 Users in  2 Servers 
09:31:35.337 INFO  ------------------------------------- 
09:31:35.345 INFO  Your app is listening a http://localhost:3000 
09:31:35.576 INFO  Mongodb connected! 
09:33:08.753 INFO  Logged in as Comfi Dev#5575 
09:33:08.758 INFO  Watching 91 Slashs, 46 Channels and 10 Users in  2 Servers 
09:33:08.758 INFO  ------------------------------------- 
09:33:08.790 INFO  Your app is listening a http://localhost:3000 
09:33:09.301 INFO  Mongodb connected! 
09:57:42.170 INFO  Logged in as Comfi Dev#5575 
09:57:42.173 INFO  Watching 91 Slashs, 46 Channels and 10 Users in  2 Servers 
09:57:42.173 INFO  ------------------------------------- 
09:57:42.192 INFO  Your app is listening a http://localhost:3000 
09:57:42.640 INFO  Mongodb connected! 
10:15:52.909 INFO  Logged in as Comfi Dev#5575 
10:15:52.912 INFO  Watching 91 Slashs, 46 Channels and 10 Users in  2 Servers 
10:15:52.913 INFO  ------------------------------------- 
10:15:52.928 INFO  Your app is listening a http://localhost:3000 
10:15:53.272 INFO  Mongodb connected! 
11:18:02.334 INFO  Logged in as Comfi Dev#5575 
11:18:02.336 INFO  Watching 91 Slashs, 46 Channels and 10 Users in  2 Servers 
11:18:02.336 INFO  ------------------------------------- 
11:18:02.346 INFO  Your app is listening a http://localhost:3000 
11:18:02.717 INFO  Mongodb connected! 
11:24:59.086 INFO  Logged in as Comfi Dev#5575 
11:24:59.087 INFO  Watching 91 Slashs, 46 Channels and 10 Users in  2 Servers 
11:24:59.088 INFO  ------------------------------------- 
11:24:59.097 INFO  Your app is listening a http://localhost:3000 
11:24:59.421 INFO  Mongodb connected! 
11:32:40.147 INFO  Logged in as Comfi Dev#5575 
11:32:40.151 INFO  Watching 91 Slashs, 46 Channels and 10 Users in  2 Servers 
11:32:40.151 INFO  ------------------------------------- 
11:32:40.164 INFO  Your app is listening a http://localhost:3000 
11:32:40.379 INFO  Mongodb connected! 
11:50:12.213 INFO  Logged in as Comfi Dev#5575 
11:50:12.216 INFO  Watching 91 Slashs, 46 Channels and 10 Users in  2 Servers 
11:50:12.217 INFO  ------------------------------------- 
11:50:12.234 INFO  Your app is listening a http://localhost:3000 
11:50:12.559 INFO  Mongodb connected! 
11:59:10.164 INFO  Logged in as Comfi Dev#5575 
11:59:10.167 INFO  Watching 91 Slashs, 46 Channels and 10 Users in  2 Servers 
11:59:10.167 INFO  ------------------------------------- 
11:59:10.182 INFO  Your app is listening a http://localhost:3000 
11:59:10.476 INFO  Mongodb connected! 
12:00:56.075 INFO  Logged in as Comfi Dev#5575 
12:00:56.077 INFO  Watching 91 Slashs, 46 Channels and 10 Users in  2 Servers 
12:00:56.077 INFO  ------------------------------------- 
12:00:56.098 INFO  Your app is listening a http://localhost:3000 
12:00:56.489 INFO  Mongodb connected! 
12:02:42.046 INFO  Logged in as Comfi Dev#5575 
12:02:42.047 INFO  Watching 91 Slashs, 46 Channels and 10 Users in  2 Servers 
12:02:42.048 INFO  ------------------------------------- 
12:02:42.058 INFO  Your app is listening a http://localhost:3000 
12:02:42.310 INFO  Mongodb connected! 
12:31:43.060 INFO  Logged in as Comfi Dev#5575 
12:31:43.065 INFO  Watching 91 Slashs, 46 Channels and 10 Users in  2 Servers 
12:31:43.067 INFO  ------------------------------------- 
12:31:43.099 INFO  Your app is listening a http://localhost:3000 
12:31:43.337 INFO  Mongodb connected! 
13:43:51.656 INFO  Logged in as Comfi Dev#5575 
13:43:51.659 INFO  Watching 91 Slashs, 46 Channels and 10 Users in  2 Servers 
13:43:51.659 INFO  ------------------------------------- 
13:43:51.692 INFO  Your app is listening a http://localhost:3000 
13:43:52.013 INFO  Mongodb connected! 
14:00:29.500 INFO  Logged in as Comfi Dev#5575 
14:00:29.504 INFO  Watching 91 Slashs, 46 Channels and 10 Users in  2 Servers 
14:00:29.504 INFO  ------------------------------------- 
14:00:29.608 INFO  Your app is listening a http://localhost:3000 
14:00:30.185 INFO  Mongodb connected! 
14:03:45.514 INFO  Logged in as Comfi Dev#5575 
14:03:45.523 INFO  Watching 91 Slashs, 46 Channels and 10 Users in  2 Servers 
14:03:45.524 INFO  ------------------------------------- 
14:03:45.579 INFO  Your app is listening a http://localhost:3000 
14:03:45.990 INFO  Mongodb connected! 
14:05:17.929 INFO  Logged in as Comfi Dev#5575 
14:05:17.933 INFO  Watching 91 Slashs, 46 Channels and 10 Users in  2 Servers 
14:05:17.936 INFO  ------------------------------------- 
14:05:17.955 INFO  Your app is listening a http://localhost:3000 
14:05:18.684 INFO  Mongodb connected! 
14:07:29.750 INFO  Logged in as Comfi Dev#5575 
14:07:29.753 INFO  Watching 91 Slashs, 46 Channels and 10 Users in  2 Servers 
14:07:29.753 INFO  ------------------------------------- 
14:07:29.782 INFO  Your app is listening a http://localhost:3000 
14:07:29.999 INFO  Mongodb connected! 
14:20:46.705 INFO  Logged in as Comfi Dev#5575 
14:20:46.711 INFO  Watching 91 Slashs, 46 Channels and 10 Users in  2 Servers 
14:20:46.714 INFO  ------------------------------------- 
14:20:46.754 INFO  Your app is listening a http://localhost:3000 
14:20:47.037 INFO  Mongodb connected! 
14:23:24.955 INFO  Logged in as Comfi Dev#5575 
14:23:24.962 INFO  Watching 91 Slashs, 46 Channels and 10 Users in  2 Servers 
14:23:24.962 INFO  ------------------------------------- 
14:23:24.987 INFO  Your app is listening a http://localhost:3000 
14:23:25.566 INFO  Mongodb connected! 
14:26:35.057 INFO  Logged in as Comfi Dev#5575 
14:26:35.059 INFO  Watching 91 Slashs, 46 Channels and 10 Users in  2 Servers 
14:26:35.059 INFO  ------------------------------------- 
14:26:35.090 INFO  Your app is listening a http://localhost:3000 
14:26:35.596 INFO  Mongodb connected! 
14:28:54.534 INFO  Logged in as Comfi Dev#5575 
14:28:54.537 INFO  Watching 91 Slashs, 46 Channels and 10 Users in  2 Servers 
14:28:54.538 INFO  ------------------------------------- 
14:28:54.564 INFO  Your app is listening a http://localhost:3000 
14:28:55.141 INFO  Mongodb connected! 
14:31:38.185 INFO  Logged in as Comfi Dev#5575 
14:31:38.187 INFO  Watching 91 Slashs, 46 Channels and 10 Users in  2 Servers 
14:31:38.189 INFO  ------------------------------------- 
14:31:38.214 INFO  Your app is listening a http://localhost:3000 
14:31:38.562 INFO  Mongodb connected! 
14:32:47.534 INFO  Logged in as Comfi Dev#5575 
14:32:47.540 INFO  Watching 91 Slashs, 46 Channels and 10 Users in  2 Servers 
14:32:47.540 INFO  ------------------------------------- 
14:32:47.583 INFO  Your app is listening a http://localhost:3000 
14:32:47.853 INFO  Mongodb connected! 
14:39:52.863 INFO  Logged in as Comfi Dev#5575 
14:39:52.865 INFO  Watching 91 Slashs, 46 Channels and 10 Users in  2 Servers 
14:39:52.865 INFO  ------------------------------------- 
14:39:53.044 INFO  Your app is listening a http://localhost:3000 
14:39:53.734 INFO  Mongodb connected! 
14:41:10.692 INFO  Logged in as Comfi Dev#5575 
14:41:10.693 INFO  Watching 91 Slashs, 46 Channels and 10 Users in  2 Servers 
14:41:10.694 INFO  ------------------------------------- 
14:41:10.701 INFO  Your app is listening a http://localhost:3000 
14:41:11.055 INFO  Mongodb connected! 
14:43:38.835 INFO  Logged in as Comfi Dev#5575 
14:43:38.836 INFO  Watching 91 Slashs, 46 Channels and 10 Users in  2 Servers 
14:43:38.836 INFO  ------------------------------------- 
14:43:38.843 INFO  Your app is listening a http://localhost:3000 
14:43:39.191 INFO  Mongodb connected! 
14:46:04.342 INFO  Logged in as Comfi Dev#5575 
14:46:04.343 INFO  Watching 91 Slashs, 46 Channels and 10 Users in  2 Servers 
14:46:04.343 INFO  ------------------------------------- 
14:46:04.350 INFO  Your app is listening a http://localhost:3000 
14:46:04.771 INFO  Mongodb connected! 
14:48:25.076 INFO  Logged in as Comfi Dev#5575 
14:48:25.077 INFO  Watching 91 Slashs, 46 Channels and 10 Users in  2 Servers 
14:48:25.077 INFO  ------------------------------------- 
14:48:25.084 INFO  Your app is listening a http://localhost:3000 
14:48:25.373 INFO  Mongodb connected! 
14:48:49.049 INFO  Logged in as Comfi Dev#5575 
14:48:49.051 INFO  Watching 91 Slashs, 46 Channels and 10 Users in  2 Servers 
14:48:49.051 INFO  ------------------------------------- 
14:48:49.061 INFO  Your app is listening a http://localhost:3000 
14:48:49.296 INFO  Mongodb connected! 
14:49:57.358 INFO  Logged in as Comfi Dev#5575 
14:49:57.360 INFO  Watching 91 Slashs, 46 Channels and 10 Users in  2 Servers 
14:49:57.360 INFO  ------------------------------------- 
14:49:57.367 INFO  Your app is listening a http://localhost:3000 
14:49:57.784 INFO  Mongodb connected! 
14:57:02.088 INFO  Logged in as Comfi Dev#5575 
14:57:02.089 INFO  Watching 91 Slashs, 46 Channels and 10 Users in  2 Servers 
14:57:02.089 INFO  ------------------------------------- 
14:57:02.096 INFO  Your app is listening a http://localhost:3000 
14:57:02.531 INFO  Mongodb connected! 
