08:00:41.521 INFO  Mongodb connected! 
08:02:10.873 INFO  Mongodb connected! 
08:02:19.344 INFO  Loaded Global Commands... 
08:02:19.526 INFO  {"Bot User:":"Comfi#6893","Guild(s):":"539 Servers","Watching:":"54965 Members","Prefix:":"/","Commands:":"87","Discord.js:":"v13.6.0","Node.js:":"v17.4.0","Plattform:":"linux x64","Memory:":"123.39 MB / 200.30 MB"} 
08:02:19.529 INFO  ------------------------------------- 
08:07:41.321 INFO  Mongodb connected! 
08:07:50.253 INFO  Loaded Global Commands... 
08:07:52.199 INFO  {"Bot User:":"Comfi#6893","Guild(s):":"539 Servers","Watching:":"54980 Members","Prefix:":"/","Commands:":"87","Discord.js:":"v13.6.0","Node.js:":"v17.4.0","Plattform:":"linux x64","Memory:":"125.05 MB / 202.55 MB"} 
08:07:52.202 INFO  ------------------------------------- 
08:10:41.532 INFO  Mongodb connected! 
08:10:51.338 INFO  {"Bot User:":"Comfi#6893","Guild(s):":"539 Servers","Watching:":"54980 Members","Prefix:":"/","Commands:":"87","Discord.js:":"v13.6.0","Node.js:":"v17.4.0","Plattform:":"linux x64","Memory:":"121.46 MB / 199.70 MB"} 
08:10:51.341 INFO  ------------------------------------- 
08:10:52.043 INFO  Loaded Global Commands... 
08:14:36.196 INFO  Mongodb connected! 
08:14:47.965 INFO  Loaded Global Commands... 
08:14:48.239 INFO  {"Bot User:":"Comfi#6893","Guild(s):":"539 Servers","Watching:":"54980 Members","Prefix:":"/","Commands:":"87","Discord.js:":"v13.6.0","Node.js:":"v17.4.0","Plattform:":"linux x64","Memory:":"125.04 MB / 202.84 MB"} 
08:14:48.242 INFO  ------------------------------------- 
08:23:45.059 ERROR Error: The module '/home/runner/comfi-bot/node_modules/canvas/build/Release/canvas.node'
was compiled against a different Node.js version using
NODE_MODULE_VERSION 72. This version of Node.js requires
NODE_MODULE_VERSION 102. Please try re-compiling or re-installing
the module (for instance, using `npm rebuild` or `npm install`).
    at Object.Module._extensions..node (node:internal/modules/cjs/loader:1179:18)
    at Module.load (node:internal/modules/cjs/loader:975:32)
    at Function.Module._load (node:internal/modules/cjs/loader:822:12)
    at Module.require (node:internal/modules/cjs/loader:999:19)
    at require (node:internal/modules/cjs/helpers:102:18)
    at Object.<anonymous> (/home/runner/comfi-bot/node_modules/canvas/lib/bindings.js:3:18)
    at Module._compile (node:internal/modules/cjs/loader:1097:14)
    at Object.Module._extensions..js (node:internal/modules/cjs/loader:1149:10)
    at Module.load (node:internal/modules/cjs/loader:975:32)
    at Function.Module._load (node:internal/modules/cjs/loader:822:12)
    at Module.require (node:internal/modules/cjs/loader:999:19)
    at require (node:internal/modules/cjs/helpers:102:18)
    at Object.<anonymous> (/home/runner/comfi-bot/node_modules/canvas/lib/canvas.js:9:18)
    at Module._compile (node:internal/modules/cjs/loader:1097:14)
    at Object.Module._extensions..js (node:internal/modules/cjs/loader:1149:10)
    at Module.load (node:internal/modules/cjs/loader:975:32) 
08:23:46.341 INFO  Mongodb connected! 
08:24:01.338 INFO  {"Bot User:":"Comfi#6893","Guild(s):":"539 Servers","Watching:":"54991 Members","Prefix:":"/","Commands:":"28","Discord.js:":"v13.6.0","Node.js:":"v17.4.0","Plattform:":"linux x64","Memory:":"120.91 MB / 189.57 MB"} 
08:24:01.424 INFO  ------------------------------------- 
08:29:12.153 INFO  Mongodb connected! 
08:29:22.153 INFO  Loaded Global Commands... 
08:29:27.911 INFO  {"Bot User:":"Comfi#6893","Guild(s):":"539 Servers","Watching:":"55012 Members","Emoji(s):":"21290 emotes","Commands:":"87","Discord.js:":"v13.6.0","Node.js:":"v17.4.0","Plattform:":"linux x64","Memory:":"126.44 MB / 200.95 MB"} 
08:29:27.915 INFO  ------------------------------------- 
10:41:13.608 INFO  Mongodb connected! 
10:41:24.103 INFO  Loaded Global Commands... 
10:41:24.475 INFO  {"Bot User:":"Comfi#6893","Guild(s):":"538 Servers","Watching:":"55424 Members","Emoji(s):":"21292 emotes","Commands:":"87","Discord.js:":"v13.6.0","Node.js:":"v17.4.0","Plattform:":"linux x64","Memory:":"125.95 MB / 203.85 MB"} 
10:41:24.479 INFO  ------------------------------------- 
13:45:20.436 INFO  Mongodb connected! 
13:45:28.077 INFO  Loaded Global Commands... 
13:45:28.276 INFO  {"Bot User:":"Comfi#6893","Guild(s):":"538 Servers","Watching:":"55528 Members","Emoji(s):":"21295 emotes","Commands:":"87","Discord.js:":"v13.6.0","Node.js:":"v17.4.0","Plattform:":"linux x64","Memory:":"124.97 MB / 196.88 MB"} 
13:45:28.279 INFO  ------------------------------------- 
15:27:08.782 INFO  Mongodb connected! 
15:27:31.814 INFO  {"Bot User:":"Comfi#6893","Guild(s):":"538 Servers","Watching:":"NaN Members","Emoji(s):":"21276 emotes","Commands:":"87","Discord.js:":"v13.6.0","Node.js:":"v17.4.0","Plattform:":"linux x64","Memory:":"123.01 MB / 193.36 MB"} 
15:27:31.817 INFO  ------------------------------------- 
15:27:32.509 INFO  Loaded Global Commands... 
15:42:02.008 INFO  Mongodb connected! 
15:42:25.190 INFO  {"Bot User:":"Comfi#6893","Guild(s):":"538 Servers","Watching:":"NaN Members","Emoji(s):":"21285 emotes","Commands:":"87","Discord.js:":"v13.6.0","Node.js:":"v17.4.0","Plattform:":"linux x64","Memory:":"122.20 MB / 192.76 MB"} 
15:42:25.194 INFO  ------------------------------------- 
15:42:25.888 INFO  Loaded Global Commands... 
