04:59:10.752 INFO  Mongodb connected! 
04:59:11.197 INFO  Logged in as Comfi Dev#5575 
04:59:11.198 INFO  Watching 88 Slashs, 147 Channels and 4797 Users in  3 Servers 
04:59:11.198 INFO  ------------------------------------- 
04:59:11.207 INFO  Your app is listening a http://localhost:3000 
04:59:43.392 INFO  Logged in as Comfi Dev#5575 
04:59:43.393 INFO  Watching 88 Slashs, 147 Channels and 4797 Users in  3 Servers 
04:59:43.393 INFO  ------------------------------------- 
04:59:43.400 INFO  Your app is listening a http://localhost:3000 
04:59:43.485 INFO  Mongodb connected! 
05:00:30.943 INFO  Mongodb connected! 
05:00:31.405 INFO  Logged in as Comfi Dev#5575 
05:00:31.406 INFO  Watching 88 Slashs, 147 Channels and 4798 Users in  3 Servers 
05:00:31.406 INFO  ------------------------------------- 
05:00:31.481 INFO  Your app is listening a http://localhost:3000 
05:03:09.513 INFO  Logged in as Comfi Dev#5575 
05:03:09.514 INFO  Watching 88 Slashs, 147 Channels and 4797 Users in  3 Servers 
05:03:09.514 INFO  ------------------------------------- 
05:03:09.582 INFO  Your app is listening a http://localhost:3000 
05:03:09.610 INFO  Mongodb connected! 
05:04:58.519 INFO  Mongodb connected! 
05:04:58.882 INFO  Logged in as Comfi Dev#5575 
05:04:58.883 INFO  Watching 88 Slashs, 147 Channels and 4796 Users in  3 Servers 
05:04:58.883 INFO  ------------------------------------- 
05:04:58.893 INFO  Your app is listening a http://localhost:3000 
05:07:38.808 INFO  Mongodb connected! 
05:07:39.305 INFO  Logged in as Comfi Dev#5575 
05:07:39.305 INFO  Watching 88 Slashs, 147 Channels and 4796 Users in  3 Servers 
05:07:39.306 INFO  ------------------------------------- 
05:07:39.379 INFO  Your app is listening a http://localhost:3000 
05:09:58.431 INFO  Mongodb connected! 
05:09:58.881 INFO  Logged in as Comfi Dev#5575 
05:09:58.882 INFO  Watching 88 Slashs, 147 Channels and 4798 Users in  3 Servers 
05:09:58.882 INFO  ------------------------------------- 
05:09:58.890 INFO  Your app is listening a http://localhost:3000 
05:12:55.398 INFO  Logged in as Comfi Dev#5575 
05:12:55.399 INFO  Watching 88 Slashs, 147 Channels and 4797 Users in  3 Servers 
05:12:55.399 INFO  ------------------------------------- 
05:12:55.477 INFO  Your app is listening a http://localhost:3000 
05:12:55.579 INFO  Mongodb connected! 
05:16:04.032 INFO  Mongodb connected! 
05:16:04.390 INFO  Logged in as Comfi Dev#5575 
05:16:04.390 INFO  Watching 88 Slashs, 147 Channels and 4796 Users in  3 Servers 
05:16:04.391 INFO  ------------------------------------- 
05:16:04.402 INFO  Your app is listening a http://localhost:3000 
05:36:26.401 INFO  Mongodb connected! 
05:36:27.493 INFO  Logged in as Comfi Dev#5575 
05:36:27.493 INFO  Watching 88 Slashs, 147 Channels and 4793 Users in  3 Servers 
05:36:27.493 INFO  ------------------------------------- 
05:36:27.577 INFO  Your app is listening a http://localhost:3000 
05:45:03.069 INFO  Mongodb connected! 
05:45:03.399 INFO  Logged in as Comfi Dev#5575 
05:45:03.399 INFO  Watching 88 Slashs, 147 Channels and 4795 Users in  3 Servers 
05:45:03.400 INFO  ------------------------------------- 
05:45:03.476 INFO  Your app is listening a http://localhost:3000 
07:10:21.771 INFO  Logged in as Comfi Dev#5575 
07:10:21.773 INFO  Watching 88 Slashs, 147 Channels and 4793 Users in  3 Servers 
07:10:21.773 INFO  ------------------------------------- 
07:10:21.950 INFO  Your app is listening a http://localhost:3000 
07:10:23.147 INFO  Mongodb connected! 
07:15:39.884 INFO  Logged in as Comfi Dev#5575 
07:15:39.890 INFO  Watching 88 Slashs, 147 Channels and 4789 Users in  3 Servers 
07:15:39.890 INFO  ------------------------------------- 
07:15:39.964 INFO  Your app is listening a http://localhost:3000 
07:15:40.167 INFO  Mongodb connected! 
07:22:03.470 INFO  Logged in as Comfi Dev#5575 
07:22:03.471 INFO  Watching 88 Slashs, 147 Channels and 4790 Users in  3 Servers 
07:22:03.472 INFO  ------------------------------------- 
07:22:03.550 INFO  Your app is listening a http://localhost:3000 
07:22:03.756 INFO  Mongodb connected! 
07:27:12.906 INFO  Logged in as Comfi Dev#5575 
07:27:12.913 INFO  Watching 88 Slashs, 147 Channels and 4789 Users in  3 Servers 
07:27:12.913 INFO  ------------------------------------- 
07:27:13.068 INFO  Your app is listening a http://localhost:3000 
07:27:13.680 INFO  Mongodb connected! 
07:33:10.698 INFO  Mongodb connected! 
07:33:11.187 INFO  Logged in as Comfi Dev#5575 
07:33:11.188 INFO  Watching 88 Slashs, 147 Channels and 4791 Users in  3 Servers 
07:33:11.188 INFO  ------------------------------------- 
07:33:11.205 INFO  Your app is listening a http://localhost:3000 
07:35:29.613 INFO  Mongodb connected! 
07:35:30.154 INFO  Logged in as Comfi Dev#5575 
07:35:30.155 INFO  Watching 88 Slashs, 147 Channels and 4790 Users in  3 Servers 
07:35:30.155 INFO  ------------------------------------- 
07:35:30.183 INFO  Your app is listening a http://localhost:3000 
07:41:31.399 INFO  Logged in as Comfi Dev#5575 
07:41:31.404 INFO  Watching 88 Slashs, 147 Channels and 4791 Users in  3 Servers 
07:41:31.405 INFO  ------------------------------------- 
07:41:31.438 INFO  Your app is listening a http://localhost:3000 
07:41:31.630 INFO  Mongodb connected! 
07:54:36.250 INFO  Mongodb connected! 
07:54:36.961 INFO  Logged in as Comfi Dev#5575 
07:54:36.962 INFO  Watching 88 Slashs, 147 Channels and 4790 Users in  3 Servers 
07:54:36.962 INFO  ------------------------------------- 
07:54:36.994 INFO  Your app is listening a http://localhost:3000 
07:58:16.780 INFO  Logged in as Comfi Dev#5575 
07:58:16.782 INFO  Watching 88 Slashs, 147 Channels and 4791 Users in  3 Servers 
07:58:16.783 INFO  ------------------------------------- 
07:58:16.795 INFO  Your app is listening a http://localhost:3000 
07:58:16.999 INFO  Mongodb connected! 
08:03:48.198 INFO  Logged in as Comfi Dev#5575 
08:03:48.247 INFO  Watching 88 Slashs, 147 Channels and 4791 Users in  3 Servers 
08:03:48.247 INFO  ------------------------------------- 
08:03:48.273 INFO  Your app is listening a http://localhost:3000 
08:03:48.387 INFO  Mongodb connected! 
08:09:29.356 INFO  Logged in as Comfi Dev#5575 
08:09:29.358 INFO  Watching 88 Slashs, 147 Channels and 4792 Users in  3 Servers 
08:09:29.358 INFO  ------------------------------------- 
08:09:29.372 INFO  Your app is listening a http://localhost:3000 
08:09:29.483 INFO  Mongodb connected! 
08:11:06.507 INFO  Mongodb connected! 
08:11:06.965 INFO  Logged in as Comfi Dev#5575 
08:11:06.966 INFO  Watching 88 Slashs, 147 Channels and 4791 Users in  3 Servers 
08:11:06.966 INFO  ------------------------------------- 
08:11:06.977 INFO  Your app is listening a http://localhost:3000 
08:20:02.515 INFO  Logged in as Comfi Dev#5575 
08:20:02.548 INFO  Watching 88 Slashs, 147 Channels and 4791 Users in  3 Servers 
08:20:02.549 INFO  ------------------------------------- 
08:20:02.576 INFO  Your app is listening a http://localhost:3000 
08:20:02.885 INFO  Mongodb connected! 
08:25:04.277 INFO  Logged in as Comfi Dev#5575 
08:25:04.290 INFO  Watching 88 Slashs, 147 Channels and 4791 Users in  3 Servers 
08:25:04.297 INFO  ------------------------------------- 
08:25:04.396 INFO  Your app is listening a http://localhost:3000 
08:25:04.597 INFO  Mongodb connected! 
08:26:32.420 INFO  Logged in as Comfi Dev#5575 
08:26:32.422 INFO  Watching 88 Slashs, 147 Channels and 4790 Users in  3 Servers 
08:26:32.422 INFO  ------------------------------------- 
08:26:32.460 INFO  Your app is listening a http://localhost:3000 
08:26:32.762 INFO  Mongodb connected! 
08:30:12.036 INFO  Logged in as Comfi Dev#5575 
08:30:12.040 INFO  Watching 88 Slashs, 147 Channels and 4791 Users in  3 Servers 
08:30:12.041 INFO  ------------------------------------- 
08:30:12.086 INFO  Your app is listening a http://localhost:3000 
08:30:12.146 INFO  Mongodb connected! 
08:34:24.850 INFO  Logged in as Comfi Dev#5575 
08:34:24.851 INFO  Watching 88 Slashs, 147 Channels and 4789 Users in  3 Servers 
08:34:24.851 INFO  ------------------------------------- 
08:34:24.884 INFO  Your app is listening a http://localhost:3000 
08:34:25.027 INFO  Mongodb connected! 
08:35:30.223 INFO  Logged in as Comfi Dev#5575 
08:35:30.230 INFO  Watching 88 Slashs, 147 Channels and 4789 Users in  3 Servers 
08:35:30.235 INFO  ------------------------------------- 
08:35:30.314 INFO  Your app is listening a http://localhost:3000 
08:35:30.526 INFO  Mongodb connected! 
08:44:15.770 INFO  Logged in as Comfi Dev#5575 
08:44:15.771 INFO  Watching 88 Slashs, 147 Channels and 4789 Users in  3 Servers 
08:44:15.771 INFO  ------------------------------------- 
08:44:15.792 INFO  Your app is listening a http://localhost:3000 
08:44:16.062 INFO  Mongodb connected! 
08:46:41.197 INFO  Logged in as Comfi Dev#5575 
08:46:41.199 INFO  Watching 88 Slashs, 147 Channels and 4790 Users in  3 Servers 
08:46:41.199 INFO  ------------------------------------- 
08:46:41.262 INFO  Your app is listening a http://localhost:3000 
08:46:41.713 INFO  Mongodb connected! 
08:50:47.572 INFO  Logged in as Comfi Dev#5575 
08:50:47.573 INFO  Watching 88 Slashs, 147 Channels and 4790 Users in  3 Servers 
08:50:47.574 INFO  ------------------------------------- 
08:50:47.593 INFO  Your app is listening a http://localhost:3000 
08:50:47.755 INFO  Mongodb connected! 
08:52:10.787 INFO  Logged in as Comfi Dev#5575 
08:52:10.791 INFO  Watching 88 Slashs, 147 Channels and 4791 Users in  3 Servers 
08:52:10.792 INFO  ------------------------------------- 
08:52:10.848 INFO  Your app is listening a http://localhost:3000 
08:52:11.015 INFO  Mongodb connected! 
08:55:02.958 INFO  Logged in as Comfi Dev#5575 
08:55:02.960 INFO  Watching 88 Slashs, 147 Channels and 4792 Users in  3 Servers 
08:55:02.961 INFO  ------------------------------------- 
08:55:03.010 INFO  Your app is listening a http://localhost:3000 
08:55:03.746 INFO  Mongodb connected! 
09:02:10.006 INFO  Logged in as Comfi Dev#5575 
09:02:10.013 INFO  Watching 88 Slashs, 147 Channels and 4791 Users in  3 Servers 
09:02:10.017 INFO  ------------------------------------- 
09:02:10.064 INFO  Your app is listening a http://localhost:3000 
09:02:10.254 INFO  Mongodb connected! 
09:04:04.306 INFO  Logged in as Comfi Dev#5575 
09:04:04.314 INFO  Watching 88 Slashs, 147 Channels and 4791 Users in  3 Servers 
09:04:04.314 INFO  ------------------------------------- 
09:04:04.348 INFO  Your app is listening a http://localhost:3000 
09:04:04.696 INFO  Mongodb connected! 
09:06:12.790 INFO  Logged in as Comfi Dev#5575 
09:06:12.793 INFO  Watching 88 Slashs, 147 Channels and 4791 Users in  3 Servers 
09:06:12.793 INFO  ------------------------------------- 
09:06:12.847 INFO  Your app is listening a http://localhost:3000 
09:06:12.971 INFO  Mongodb connected! 
09:23:45.478 INFO  Logged in as Comfi Dev#5575 
09:23:45.495 INFO  Watching 88 Slashs, 147 Channels and 4790 Users in  3 Servers 
09:23:45.502 INFO  ------------------------------------- 
09:23:45.607 INFO  Your app is listening a http://localhost:3000 
09:23:46.337 INFO  Mongodb connected! 
09:26:11.144 INFO  Logged in as Comfi Dev#5575 
09:26:11.146 INFO  Watching 88 Slashs, 147 Channels and 4790 Users in  3 Servers 
09:26:11.146 INFO  ------------------------------------- 
09:26:11.182 INFO  Your app is listening a http://localhost:3000 
09:26:11.735 INFO  Mongodb connected! 
09:30:27.718 INFO  Logged in as Comfi Dev#5575 
09:30:27.763 INFO  Watching 88 Slashs, 147 Channels and 4790 Users in  3 Servers 
09:30:27.784 INFO  ------------------------------------- 
09:30:27.950 INFO  Your app is listening a http://localhost:3000 
09:30:28.224 INFO  Mongodb connected! 
09:56:51.822 INFO  Logged in as Comfi Dev#5575 
09:56:51.841 INFO  Watching 88 Slashs, 147 Channels and 4794 Users in  3 Servers 
09:56:51.844 INFO  ------------------------------------- 
09:56:51.927 INFO  Your app is listening a http://localhost:3000 
09:56:52.442 INFO  Mongodb connected! 
09:58:50.407 INFO  Logged in as Comfi Dev#5575 
09:58:50.410 INFO  Watching 88 Slashs, 147 Channels and 4792 Users in  3 Servers 
09:58:50.416 INFO  ------------------------------------- 
09:58:50.471 INFO  Your app is listening a http://localhost:3000 
09:58:50.641 INFO  Mongodb connected! 
10:00:32.907 INFO  Logged in as Comfi Dev#5575 
10:00:32.909 INFO  Watching 88 Slashs, 147 Channels and 4792 Users in  3 Servers 
10:00:32.909 INFO  ------------------------------------- 
10:00:32.927 INFO  Your app is listening a http://localhost:3000 
10:00:33.120 INFO  Mongodb connected! 
10:40:18.444 INFO  Logged in as Comfi Dev#5575 
10:40:18.464 INFO  Watching 88 Slashs, 147 Channels and 4794 Users in  3 Servers 
10:40:18.476 INFO  ------------------------------------- 
10:40:18.594 INFO  Your app is listening a http://localhost:3000 
10:40:19.510 INFO  Mongodb connected! 
10:47:05.207 INFO  Logged in as Comfi Dev#5575 
10:47:05.209 INFO  Watching 88 Slashs, 147 Channels and 4792 Users in  3 Servers 
10:47:05.209 INFO  ------------------------------------- 
10:47:05.259 INFO  Your app is listening a http://localhost:3000 
10:47:05.402 INFO  Mongodb connected! 
10:51:43.423 INFO  Logged in as Comfi Dev#5575 
10:51:43.438 INFO  Watching 88 Slashs, 147 Channels and 4794 Users in  3 Servers 
10:51:43.439 INFO  ------------------------------------- 
10:51:43.538 INFO  Your app is listening a http://localhost:3000 
10:51:43.930 INFO  Mongodb connected! 
10:53:32.257 INFO  Mongodb connected! 
10:53:33.070 INFO  Logged in as Comfi Dev#5575 
10:53:33.071 INFO  Watching 88 Slashs, 147 Channels and 4793 Users in  3 Servers 
10:53:33.071 INFO  ------------------------------------- 
10:53:33.113 INFO  Your app is listening a http://localhost:3000 
10:55:15.945 INFO  Logged in as Comfi Dev#5575 
10:55:15.956 INFO  Watching 88 Slashs, 147 Channels and 4793 Users in  3 Servers 
10:55:15.959 INFO  ------------------------------------- 
10:55:16.074 INFO  Your app is listening a http://localhost:3000 
10:55:16.602 INFO  Mongodb connected! 
10:57:24.577 INFO  Logged in as Comfi Dev#5575 
10:57:24.588 INFO  Watching 88 Slashs, 147 Channels and 4793 Users in  3 Servers 
10:57:24.591 INFO  ------------------------------------- 
10:57:24.687 INFO  Your app is listening a http://localhost:3000 
10:57:24.901 INFO  Mongodb connected! 
11:08:54.220 INFO  Logged in as Comfi Dev#5575 
11:08:54.224 INFO  Watching 88 Slashs, 147 Channels and 4794 Users in  3 Servers 
11:08:54.227 INFO  ------------------------------------- 
11:08:54.269 INFO  Your app is listening a http://localhost:3000 
11:08:54.788 INFO  Mongodb connected! 
11:10:25.774 INFO  Logged in as Comfi Dev#5575 
11:10:25.787 INFO  Watching 88 Slashs, 147 Channels and 4795 Users in  3 Servers 
11:10:25.787 INFO  ------------------------------------- 
11:10:25.874 INFO  Your app is listening a http://localhost:3000 
11:10:26.519 INFO  Mongodb connected! 
11:25:30.529 INFO  Logged in as Comfi Dev#5575 
11:25:30.531 INFO  Watching 88 Slashs, 147 Channels and 4796 Users in  3 Servers 
11:25:30.531 INFO  ------------------------------------- 
11:25:30.756 INFO  Your app is listening a http://localhost:3000 
11:25:30.891 INFO  Mongodb connected! 
11:43:46.430 INFO  Logged in as Comfi Dev#5575 
11:43:46.438 INFO  Watching 88 Slashs, 147 Channels and 4795 Users in  3 Servers 
11:43:46.439 INFO  ------------------------------------- 
11:43:46.489 INFO  Your app is listening a http://localhost:3000 
11:43:46.856 INFO  Mongodb connected! 
11:47:19.526 ERROR Could not connect to any servers in your MongoDB Atlas cluster. One common reason is that you're trying to access the database from an IP that isn't whitelisted. Make sure your current IP address is on your Atlas cluster's IP whitelist: https://docs.atlas.mongodb.com/security-whitelist/
{"message":"Could not connect to any servers in your MongoDB Atlas cluster. One common reason is that you're trying to access the database from an IP that isn't whitelisted. Make sure your current IP address is on your Atlas cluster's IP whitelist: https://docs.atlas.mongodb.com/security-whitelist/","reason":{"type":"ReplicaSetNoPrimary","servers":{},"stale":false,"compatible":true,"heartbeatFrequencyMS":10000,"localThresholdMS":15,"setName":"atlas-yong4v-shard-0"}}
MongooseServerSelectionError: Could not connect to any servers in your MongoDB Atlas cluster. One common reason is that you're trying to access the database from an IP that isn't whitelisted. Make sure your current IP address is on your Atlas cluster's IP whitelist: https://docs.atlas.mongodb.com/security-whitelist/
    at NativeConnection.Connection.openUri (/home/runner/Comfi-beta/node_modules/mongoose/lib/connection.js:796:32)
    at /home/runner/Comfi-beta/node_modules/mongoose/lib/index.js:330:10
    at /home/runner/Comfi-beta/node_modules/mongoose/lib/helpers/promiseOrCallback.js:32:5
    at new Promise (<anonymous>)
    at promiseOrCallback (/home/runner/Comfi-beta/node_modules/mongoose/lib/helpers/promiseOrCallback.js:31:10)
    at Mongoose._promiseOrCallback (/home/runner/Comfi-beta/node_modules/mongoose/lib/index.js:1151:10)
    at Mongoose.connect (/home/runner/Comfi-beta/node_modules/mongoose/lib/index.js:329:20)
    at Comfi.dbs (/home/runner/Comfi-beta/utils/Comfi.js:44:14)
    at new Comfi (/home/runner/Comfi-beta/utils/Comfi.js:35:14)
    at Object.<anonymous> (/home/runner/Comfi-beta/index.js:13:7)
    at Module._compile (node:internal/modules/cjs/loader:1101:14)
    at Object.Module._extensions..js (node:internal/modules/cjs/loader:1153:10)
    at Module.load (node:internal/modules/cjs/loader:981:32)
    at Function.Module._load (node:internal/modules/cjs/loader:822:12)
    at Function.executeUserEntryPoint [as runMain] (node:internal/modules/run_main:79:12)
    at node:internal/main/run_main_module:17:47 
11:54:53.009 INFO  Logged in as Comfi Dev#5575 
11:54:53.022 INFO  Watching 88 Slashs, 147 Channels and 4795 Users in  3 Servers 
11:54:53.028 INFO  ------------------------------------- 
11:54:53.144 INFO  Your app is listening a http://localhost:3000 
11:54:53.274 INFO  Mongodb connected! 
11:59:46.436 ERROR Could not connect to any servers in your MongoDB Atlas cluster. One common reason is that you're trying to access the database from an IP that isn't whitelisted. Make sure your current IP address is on your Atlas cluster's IP whitelist: https://docs.atlas.mongodb.com/security-whitelist/
{"message":"Could not connect to any servers in your MongoDB Atlas cluster. One common reason is that you're trying to access the database from an IP that isn't whitelisted. Make sure your current IP address is on your Atlas cluster's IP whitelist: https://docs.atlas.mongodb.com/security-whitelist/","reason":{"type":"ReplicaSetNoPrimary","servers":{},"stale":false,"compatible":true,"heartbeatFrequencyMS":10000,"localThresholdMS":15,"setName":"atlas-yong4v-shard-0"}}
MongooseServerSelectionError: Could not connect to any servers in your MongoDB Atlas cluster. One common reason is that you're trying to access the database from an IP that isn't whitelisted. Make sure your current IP address is on your Atlas cluster's IP whitelist: https://docs.atlas.mongodb.com/security-whitelist/
    at NativeConnection.Connection.openUri (/home/runner/Comfi-beta/node_modules/mongoose/lib/connection.js:796:32)
    at /home/runner/Comfi-beta/node_modules/mongoose/lib/index.js:330:10
    at /home/runner/Comfi-beta/node_modules/mongoose/lib/helpers/promiseOrCallback.js:32:5
    at new Promise (<anonymous>)
    at promiseOrCallback (/home/runner/Comfi-beta/node_modules/mongoose/lib/helpers/promiseOrCallback.js:31:10)
    at Mongoose._promiseOrCallback (/home/runner/Comfi-beta/node_modules/mongoose/lib/index.js:1151:10)
    at Mongoose.connect (/home/runner/Comfi-beta/node_modules/mongoose/lib/index.js:329:20)
    at Comfi.dbs (/home/runner/Comfi-beta/utils/Comfi.js:44:14)
    at new Comfi (/home/runner/Comfi-beta/utils/Comfi.js:35:14)
    at Object.<anonymous> (/home/runner/Comfi-beta/index.js:13:7)
    at Module._compile (node:internal/modules/cjs/loader:1101:14)
    at Object.Module._extensions..js (node:internal/modules/cjs/loader:1153:10)
    at Module.load (node:internal/modules/cjs/loader:981:32)
    at Function.Module._load (node:internal/modules/cjs/loader:822:12)
    at Function.executeUserEntryPoint [as runMain] (node:internal/modules/run_main:79:12)
    at node:internal/main/run_main_module:17:47 
12:06:29.100 INFO  Logged in as Comfi Dev#5575 
12:06:29.106 INFO  Watching 88 Slashs, 147 Channels and 4794 Users in  3 Servers 
12:06:29.108 INFO  ------------------------------------- 
12:06:29.139 INFO  Your app is listening a http://localhost:3000 
12:06:29.362 INFO  Mongodb connected! 
12:23:49.842 INFO  Logged in as Comfi Dev#5575 
12:23:49.850 INFO  Watching 88 Slashs, 147 Channels and 4795 Users in  3 Servers 
12:23:49.855 INFO  ------------------------------------- 
12:23:49.876 INFO  Your app is listening a http://localhost:3000 
12:23:50.284 INFO  Mongodb connected! 
12:34:19.068 INFO  Mongodb connected! 
12:34:20.099 INFO  Logged in as Comfi Dev#5575 
12:34:20.099 INFO  Watching 88 Slashs, 147 Channels and 4794 Users in  3 Servers 
12:34:20.111 INFO  ------------------------------------- 
12:34:20.174 INFO  Your app is listening a http://localhost:3000 
13:03:44.967 INFO  Mongodb connected! 
13:03:45.590 INFO  Logged in as Comfi Dev#5575 
13:06:28.014 ERROR Could not connect to any servers in your MongoDB Atlas cluster. One common reason is that you're trying to access the database from an IP that isn't whitelisted. Make sure your current IP address is on your Atlas cluster's IP whitelist: https://docs.atlas.mongodb.com/security-whitelist/
{"message":"Could not connect to any servers in your MongoDB Atlas cluster. One common reason is that you're trying to access the database from an IP that isn't whitelisted. Make sure your current IP address is on your Atlas cluster's IP whitelist: https://docs.atlas.mongodb.com/security-whitelist/","reason":{"type":"ReplicaSetNoPrimary","servers":{},"stale":false,"compatible":true,"heartbeatFrequencyMS":10000,"localThresholdMS":15,"setName":"atlas-yong4v-shard-0"}}
MongooseServerSelectionError: Could not connect to any servers in your MongoDB Atlas cluster. One common reason is that you're trying to access the database from an IP that isn't whitelisted. Make sure your current IP address is on your Atlas cluster's IP whitelist: https://docs.atlas.mongodb.com/security-whitelist/
    at NativeConnection.Connection.openUri (/home/runner/Comfi-beta/node_modules/mongoose/lib/connection.js:796:32)
    at /home/runner/Comfi-beta/node_modules/mongoose/lib/index.js:330:10
    at /home/runner/Comfi-beta/node_modules/mongoose/lib/helpers/promiseOrCallback.js:32:5
    at new Promise (<anonymous>)
    at promiseOrCallback (/home/runner/Comfi-beta/node_modules/mongoose/lib/helpers/promiseOrCallback.js:31:10)
    at Mongoose._promiseOrCallback (/home/runner/Comfi-beta/node_modules/mongoose/lib/index.js:1151:10)
    at Mongoose.connect (/home/runner/Comfi-beta/node_modules/mongoose/lib/index.js:329:20)
    at Comfi.dbs (/home/runner/Comfi-beta/utils/Comfi.js:44:14)
    at new Comfi (/home/runner/Comfi-beta/utils/Comfi.js:35:14)
    at Object.<anonymous> (/home/runner/Comfi-beta/index.js:13:7)
    at Module._compile (node:internal/modules/cjs/loader:1101:14)
    at Object.Module._extensions..js (node:internal/modules/cjs/loader:1153:10)
    at Module.load (node:internal/modules/cjs/loader:981:32)
    at Function.Module._load (node:internal/modules/cjs/loader:822:12)
    at Function.executeUserEntryPoint [as runMain] (node:internal/modules/run_main:79:12)
    at node:internal/main/run_main_module:17:47 
13:12:47.328 INFO  Logged in as Comfi Dev#5575 
13:12:47.343 INFO  Watching 88 Slashs, 147 Channels and 4796 Users in  3 Servers 
13:12:47.343 INFO  ------------------------------------- 
13:12:47.461 INFO  Your app is listening a http://localhost:3000 
13:12:48.139 INFO  Mongodb connected! 
13:12:48.488 INFO  [DB]: Database Connected 
13:17:47.217 INFO  Mongodb connected! 
13:17:47.887 INFO  Logged in as Comfi Dev#5575 
13:17:47.891 INFO  Watching 88 Slashs, 147 Channels and 4796 Users in  3 Servers 
13:17:47.894 INFO  ------------------------------------- 
13:17:47.959 INFO  Your app is listening a http://localhost:3000 
13:17:48.061 INFO  [DB]: Database Connected 
13:53:08.919 INFO  Logged in as Comfi Dev#5575 
13:53:08.930 INFO  Watching 86 Slashs, 147 Channels and 4795 Users in  3 Servers 
13:53:08.940 INFO  ------------------------------------- 
13:53:09.046 INFO  Your app is listening a http://localhost:3000 
13:53:09.474 INFO  Mongodb connected! 
13:53:09.687 INFO  [DB]: Database Connected 
13:57:55.294 INFO  Mongodb connected! 
13:57:56.024 INFO  Logged in as Comfi Dev#5575 
13:57:56.025 INFO  Watching 86 Slashs, 147 Channels and 4796 Users in  3 Servers 
13:57:56.026 INFO  ------------------------------------- 
13:57:56.062 INFO  Your app is listening a http://localhost:3000 
13:57:56.178 INFO  [DB]: Database Connected 
14:03:00.923 INFO  Logged in as Comfi Dev#5575 
14:03:00.930 INFO  Watching 86 Slashs, 147 Channels and 4796 Users in  3 Servers 
14:03:00.933 INFO  ------------------------------------- 
14:03:01.015 INFO  Your app is listening a http://localhost:3000 
14:03:01.454 INFO  Mongodb connected! 
14:03:01.495 INFO  [DB]: Database Connected 
