01:19:55.802 INFO  Mongodb connected! 
01:19:56.565 INFO  Logged in as Comfi#6893 
01:19:56.566 INFO  Watching 93 Slashs, 1494 Channels and 25038 Users in  31 Servers 
01:19:56.566 INFO  ------------------------------------- 
01:19:56.575 INFO  Your app is listening a http://localhost:3000 
04:27:42.678 ERROR undefined 
05:31:09.916 ERROR /home/runner/comfi-bot/commands/emoji/addmany.js:50
}}
  

SyntaxError: Unexpected end of input
    at Object.compileFunction (node:vm:352:18)
    at wrapSafe (node:internal/modules/cjs/loader:1031:15)
    at Module._compile (node:internal/modules/cjs/loader:1065:27)
    at Object.Module._extensions..js (node:internal/modules/cjs/loader:1153:10)
    at Module.load (node:internal/modules/cjs/loader:981:32)
    at Function.Module._load (node:internal/modules/cjs/loader:822:12)
    at Module.require (node:internal/modules/cjs/loader:1005:19)
    at require (node:internal/modules/cjs/helpers:102:18)
    at /home/runner/comfi-bot/handler/index.js:36:18
    at Array.map (<anonymous>)
    at module.exports (/home/runner/comfi-bot/handler/index.js:35:17) 
05:31:10.277 INFO  Mongodb connected! 
05:31:10.979 INFO  Logged in as Comfi#6893 
05:31:10.979 INFO  Watching 7 Slashs, 1494 Channels and 24610 Users in  31 Servers 
05:31:10.979 INFO  ------------------------------------- 
05:31:10.988 INFO  Your app is listening a http://localhost:3000 
05:35:22.535 INFO  Mongodb connected! 
05:35:23.389 INFO  Logged in as Comfi#6893 
05:35:23.390 INFO  Watching 92 Slashs, 1494 Channels and 24596 Users in  31 Servers 
05:35:23.390 INFO  ------------------------------------- 
05:35:23.401 INFO  Your app is listening a http://localhost:3000 
