03:17:55.107 INFO  Loaded Guild commands... 
03:17:55.574 INFO  Mongodb connected! 
03:17:56.766 INFO  {"Bot User:":"Comfi Dev#5575","Guild(s):":"4 Servers","Watching:":"19 Members","Prefix:":"/","Commands:":"90","Discord.js:":"v13.5.1","Node.js:":"v17.3.0","Plattform:":"linux x64","Memory:":"49.04 MB / 125.57 MB"} 
03:17:56.770 INFO  ------------------------------------- 
03:17:56.780 INFO  Your app is listening a http://localhost:8080 
03:41:17.003 INFO  Loaded Guild commands... 
03:41:17.841 INFO  Mongodb connected! 
03:41:18.905 INFO  {"Bot User:":"Comfi Dev#5575","Guild(s):":"4 Servers","Watching:":"19 Members","Prefix:":"/","Commands:":"90","Discord.js:":"v13.5.1","Node.js:":"v17.3.0","Plattform:":"linux x64","Memory:":"53.15 MB / 124.63 MB"} 
03:41:18.911 INFO  ------------------------------------- 
03:41:18.995 INFO  Your app is listening a http://localhost:8080 
03:54:15.812 INFO  Loaded Guild commands... 
03:54:16.392 INFO  Mongodb connected! 
03:54:17.405 INFO  {"Bot User:":"Comfi Dev#5575","Guild(s):":"4 Servers","Watching:":"19 Members","Prefix:":"/","Commands:":"90","Discord.js:":"v13.5.1","Node.js:":"v17.3.0","Plattform:":"linux x64","Memory:":"52.81 MB / 125.48 MB"} 
03:54:17.409 INFO  ------------------------------------- 
03:54:17.482 INFO  Your app is listening a http://localhost:8080 
03:55:25.973 INFO  Loaded Guild commands... 
03:55:26.348 INFO  Mongodb connected! 
03:55:27.265 INFO  {"Bot User:":"Comfi Dev#5575","Guild(s):":"4 Servers","Watching:":"19 Members","Prefix:":"/","Commands:":"90","Discord.js:":"v13.5.1","Node.js:":"v17.3.0","Plattform:":"linux x64","Memory:":"53.40 MB / 124.76 MB"} 
03:55:27.269 INFO  ------------------------------------- 
03:55:27.275 INFO  Your app is listening a http://localhost:8080 
04:00:08.784 INFO  Loaded Guild commands... 
04:00:09.229 INFO  Mongodb connected! 
04:00:10.467 INFO  {"Bot User:":"Comfi Dev#5575","Guild(s):":"4 Servers","Watching:":"19 Members","Prefix:":"/","Commands:":"90","Discord.js:":"v13.5.1","Node.js:":"v17.3.0","Plattform:":"linux x64","Memory:":"53.27 MB / 124.62 MB"} 
04:00:10.472 INFO  ------------------------------------- 
04:00:10.479 INFO  Your app is listening a http://localhost:8080 
04:05:04.429 INFO  Loaded Guild commands... 
04:05:04.756 INFO  Mongodb connected! 
04:05:05.656 INFO  {"Bot User:":"Comfi Dev#5575","Guild(s):":"4 Servers","Watching:":"19 Members","Prefix:":"/","Commands:":"90","Discord.js:":"v13.5.1","Node.js:":"v17.3.0","Plattform:":"linux x64","Memory:":"52.71 MB / 124.73 MB"} 
04:05:05.659 INFO  ------------------------------------- 
04:05:05.666 INFO  Your app is listening a http://localhost:8080 
04:10:03.428 INFO  Loaded Guild commands... 
04:10:03.794 INFO  Mongodb connected! 
04:10:05.125 INFO  {"Bot User:":"Comfi Dev#5575","Guild(s):":"4 Servers","Watching:":"19 Members","Prefix:":"/","Commands:":"90","Discord.js:":"v13.5.1","Node.js:":"v17.3.0","Plattform:":"linux x64","Memory:":"51.37 MB / 124.65 MB"} 
04:10:05.129 INFO  ------------------------------------- 
04:10:05.140 INFO  Your app is listening a http://localhost:8080 
04:20:06.782 INFO  Loaded Guild commands... 
04:20:07.231 INFO  Mongodb connected! 
04:20:08.353 INFO  {"Bot User:":"Comfi Dev#5575","Guild(s):":"4 Servers","Watching:":"19 Members","Prefix:":"/","Commands:":"90","Discord.js:":"v13.5.1","Node.js:":"v17.3.0","Plattform:":"linux x64","Memory:":"51.34 MB / 124.62 MB"} 
04:20:08.375 INFO  ------------------------------------- 
04:20:08.411 INFO  Your app is listening a http://localhost:8080 
04:25:20.598 INFO  Loaded Guild commands... 
04:25:20.879 INFO  Mongodb connected! 
04:25:21.810 INFO  {"Bot User:":"Comfi Dev#5575","Guild(s):":"4 Servers","Watching:":"19 Members","Prefix:":"/","Commands:":"90","Discord.js:":"v13.5.1","Node.js:":"v17.3.0","Plattform:":"linux x64","Memory:":"52.96 MB / 125.74 MB"} 
04:25:21.814 INFO  ------------------------------------- 
04:25:21.823 INFO  Your app is listening a http://localhost:8080 
07:07:20.985 INFO  Loaded Guild commands... 
07:07:22.484 INFO  Mongodb connected! 
07:07:24.470 INFO  {"Bot User:":"Comfi Dev#5575","Guild(s):":"4 Servers","Watching:":"19 Members","Prefix:":"/","Commands:":"90","Discord.js:":"v13.5.1","Node.js:":"v17.3.0","Plattform:":"linux x64","Memory:":"49.58 MB / 118.52 MB"} 
07:07:24.505 INFO  ------------------------------------- 
07:07:24.566 INFO  Your app is listening a http://localhost:8080 
