04:25:38.346 INFO  Logged in as Comfi Dev#5575 
04:25:38.347 INFO  Watching 87 Slashs, 63 Channels and 11 Users in  3 Servers 
04:25:38.347 INFO  ------------------------------------- 
04:25:38.353 INFO  Your app is listening a http://localhost:3000 
04:25:38.364 INFO  Mongodb connected! 
04:29:03.859 ERROR DiscordAPIError: Unknown interaction
    at RequestHandler.execute (/home/runner/Comfi-beta/node_modules/discord.js/src/rest/RequestHandler.js:298:13)
    at runMicrotasks (<anonymous>)
    at processTicksAndRejections (node:internal/process/task_queues:96:5)
    at async RequestHandler.push (/home/runner/Comfi-beta/node_modules/discord.js/src/rest/RequestHandler.js:50:14)
    at async ButtonInteraction.deferUpdate (/home/runner/Comfi-beta/node_modules/discord.js/src/structures/interfaces/InteractionResponses.js:178:5) 
04:29:18.648 ERROR DiscordAPIError: Unknown interaction
    at RequestHandler.execute (/home/runner/Comfi-beta/node_modules/discord.js/src/rest/RequestHandler.js:298:13)
    at runMicrotasks (<anonymous>)
    at processTicksAndRejections (node:internal/process/task_queues:96:5)
    at async RequestHandler.push (/home/runner/Comfi-beta/node_modules/discord.js/src/rest/RequestHandler.js:50:14)
    at async ButtonInteraction.deferUpdate (/home/runner/Comfi-beta/node_modules/discord.js/src/structures/interfaces/InteractionResponses.js:178:5) 
04:29:18.795 ERROR DiscordAPIError: Invalid Form Body
components[0].components[0].style: This field is required
components[0].components[1].style: This field is required
    at RequestHandler.execute (/home/runner/Comfi-beta/node_modules/discord.js/src/rest/RequestHandler.js:298:13)
    at runMicrotasks (<anonymous>)
    at processTicksAndRejections (node:internal/process/task_queues:96:5)
    at async RequestHandler.push (/home/runner/Comfi-beta/node_modules/discord.js/src/rest/RequestHandler.js:50:14)
    at async MessageManager.edit (/home/runner/Comfi-beta/node_modules/discord.js/src/managers/MessageManager.js:131:15) 
04:34:04.185 INFO  Logged in as Comfi Dev#5575 
04:34:04.186 INFO  Watching 87 Slashs, 63 Channels and 11 Users in  3 Servers 
04:34:04.187 INFO  ------------------------------------- 
04:34:04.192 INFO  Your app is listening a http://localhost:3000 
04:34:04.260 INFO  Mongodb connected! 
