06:34:44.170 INFO  Logged in as Comfi Dev#5575 
06:34:44.172 INFO  Watching 83 Slashs, 147 Channels and 4812 Users in  3 Servers 
06:34:44.172 INFO  ------------------------------------- 
06:34:44.248 INFO  Your app is listening a http://localhost:3000 
06:34:44.273 INFO  Mongodb connected! 
06:34:44.524 INFO  [DB]: Database Connected 
06:39:01.365 INFO  Logged in as Comfi Dev#5575 
06:39:01.367 INFO  Watching 83 Slashs, 147 Channels and 4809 Users in  3 Servers 
06:39:01.367 INFO  ------------------------------------- 
06:39:01.394 INFO  Your app is listening a http://localhost:3000 
06:39:01.704 INFO  Mongodb connected! 
06:39:01.725 INFO  [DB]: Database Connected 
06:40:10.908 INFO  Mongodb connected! 
06:40:11.473 INFO  Logged in as Comfi Dev#5575 
06:40:11.473 INFO  Watching 83 Slashs, 147 Channels and 4809 Users in  3 Servers 
06:40:11.474 INFO  ------------------------------------- 
06:40:11.489 INFO  Your app is listening a http://localhost:3000 
06:40:11.560 INFO  [DB]: Database Connected 
06:43:08.325 INFO  Logged in as Comfi Dev#5575 
06:43:08.330 INFO  Watching 83 Slashs, 147 Channels and 4813 Users in  3 Servers 
06:43:08.330 INFO  ------------------------------------- 
06:43:08.357 INFO  Your app is listening a http://localhost:3000 
06:43:08.418 INFO  Mongodb connected! 
06:43:08.706 INFO  [DB]: Database Connected 
06:44:29.718 INFO  Mongodb connected! 
06:44:29.768 INFO  [DB]: Database Connected 
06:44:30.250 INFO  Logged in as Comfi Dev#5575 
06:44:30.250 INFO  Watching 83 Slashs, 147 Channels and 4810 Users in  3 Servers 
06:44:30.251 INFO  ------------------------------------- 
06:44:30.268 INFO  Your app is listening a http://localhost:3000 
06:47:14.781 INFO  Mongodb connected! 
06:47:15.249 INFO  Logged in as Comfi Dev#5575 
06:47:15.250 INFO  Watching 83 Slashs, 147 Channels and 4809 Users in  3 Servers 
06:47:15.250 INFO  ------------------------------------- 
06:47:15.261 INFO  Your app is listening a http://localhost:3000 
06:47:15.354 INFO  [DB]: Database Connected 
07:06:11.163 INFO  Logged in as Comfi Dev#5575 
07:06:11.164 INFO  Watching 83 Slashs, 147 Channels and 4812 Users in  3 Servers 
07:06:11.167 INFO  ------------------------------------- 
07:06:11.175 INFO  Your app is listening a http://localhost:3000 
07:06:11.256 INFO  Mongodb connected! 
07:06:11.412 INFO  [DB]: Database Connected 
07:12:06.746 INFO  [DB]: Database Connected 
07:12:06.767 INFO  Mongodb connected! 
07:12:07.252 INFO  Logged in as Comfi Dev#5575 
07:12:07.252 INFO  Watching 83 Slashs, 147 Channels and 4810 Users in  3 Servers 
07:12:07.252 INFO  ------------------------------------- 
07:12:07.266 INFO  Your app is listening a http://localhost:3000 
07:13:00.073 INFO  Mongodb connected! 
07:13:00.137 INFO  [DB]: Database Connected 
07:13:00.549 INFO  Logged in as Comfi Dev#5575 
07:13:00.549 INFO  Watching 83 Slashs, 147 Channels and 4810 Users in  3 Servers 
07:13:00.549 INFO  ------------------------------------- 
07:13:00.561 INFO  Your app is listening a http://localhost:3000 
07:15:12.576 INFO  Mongodb connected! 
07:15:13.067 INFO  Logged in as Comfi Dev#5575 
07:15:13.067 INFO  Watching 83 Slashs, 147 Channels and 4811 Users in  3 Servers 
07:15:13.068 INFO  ------------------------------------- 
07:15:13.147 INFO  Your app is listening a http://localhost:3000 
07:15:13.165 INFO  [DB]: Database Connected 
07:23:32.726 INFO  Mongodb connected! 
07:23:33.253 INFO  Logged in as Comfi Dev#5575 
07:23:33.253 INFO  Watching 83 Slashs, 147 Channels and 4810 Users in  3 Servers 
07:23:33.254 INFO  ------------------------------------- 
07:23:33.265 INFO  Your app is listening a http://localhost:3000 
07:23:33.431 INFO  [DB]: Database Connected 
07:26:29.367 INFO  Mongodb connected! 
07:26:29.775 INFO  Logged in as Comfi Dev#5575 
07:26:29.776 INFO  Watching 83 Slashs, 147 Channels and 4810 Users in  3 Servers 
07:26:29.776 INFO  ------------------------------------- 
07:26:29.788 INFO  Your app is listening a http://localhost:3000 
07:26:29.863 INFO  [DB]: Database Connected 
08:14:49.073 INFO  Logged in as Comfi Dev#5575 
08:14:49.075 INFO  Watching 82 Slashs, 147 Channels and 4810 Users in  3 Servers 
08:14:49.075 INFO  ------------------------------------- 
08:14:49.151 INFO  Your app is listening a http://localhost:3000 
08:14:49.345 INFO  Mongodb connected! 
08:14:49.431 INFO  [DB]: Database Connected 
08:21:27.752 INFO  Mongodb connected! 
08:21:28.278 INFO  Logged in as Comfi Dev#5575 
08:21:28.279 INFO  Watching 82 Slashs, 147 Channels and 4810 Users in  3 Servers 
08:21:28.279 INFO  ------------------------------------- 
08:21:28.287 INFO  Your app is listening a http://localhost:3000 
08:21:28.366 INFO  [DB]: Database Connected 
08:25:02.772 INFO  Mongodb connected! 
08:25:03.185 INFO  Logged in as Comfi Dev#5575 
08:25:03.186 INFO  Watching 82 Slashs, 147 Channels and 4810 Users in  3 Servers 
08:25:03.186 INFO  ------------------------------------- 
08:25:03.199 INFO  Your app is listening a http://localhost:3000 
08:25:03.268 INFO  [DB]: Database Connected 
08:39:40.598 INFO  Mongodb connected! 
08:39:41.172 INFO  Logged in as Comfi Dev#5575 
08:39:41.174 INFO  Watching 82 Slashs, 147 Channels and 4811 Users in  3 Servers 
08:39:41.174 INFO  ------------------------------------- 
08:39:41.183 INFO  Your app is listening a http://localhost:3000 
08:39:41.339 INFO  [DB]: Database Connected 
08:41:01.489 INFO  Mongodb connected! 
08:41:02.059 INFO  Logged in as Comfi Dev#5575 
08:41:02.060 INFO  Watching 82 Slashs, 147 Channels and 4811 Users in  3 Servers 
08:41:02.060 INFO  ------------------------------------- 
08:41:02.072 INFO  Your app is listening a http://localhost:3000 
08:41:02.167 INFO  [DB]: Database Connected 
08:51:52.247 INFO  Logged in as Comfi Dev#5575 
08:51:52.248 INFO  Watching 82 Slashs, 147 Channels and 4812 Users in  3 Servers 
08:51:52.248 INFO  ------------------------------------- 
08:51:52.274 INFO  Your app is listening a http://localhost:3000 
08:51:52.490 INFO  Mongodb connected! 
08:51:52.782 INFO  [DB]: Database Connected 
09:07:23.968 INFO  Logged in as Comfi Dev#5575 
09:07:23.970 INFO  Watching 82 Slashs, 147 Channels and 4811 Users in  3 Servers 
09:07:23.970 INFO  ------------------------------------- 
09:07:23.983 INFO  Your app is listening a http://localhost:3000 
09:07:24.291 INFO  [DB]: Database Connected 
09:07:53.277 ERROR connection timed out
{}
MongoNetworkTimeoutError: connection timed out
    at connectionFailureError (/home/runner/Comfi-beta/node_modules/mongoose/node_modules/mongodb/lib/cmap/connect.js:295:20)
    at TLSSocket.<anonymous> (/home/runner/Comfi-beta/node_modules/mongoose/node_modules/mongodb/lib/cmap/connect.js:267:22)
    at Object.onceWrapper (node:events:513:28)
    at TLSSocket.emit (node:events:394:28)
    at TLSSocket.Socket._onTimeout (node:net:486:8)
    at listOnTimeout (node:internal/timers:557:17)
    at processTimers (node:internal/timers:500:7) 
09:08:37.572 INFO  Mongodb connected! 
09:08:38.047 INFO  Logged in as Comfi Dev#5575 
09:08:38.047 INFO  Watching 82 Slashs, 147 Channels and 4812 Users in  3 Servers 
09:08:38.047 INFO  ------------------------------------- 
09:08:38.065 INFO  Your app is listening a http://localhost:3000 
09:08:38.093 INFO  [DB]: Database Connected 
09:10:56.273 INFO  Logged in as Comfi Dev#5575 
09:10:56.274 INFO  Watching 82 Slashs, 147 Channels and 4810 Users in  3 Servers 
09:10:56.275 INFO  ------------------------------------- 
09:10:56.284 INFO  Your app is listening a http://localhost:3000 
09:10:56.446 INFO  Mongodb connected! 
09:10:56.450 INFO  [DB]: Database Connected 
09:12:04.880 INFO  Logged in as Comfi Dev#5575 
09:12:04.882 INFO  Watching 82 Slashs, 147 Channels and 4810 Users in  3 Servers 
09:12:04.882 INFO  ------------------------------------- 
09:12:04.956 INFO  Your app is listening a http://localhost:3000 
09:12:05.142 INFO  [DB]: Database Connected 
09:12:05.210 INFO  Mongodb connected! 
09:25:15.371 INFO  Mongodb connected! 
09:25:15.775 INFO  Logged in as Comfi Dev#5575 
09:25:15.776 INFO  Watching 82 Slashs, 147 Channels and 4810 Users in  3 Servers 
09:25:15.776 INFO  ------------------------------------- 
09:25:15.856 INFO  Your app is listening a http://localhost:3000 
09:25:15.876 INFO  [DB]: Database Connected 
09:29:41.173 INFO  Logged in as Comfi Dev#5575 
09:29:41.174 INFO  Watching 82 Slashs, 147 Channels and 4810 Users in  3 Servers 
09:29:41.175 INFO  ------------------------------------- 
09:29:41.257 INFO  Your app is listening a http://localhost:3000 
09:29:41.361 INFO  Mongodb connected! 
09:29:41.442 INFO  [DB]: Database Connected 
09:35:33.691 INFO  Logged in as Comfi Dev#5575 
09:35:33.692 INFO  Watching 82 Slashs, 147 Channels and 4811 Users in  3 Servers 
09:35:33.693 INFO  ------------------------------------- 
09:35:33.756 INFO  Your app is listening a http://localhost:3000 
09:35:33.881 INFO  Mongodb connected! 
09:35:33.931 INFO  [DB]: Database Connected 
09:38:44.017 INFO  Mongodb connected! 
09:38:44.669 INFO  Logged in as Comfi Dev#5575 
09:38:44.679 INFO  Watching 82 Slashs, 147 Channels and 4811 Users in  3 Servers 
09:38:44.679 INFO  ------------------------------------- 
09:38:44.719 INFO  Your app is listening a http://localhost:3000 
09:38:44.763 INFO  [DB]: Database Connected 
09:46:34.131 INFO  Mongodb connected! 
09:46:34.147 INFO  [DB]: Database Connected 
09:46:34.579 INFO  Logged in as Comfi Dev#5575 
09:46:34.581 INFO  Watching 82 Slashs, 147 Channels and 4811 Users in  3 Servers 
09:46:34.582 INFO  ------------------------------------- 
09:46:34.657 INFO  Your app is listening a http://localhost:3000 
13:19:36.404 INFO  Logged in as Comfi Dev#5575 
13:19:36.405 INFO  Watching 81 Slashs, 147 Channels and 4816 Users in  3 Servers 
13:19:36.405 INFO  ------------------------------------- 
13:19:36.416 INFO  Your app is listening a http://localhost:3000 
13:19:36.588 INFO  Mongodb connected! 
13:19:36.642 INFO  [DB]: Database Connected 
