05:07:22.213 INFO  Logged in as Comfi Dev#5575 
05:07:22.214 INFO  Watching 91 Slashs, 47 Channels and 9 Users in  2 Servers 
05:07:22.214 INFO  ------------------------------------- 
05:07:22.247 INFO  Your app is listening a http://localhost:3000 
05:10:20.441 INFO  Logged in as Comfi Dev#5575 
05:10:20.442 INFO  Watching 91 Slashs, 47 Channels and 9 Users in  2 Servers 
05:10:20.442 INFO  ------------------------------------- 
05:10:20.457 INFO  Your app is listening a http://localhost:3000 
05:10:20.515 INFO  Mongodb connected! 
05:14:02.764 INFO  Logged in as Comfi Dev#5575 
05:14:02.765 INFO  Watching 91 Slashs, 47 Channels and 9 Users in  2 Servers 
05:14:02.766 INFO  ------------------------------------- 
05:14:02.778 INFO  Your app is listening a http://localhost:3000 
05:14:02.900 INFO  Mongodb connected! 
05:16:03.354 INFO  Logged in as Comfi Dev#5575 
05:16:03.355 INFO  Watching 91 Slashs, 47 Channels and 9 Users in  2 Servers 
05:16:03.368 INFO  ------------------------------------- 
05:16:03.375 INFO  Your app is listening a http://localhost:3000 
05:16:03.561 INFO  Mongodb connected! 
05:18:05.776 INFO  Logged in as Comfi Dev#5575 
05:18:05.777 INFO  Watching 91 Slashs, 47 Channels and 9 Users in  2 Servers 
05:18:05.777 INFO  ------------------------------------- 
05:18:05.788 INFO  Your app is listening a http://localhost:3000 
05:18:05.809 INFO  Mongodb connected! 
05:18:39.413 INFO  Logged in as Comfi Dev#5575 
05:18:39.413 INFO  Watching 91 Slashs, 47 Channels and 9 Users in  2 Servers 
05:18:39.414 INFO  ------------------------------------- 
05:18:39.420 INFO  Your app is listening a http://localhost:3000 
05:18:39.441 INFO  Mongodb connected! 
05:20:00.237 INFO  Logged in as Comfi Dev#5575 
05:20:00.238 INFO  Watching 91 Slashs, 47 Channels and 9 Users in  2 Servers 
05:20:00.238 INFO  ------------------------------------- 
05:20:00.245 INFO  Your app is listening a http://localhost:3000 
05:20:00.270 INFO  Mongodb connected! 
05:21:24.528 INFO  Logged in as Comfi Dev#5575 
05:21:24.529 INFO  Watching 91 Slashs, 47 Channels and 9 Users in  2 Servers 
05:21:24.529 INFO  ------------------------------------- 
05:21:24.537 INFO  Your app is listening a http://localhost:3000 
05:21:24.592 INFO  Mongodb connected! 
06:21:20.028 INFO  Mongodb connected! 
06:21:20.063 INFO  Logged in as Comfi Dev#5575 
06:21:20.064 INFO  Watching 91 Slashs, 47 Channels and 9 Users in  2 Servers 
06:21:20.064 INFO  ------------------------------------- 
06:21:20.071 INFO  Your app is listening a http://localhost:3000 
10:42:16.647 INFO  Mongodb connected! 
10:42:17.030 INFO  Logged in as Comfi Dev#5575 
10:42:17.031 INFO  Watching 91 Slashs, 47 Channels and 9 Users in  2 Servers 
10:42:17.031 INFO  ------------------------------------- 
10:42:17.037 INFO  Your app is listening a http://localhost:3000 
10:56:59.049 INFO  Mongodb connected! 
10:56:59.097 INFO  Logged in as Comfi Dev#5575 
10:56:59.098 INFO  Watching 91 Slashs, 47 Channels and 9 Users in  2 Servers 
10:56:59.098 INFO  ------------------------------------- 
10:56:59.103 INFO  Your app is listening a http://localhost:3000 
10:57:14.303 INFO  Logged in as Comfi Dev#5575 
10:57:14.303 INFO  Watching 91 Slashs, 47 Channels and 9 Users in  2 Servers 
10:57:14.304 INFO  ------------------------------------- 
10:57:14.309 INFO  Your app is listening a http://localhost:3000 
10:57:14.426 INFO  Mongodb connected! 
11:42:53.334 INFO  Logged in as Comfi Dev#5575 
11:42:53.335 INFO  Watching 91 Slashs, 47 Channels and 9 Users in  2 Servers 
11:42:53.335 INFO  ------------------------------------- 
11:42:53.341 INFO  Your app is listening a http://localhost:3000 
11:42:53.464 INFO  Mongodb connected! 
11:47:02.940 INFO  Logged in as Comfi Dev#5575 
11:47:02.941 INFO  Watching 91 Slashs, 47 Channels and 9 Users in  2 Servers 
11:47:02.941 INFO  ------------------------------------- 
11:47:02.950 INFO  Your app is listening a http://localhost:3000 
11:47:03.051 INFO  Mongodb connected! 
11:48:46.336 INFO  Logged in as Comfi Dev#5575 
11:48:46.337 INFO  Watching 91 Slashs, 47 Channels and 9 Users in  2 Servers 
11:48:46.337 INFO  ------------------------------------- 
11:48:46.348 INFO  Your app is listening a http://localhost:3000 
11:48:46.372 INFO  Mongodb connected! 
11:49:03.086 INFO  Logged in as Comfi Dev#5575 
11:49:03.087 INFO  Watching 91 Slashs, 47 Channels and 9 Users in  2 Servers 
11:49:03.087 INFO  ------------------------------------- 
11:49:03.095 INFO  Your app is listening a http://localhost:3000 
11:49:03.139 INFO  Mongodb connected! 
11:50:29.793 INFO  Mongodb connected! 
11:50:29.907 INFO  Logged in as Comfi Dev#5575 
11:50:29.907 INFO  Watching 91 Slashs, 47 Channels and 9 Users in  2 Servers 
11:50:29.907 INFO  ------------------------------------- 
11:50:29.912 INFO  Your app is listening a http://localhost:3000 
11:50:33.067 INFO  Mongodb connected! 
11:50:43.232 INFO  Logged in as Comfi Dev#5575 
11:50:43.233 INFO  Watching 91 Slashs, 47 Channels and 9 Users in  2 Servers 
11:50:43.234 INFO  ------------------------------------- 
11:50:43.239 INFO  Your app is listening a http://localhost:3000 
11:50:43.356 INFO  Mongodb connected! 
11:51:06.741 INFO  Logged in as Comfi Dev#5575 
11:51:06.741 INFO  Watching 91 Slashs, 47 Channels and 9 Users in  2 Servers 
11:51:06.742 INFO  ------------------------------------- 
11:51:06.747 INFO  Your app is listening a http://localhost:3000 
11:51:06.759 INFO  Mongodb connected! 
11:51:06.821 ERROR  
11:51:06.858 ERROR  
11:51:23.601 INFO  Logged in as Comfi Dev#5575 
11:51:23.601 INFO  Watching 91 Slashs, 47 Channels and 9 Users in  2 Servers 
11:51:23.602 INFO  ------------------------------------- 
11:51:23.607 INFO  Your app is listening a http://localhost:3000 
11:51:23.620 INFO  Mongodb connected! 
11:51:23.701 ERROR  
11:51:23.709 ERROR  
11:51:26.695 INFO  Mongodb connected! 
11:51:38.947 ERROR  
11:51:39.193 INFO  Mongodb connected! 
11:51:46.627 INFO  Logged in as Comfi Dev#5575 
11:51:46.627 INFO  Watching 91 Slashs, 47 Channels and 9 Users in  2 Servers 
11:51:46.628 INFO  ------------------------------------- 
11:51:46.633 INFO  Your app is listening a http://localhost:3000 
11:53:27.457 INFO  Logged in as Comfi Dev#5575 
11:53:27.458 INFO  Watching 91 Slashs, 47 Channels and 9 Users in  2 Servers 
11:53:27.458 INFO  ------------------------------------- 
11:53:27.465 INFO  Your app is listening a http://localhost:3000 
11:53:27.585 INFO  Mongodb connected! 
11:53:48.376 INFO  Mongodb connected! 
11:53:48.412 INFO  Logged in as Comfi Dev#5575 
11:53:48.413 INFO  Watching 91 Slashs, 47 Channels and 9 Users in  2 Servers 
11:53:48.413 INFO  ------------------------------------- 
11:53:48.418 INFO  Your app is listening a http://localhost:3000 
12:27:47.324 INFO  Logged in as Comfi Dev#5575 
12:27:47.324 INFO  Watching 91 Slashs, 47 Channels and 9 Users in  2 Servers 
12:27:47.325 INFO  ------------------------------------- 
12:27:47.331 INFO  Your app is listening a http://localhost:3000 
12:27:47.391 INFO  Mongodb connected! 
12:28:15.982 INFO  Logged in as Comfi Dev#5575 
12:28:15.983 INFO  Watching 91 Slashs, 47 Channels and 9 Users in  2 Servers 
12:28:15.984 INFO  ------------------------------------- 
12:28:15.990 INFO  Your app is listening a http://localhost:3000 
12:28:16.039 INFO  Mongodb connected! 
13:32:36.100 INFO  Logged in as Comfi Dev#5575 
13:32:36.101 INFO  Watching 91 Slashs, 47 Channels and 9 Users in  2 Servers 
13:32:36.101 INFO  ------------------------------------- 
13:32:36.110 INFO  Your app is listening a http://localhost:3000 
13:32:36.129 INFO  Mongodb connected! 
13:39:14.568 INFO  Logged in as Comfi Dev#5575 
13:39:14.568 INFO  Watching 91 Slashs, 47 Channels and 9 Users in  2 Servers 
13:39:14.569 INFO  ------------------------------------- 
13:39:14.578 INFO  Your app is listening a http://localhost:3000 
13:39:14.625 INFO  Mongodb connected! 
13:55:05.906 INFO  Logged in as Comfi Dev#5575 
13:55:05.907 INFO  Watching 91 Slashs, 47 Channels and 9 Users in  2 Servers 
13:55:05.907 INFO  ------------------------------------- 
13:55:05.919 INFO  Your app is listening a http://localhost:3000 
13:55:06.003 INFO  Mongodb connected! 
14:03:39.846 INFO  Mongodb connected! 
14:03:39.868 INFO  Logged in as Comfi Dev#5575 
14:03:39.869 INFO  Watching 91 Slashs, 47 Channels and 9 Users in  2 Servers 
14:03:39.869 INFO  ------------------------------------- 
14:03:39.875 INFO  Your app is listening a http://localhost:3000 
14:09:47.065 INFO  Logged in as Comfi Dev#5575 
14:09:47.066 INFO  Watching 91 Slashs, 47 Channels and 9 Users in  2 Servers 
14:09:47.066 INFO  ------------------------------------- 
14:09:47.072 INFO  Your app is listening a http://localhost:3000 
14:09:47.169 INFO  Mongodb connected! 
14:12:21.628 INFO  Logged in as Comfi Dev#5575 
14:12:21.628 INFO  Watching 91 Slashs, 47 Channels and 9 Users in  2 Servers 
14:12:21.629 INFO  ------------------------------------- 
14:12:21.635 INFO  Your app is listening a http://localhost:3000 
14:12:21.715 INFO  Mongodb connected! 
14:13:35.488 INFO  Logged in as Comfi Dev#5575 
14:13:35.489 INFO  Watching 91 Slashs, 47 Channels and 9 Users in  2 Servers 
14:13:35.489 INFO  ------------------------------------- 
14:13:35.496 INFO  Your app is listening a http://localhost:3000 
14:13:35.655 INFO  Mongodb connected! 
14:14:31.493 INFO  Mongodb connected! 
14:14:31.510 INFO  Logged in as Comfi Dev#5575 
14:14:31.510 INFO  Watching 91 Slashs, 47 Channels and 9 Users in  2 Servers 
14:14:31.510 INFO  ------------------------------------- 
14:14:31.516 INFO  Your app is listening a http://localhost:3000 
14:17:33.139 INFO  Logged in as Comfi Dev#5575 
14:17:33.140 INFO  Watching 91 Slashs, 47 Channels and 9 Users in  2 Servers 
14:17:33.140 INFO  ------------------------------------- 
14:17:33.146 INFO  Your app is listening a http://localhost:3000 
14:17:33.225 INFO  Mongodb connected! 
14:19:58.265 INFO  Logged in as Comfi Dev#5575 
14:19:58.266 INFO  Watching 91 Slashs, 47 Channels and 9 Users in  2 Servers 
14:19:58.266 INFO  ------------------------------------- 
14:19:58.273 INFO  Your app is listening a http://localhost:3000 
14:19:58.388 INFO  Mongodb connected! 
14:21:30.662 INFO  Logged in as Comfi Dev#5575 
14:21:30.663 INFO  Watching 91 Slashs, 47 Channels and 9 Users in  2 Servers 
14:21:30.663 INFO  ------------------------------------- 
14:21:30.670 INFO  Your app is listening a http://localhost:3000 
14:21:30.753 INFO  Mongodb connected! 
14:23:04.254 INFO  Logged in as Comfi Dev#5575 
14:23:04.255 INFO  Watching 91 Slashs, 47 Channels and 9 Users in  2 Servers 
14:23:04.255 INFO  ------------------------------------- 
14:23:04.262 INFO  Your app is listening a http://localhost:3000 
14:23:04.282 INFO  Mongodb connected! 
14:24:51.756 INFO  Logged in as Comfi Dev#5575 
14:24:51.757 INFO  Watching 91 Slashs, 47 Channels and 9 Users in  2 Servers 
14:24:51.757 INFO  ------------------------------------- 
14:24:51.762 INFO  Your app is listening a http://localhost:3000 
14:24:51.891 INFO  Mongodb connected! 
14:31:13.599 INFO  Logged in as Comfi Dev#5575 
14:31:13.600 INFO  Watching 91 Slashs, 47 Channels and 9 Users in  2 Servers 
14:31:13.600 INFO  ------------------------------------- 
14:31:13.606 INFO  Your app is listening a http://localhost:3000 
14:31:15.861 ERROR  
14:31:16.109 INFO  Mongodb connected! 
14:31:23.815 INFO  Logged in as Comfi Dev#5575 
14:31:23.816 INFO  Watching 91 Slashs, 47 Channels and 9 Users in  2 Servers 
14:31:23.816 INFO  ------------------------------------- 
14:31:23.822 INFO  Your app is listening a http://localhost:3000 
14:34:22.529 INFO  Logged in as Comfi Dev#5575 
14:34:22.530 INFO  Watching 91 Slashs, 47 Channels and 9 Users in  2 Servers 
14:34:22.530 INFO  ------------------------------------- 
14:34:22.538 INFO  Your app is listening a http://localhost:3000 
14:34:22.684 INFO  Mongodb connected! 
14:35:18.256 INFO  Logged in as Comfi Dev#5575 
14:35:18.269 INFO  Watching 91 Slashs, 47 Channels and 9 Users in  2 Servers 
14:35:18.273 INFO  ------------------------------------- 
14:35:18.362 INFO  Your app is listening a http://localhost:3000 
14:35:18.642 INFO  Mongodb connected! 
14:44:29.202 ERROR  
14:44:30.182 INFO  Mongodb connected! 
14:44:30.445 INFO  Logged in as Comfi Dev#5575 
14:44:30.445 INFO  Watching 91 Slashs, 47 Channels and 9 Users in  2 Servers 
14:44:30.445 INFO  ------------------------------------- 
14:44:30.454 INFO  Your app is listening a http://localhost:3000 
14:50:52.169 INFO  Mongodb connected! 
14:50:55.686 INFO  Logged in as Comfi#6893 
14:50:55.687 INFO  Watching 91 Slashs, 486 Channels and 26948 Users in  9 Servers 
14:50:55.687 INFO  ------------------------------------- 
14:50:55.775 INFO  Your app is listening a http://localhost:3000 
14:53:20.602 INFO  Mongodb connected! 
14:53:23.462 INFO  Logged in as Comfi#6893 
14:53:23.463 INFO  Watching 91 Slashs, 486 Channels and 26950 Users in  9 Servers 
14:53:23.463 INFO  ------------------------------------- 
14:53:23.494 INFO  Your app is listening a http://localhost:3000 
14:55:27.626 INFO  Mongodb connected! 
14:55:30.159 INFO  Logged in as Comfi#6893 
14:55:30.161 INFO  Watching 91 Slashs, 486 Channels and 26981 Users in  9 Servers 
14:55:30.161 INFO  ------------------------------------- 
14:55:30.193 INFO  Your app is listening a http://localhost:3000 
14:58:47.955 INFO  Mongodb connected! 
14:58:49.869 INFO  Logged in as Comfi#6893 
14:58:49.870 INFO  Watching 91 Slashs, 486 Channels and 27012 Users in  9 Servers 
14:58:49.870 INFO  ------------------------------------- 
14:58:49.888 INFO  Your app is listening a http://localhost:3000 
15:22:32.130 INFO  Mongodb connected! 
15:22:33.717 INFO  Logged in as Comfi#6893 
15:22:33.718 INFO  Watching 91 Slashs, 486 Channels and 27082 Users in  9 Servers 
15:22:33.718 INFO  ------------------------------------- 
15:22:33.725 INFO  Your app is listening a http://localhost:3000 
15:25:44.638 INFO  Mongodb connected! 
15:25:46.251 INFO  Logged in as Comfi#6893 
15:25:46.252 INFO  Watching 91 Slashs, 486 Channels and 27126 Users in  9 Servers 
15:25:46.252 INFO  ------------------------------------- 
15:25:46.278 INFO  Your app is listening a http://localhost:3000 
15:28:03.698 INFO  Mongodb connected! 
15:28:04.535 INFO  Logged in as Comfi#6893 
15:28:04.535 INFO  Watching 91 Slashs, 486 Channels and 27090 Users in  9 Servers 
15:28:04.535 INFO  ------------------------------------- 
15:28:04.547 INFO  Your app is listening a http://localhost:3000 
15:29:11.807 INFO  Mongodb connected! 
15:29:13.271 INFO  Logged in as Comfi#6893 
15:29:13.277 INFO  Watching 91 Slashs, 486 Channels and 27117 Users in  9 Servers 
15:29:13.277 INFO  ------------------------------------- 
15:29:13.303 INFO  Your app is listening a http://localhost:3000 
15:39:17.261 ERROR  
15:49:17.109 ERROR  
15:59:17.075 ERROR  
16:00:12.472 INFO  Mongodb connected! 
16:00:15.316 INFO  Logged in as Comfi#6893 
16:00:15.319 INFO  Watching 91 Slashs, 486 Channels and 27263 Users in  9 Servers 
16:00:15.322 INFO  ------------------------------------- 
16:00:15.400 INFO  Your app is listening a http://localhost:3000 
16:30:43.390 INFO  Mongodb connected! 
16:30:44.320 INFO  Logged in as Comfi#6893 
16:30:44.321 INFO  Watching 92 Slashs, 275 Channels and 27382 Users in  4 Servers 
16:30:44.321 INFO  ------------------------------------- 
16:30:44.327 INFO  Your app is listening a http://localhost:3000 
17:11:21.546 ERROR  
17:11:38.106 ERROR  
17:11:53.336 ERROR  
17:12:09.074 ERROR  
17:12:24.374 ERROR  
17:15:40.005 INFO  Mongodb connected! 
17:15:41.033 INFO  Logged in as Comfi#6893 
17:15:41.034 INFO  Watching 92 Slashs, 275 Channels and 27409 Users in  4 Servers 
17:15:41.034 INFO  ------------------------------------- 
17:15:41.040 INFO  Your app is listening a http://localhost:3000 
17:17:21.940 INFO  Mongodb connected! 
17:17:22.985 INFO  Logged in as Comfi#6893 
17:17:22.986 INFO  Watching 92 Slashs, 275 Channels and 27425 Users in  4 Servers 
17:17:22.986 INFO  ------------------------------------- 
17:17:22.995 INFO  Your app is listening a http://localhost:3000 
