04:45:56.652 INFO  Loaded Guild commands... 
04:45:57.654 INFO  Mongodb connected! 
04:45:58.749 INFO  {"Bot User:":"Comfi Dev#5575","Guild(s):":"4 Servers","Watching:":"19 Members","Prefix:":"/","Commands:":"90","Discord.js:":"v13.5.1","Node.js:":"v17.3.0","Plattform:":"linux x64","Memory:":"50.97 MB / 124.54 MB"} 
04:45:58.753 INFO  ------------------------------------- 
04:45:58.760 INFO  Your app is listening a http://localhost:8080 
04:50:05.583 INFO  Loaded Guild commands... 
04:50:05.892 INFO  Mongodb connected! 
04:50:06.910 INFO  {"Bot User:":"Comfi Dev#5575","Guild(s):":"4 Servers","Watching:":"19 Members","Prefix:":"/","Commands:":"90","Discord.js:":"v13.5.1","Node.js:":"v17.3.0","Plattform:":"linux x64","Memory:":"52.25 MB / 125.71 MB"} 
04:50:06.913 INFO  ------------------------------------- 
04:50:06.919 INFO  Your app is listening a http://localhost:8080 
06:42:33.296 INFO  Loaded Guild commands... 
06:42:33.496 INFO  Mongodb connected! 
06:42:34.197 INFO  {"Bot User:":"Comfi Dev#5575","Guild(s):":"4 Servers","Watching:":"19 Members","Prefix:":"/","Commands:":"90","Discord.js:":"v13.5.1","Node.js:":"v17.3.0","Plattform:":"linux x64","Memory:":"53.57 MB / 125.38 MB"} 
06:42:34.287 INFO  ------------------------------------- 
06:42:34.298 INFO  Your app is listening a http://localhost:8080 
10:20:19.940 INFO  Loaded Guild commands... 
10:20:20.253 INFO  Mongodb connected! 
10:20:22.549 INFO  {"Bot User:":"Comfi Dev#5575","Guild(s):":"4 Servers","Watching:":"19 Members","Prefix:":"/","Commands:":"90","Discord.js:":"v13.5.1","Node.js:":"v17.3.0","Plattform:":"linux x64","Memory:":"49.79 MB / 124.71 MB"} 
10:20:22.555 INFO  ------------------------------------- 
10:20:22.563 INFO  Your app is listening a http://localhost:8080 
10:27:58.209 INFO  Loaded Guild commands... 
10:27:58.514 INFO  Mongodb connected! 
10:27:59.372 INFO  {"Bot User:":"Comfi Dev#5575","Guild(s):":"4 Servers","Watching:":"19 Members","Prefix:":"/","Commands:":"90","Discord.js:":"v13.5.1","Node.js:":"v17.3.0","Plattform:":"linux x64","Memory:":"51.58 MB / 125.09 MB"} 
10:27:59.376 INFO  ------------------------------------- 
10:27:59.381 INFO  Your app is listening a http://localhost:8080 
10:45:14.604 INFO  Loaded Guild commands... 
10:45:14.890 INFO  Mongodb connected! 
10:45:15.767 INFO  {"Bot User:":"Comfi Dev#5575","Guild(s):":"4 Servers","Watching:":"19 Members","Prefix:":"/","Commands:":"90","Discord.js:":"v13.5.1","Node.js:":"v17.3.0","Plattform:":"linux x64","Memory:":"51.19 MB / 126.03 MB"} 
10:45:15.771 INFO  ------------------------------------- 
10:45:15.775 INFO  Your app is listening a http://localhost:8080 
10:46:30.378 INFO  Loaded Guild commands... 
10:46:30.768 INFO  Mongodb connected! 
10:46:31.856 INFO  {"Bot User:":"Comfi Dev#5575","Guild(s):":"4 Servers","Watching:":"19 Members","Prefix:":"/","Commands:":"90","Discord.js:":"v13.5.1","Node.js:":"v17.3.0","Plattform:":"linux x64","Memory:":"49.02 MB / 124.21 MB"} 
10:46:31.859 INFO  ------------------------------------- 
10:46:31.865 INFO  Your app is listening a http://localhost:8080 
10:54:20.831 INFO  Loaded Guild commands... 
10:54:21.769 INFO  Mongodb connected! 
10:54:22.719 INFO  {"Bot User:":"Comfi Dev#5575","Guild(s):":"4 Servers","Watching:":"19 Members","Prefix:":"/","Commands:":"90","Discord.js:":"v13.5.1","Node.js:":"v17.3.0","Plattform:":"linux x64","Memory:":"49.06 MB / 124.75 MB"} 
10:54:22.722 INFO  ------------------------------------- 
10:54:22.727 INFO  Your app is listening a http://localhost:8080 
10:55:40.377 INFO  Loaded Guild commands... 
10:55:40.894 INFO  Mongodb connected! 
10:55:41.786 INFO  {"Bot User:":"Comfi Dev#5575","Guild(s):":"4 Servers","Watching:":"19 Members","Prefix:":"/","Commands:":"90","Discord.js:":"v13.5.1","Node.js:":"v17.3.0","Plattform:":"linux x64","Memory:":"49.00 MB / 125.32 MB"} 
10:55:41.789 INFO  ------------------------------------- 
10:55:41.793 INFO  Your app is listening a http://localhost:8080 
11:00:35.182 INFO  Loaded Guild commands... 
11:00:35.579 INFO  Mongodb connected! 
11:00:36.602 INFO  {"Bot User:":"Comfi Dev#5575","Guild(s):":"4 Servers","Watching:":"19 Members","Prefix:":"/","Commands:":"90","Discord.js:":"v13.5.1","Node.js:":"v17.3.0","Plattform:":"linux x64","Memory:":"48.90 MB / 124.57 MB"} 
11:00:36.605 INFO  ------------------------------------- 
11:00:36.610 INFO  Your app is listening a http://localhost:8080 
11:08:20.656 INFO  Loaded Guild commands... 
11:08:20.913 INFO  Mongodb connected! 
11:08:21.835 INFO  {"Bot User:":"Comfi Dev#5575","Guild(s):":"4 Servers","Watching:":"19 Members","Prefix:":"/","Commands:":"90","Discord.js:":"v13.5.1","Node.js:":"v17.3.0","Plattform:":"linux x64","Memory:":"52.89 MB / 125.05 MB"} 
11:08:21.838 INFO  ------------------------------------- 
11:08:21.843 INFO  Your app is listening a http://localhost:8080 
11:11:22.659 INFO  Loaded Guild commands... 
11:11:22.980 INFO  Mongodb connected! 
11:11:23.863 INFO  {"Bot User:":"Comfi Dev#5575","Guild(s):":"4 Servers","Watching:":"19 Members","Prefix:":"/","Commands:":"90","Discord.js:":"v13.5.1","Node.js:":"v17.3.0","Plattform:":"linux x64","Memory:":"51.54 MB / 125.32 MB"} 
11:11:23.866 INFO  ------------------------------------- 
11:11:23.870 INFO  Your app is listening a http://localhost:8080 
11:30:26.149 INFO  Loaded Guild commands... 
11:30:26.398 INFO  Mongodb connected! 
11:30:27.324 INFO  {"Bot User:":"Comfi Dev#5575","Guild(s):":"4 Servers","Watching:":"19 Members","Prefix:":"/","Commands:":"90","Discord.js:":"v13.5.1","Node.js:":"v17.3.0","Plattform:":"linux x64","Memory:":"48.84 MB / 124.26 MB"} 
11:30:27.328 INFO  ------------------------------------- 
11:30:27.334 INFO  Your app is listening a http://localhost:8080 
11:40:14.950 INFO  Loaded Guild commands... 
11:40:15.206 INFO  Mongodb connected! 
11:40:16.150 INFO  {"Bot User:":"Comfi Dev#5575","Guild(s):":"4 Servers","Watching:":"19 Members","Prefix:":"/","Commands:":"90","Discord.js:":"v13.5.1","Node.js:":"v17.3.0","Plattform:":"linux x64","Memory:":"53.42 MB / 124.84 MB"} 
11:40:16.153 INFO  ------------------------------------- 
11:40:16.158 INFO  Your app is listening a http://localhost:8080 
11:42:18.388 INFO  Loaded Guild commands... 
11:42:18.626 INFO  Mongodb connected! 
11:42:19.567 INFO  {"Bot User:":"Comfi Dev#5575","Guild(s):":"4 Servers","Watching:":"19 Members","Prefix:":"/","Commands:":"90","Discord.js:":"v13.5.1","Node.js:":"v17.3.0","Plattform:":"linux x64","Memory:":"49.18 MB / 125.29 MB"} 
11:42:19.576 INFO  ------------------------------------- 
11:42:19.586 INFO  Your app is listening a http://localhost:8080 
11:46:52.271 INFO  Loaded Guild commands... 
11:46:52.777 INFO  Mongodb connected! 
11:46:53.727 INFO  {"Bot User:":"Comfi Dev#5575","Guild(s):":"4 Servers","Watching:":"19 Members","Prefix:":"/","Commands:":"90","Discord.js:":"v13.5.1","Node.js:":"v17.3.0","Plattform:":"linux x64","Memory:":"51.02 MB / 124.69 MB"} 
11:46:53.731 INFO  ------------------------------------- 
11:46:53.736 INFO  Your app is listening a http://localhost:8080 
12:30:09.643 ERROR /home/runner/Comfi-beta/commands/mod/ban.js:274
        return await  bot.errorEmbed(bot, interaction, `**User is Not Banned**`
               ^^^^^

SyntaxError: await is only valid in async functions and the top level bodies of modules
    at Object.compileFunction (node:vm:352:18)
    at wrapSafe (node:internal/modules/cjs/loader:1026:15)
    at Module._compile (node:internal/modules/cjs/loader:1061:27)
    at Object.Module._extensions..js (node:internal/modules/cjs/loader:1149:10)
    at Module.load (node:internal/modules/cjs/loader:975:32)
    at Function.Module._load (node:internal/modules/cjs/loader:822:12)
    at Module.require (node:internal/modules/cjs/loader:999:19)
    at require (node:internal/modules/cjs/helpers:102:18)
    at /home/runner/Comfi-beta/handler/index.js:17:16
    at Array.map (<anonymous>)
    at module.exports (/home/runner/Comfi-beta/handler/index.js:16:16) 
12:30:10.371 INFO  Mongodb connected! 
12:30:11.312 INFO  {"Bot User:":"Comfi Dev#5575","Guild(s):":"4 Servers","Watching:":"19 Members","Prefix:":"/","Commands:":"31","Discord.js:":"v13.5.1","Node.js:":"v17.3.0","Plattform:":"linux x64","Memory:":"47.06 MB / 120.00 MB"} 
12:30:11.315 INFO  ------------------------------------- 
12:30:11.322 INFO  Your app is listening a http://localhost:8080 
12:32:37.756 ERROR /home/runner/Comfi-beta/commands/mod/setnick.js:36
				interaction.options.getUMember'user') ||
				                              ^^^^^^

SyntaxError: Unexpected string
    at Object.compileFunction (node:vm:352:18)
    at wrapSafe (node:internal/modules/cjs/loader:1026:15)
    at Module._compile (node:internal/modules/cjs/loader:1061:27)
    at Object.Module._extensions..js (node:internal/modules/cjs/loader:1149:10)
    at Module.load (node:internal/modules/cjs/loader:975:32)
    at Function.Module._load (node:internal/modules/cjs/loader:822:12)
    at Module.require (node:internal/modules/cjs/loader:999:19)
    at require (node:internal/modules/cjs/helpers:102:18)
    at /home/runner/Comfi-beta/handler/index.js:17:16
    at Array.map (<anonymous>)
    at module.exports (/home/runner/Comfi-beta/handler/index.js:16:16) 
12:32:38.534 INFO  Mongodb connected! 
12:32:39.781 INFO  {"Bot User:":"Comfi Dev#5575","Guild(s):":"4 Servers","Watching:":"19 Members","Prefix:":"/","Commands:":"39","Discord.js:":"v13.5.1","Node.js:":"v17.3.0","Plattform:":"linux x64","Memory:":"49.74 MB / 119.79 MB"} 
12:32:39.785 INFO  ------------------------------------- 
12:32:39.792 INFO  Your app is listening a http://localhost:8080 
12:34:18.822 INFO  Loaded Guild commands... 
12:34:18.951 INFO  Mongodb connected! 
12:34:19.817 INFO  {"Bot User:":"Comfi Dev#5575","Guild(s):":"4 Servers","Watching:":"19 Members","Prefix:":"/","Commands:":"89","Discord.js:":"v13.5.1","Node.js:":"v17.3.0","Plattform:":"linux x64","Memory:":"53.57 MB / 123.20 MB"} 
12:34:19.820 INFO  ------------------------------------- 
12:34:19.824 INFO  Your app is listening a http://localhost:8080 
12:47:07.102 INFO  Loaded Guild commands... 
12:47:07.444 INFO  Mongodb connected! 
12:47:08.298 INFO  {"Bot User:":"Comfi Dev#5575","Guild(s):":"4 Servers","Watching:":"19 Members","Prefix:":"/","Commands:":"89","Discord.js:":"v13.5.1","Node.js:":"v17.3.0","Plattform:":"linux x64","Memory:":"51.17 MB / 124.76 MB"} 
12:47:08.301 INFO  ------------------------------------- 
12:47:08.306 INFO  Your app is listening a http://localhost:8080 
12:50:51.435 INFO  Mongodb connected! 
12:50:51.699 INFO  Loaded Guild commands... 
12:50:52.308 INFO  {"Bot User:":"Comfi Dev#5575","Guild(s):":"4 Servers","Watching:":"19 Members","Prefix:":"/","Commands:":"89","Discord.js:":"v13.5.1","Node.js:":"v17.3.0","Plattform:":"linux x64","Memory:":"53.09 MB / 124.12 MB"} 
12:50:52.311 INFO  ------------------------------------- 
12:50:52.316 INFO  Your app is listening a http://localhost:8080 
12:56:07.823 INFO  Loaded Guild commands... 
12:56:08.107 INFO  Mongodb connected! 
12:56:09.067 INFO  {"Bot User:":"Comfi Dev#5575","Guild(s):":"4 Servers","Watching:":"19 Members","Prefix:":"/","Commands:":"89","Discord.js:":"v13.5.1","Node.js:":"v17.3.0","Plattform:":"linux x64","Memory:":"48.82 MB / 124.77 MB"} 
12:56:09.074 INFO  ------------------------------------- 
12:56:09.080 INFO  Your app is listening a http://localhost:8080 
13:06:49.889 INFO  Loaded Guild commands... 
13:06:50.272 INFO  Mongodb connected! 
13:06:51.158 INFO  {"Bot User:":"Comfi Dev#5575","Guild(s):":"4 Servers","Watching:":"19 Members","Prefix:":"/","Commands:":"89","Discord.js:":"v13.6.0","Node.js:":"v17.3.1","Plattform:":"linux x64","Memory:":"53.42 MB / 125.61 MB"} 
13:06:51.161 INFO  ------------------------------------- 
13:06:51.167 INFO  Your app is listening a http://localhost:8080 
15:58:22.081 INFO  Loaded Guild commands... 
15:58:22.684 INFO  Mongodb connected! 
15:58:23.625 INFO  {"Bot User:":"Comfi Dev#5575","Guild(s):":"4 Servers","Watching:":"19 Members","Prefix:":"/","Commands:":"89","Discord.js:":"v13.6.0","Node.js:":"v17.3.1","Plattform:":"linux x64","Memory:":"50.10 MB / 125.25 MB"} 
15:58:23.628 INFO  ------------------------------------- 
15:58:23.632 INFO  Your app is listening a http://localhost:8080 
