01:42:14.219 INFO  Mongodb connected! 
01:42:20.129 INFO  Logged in as Comfi#6893 
01:42:20.131 INFO  Watching 87 Slashs, 4353 Channels and 26929 Users in  78 Servers 
01:42:20.141 INFO  ------------------------------------- 
01:42:20.176 INFO  Your app is listening a http://localhost:3000 
02:03:21.526 ERROR [object Object] limit 
08:06:06.024 INFO  Mongodb connected! 
08:06:14.970 INFO  Logged in as Comfi#6893 
08:06:14.973 INFO  Watching 87 Slashs, 4216 Channels and 26254 Users in  77 Servers 
08:06:14.980 INFO  ------------------------------------- 
08:06:15.108 INFO  Your app is listening a http://localhost:3000 
08:09:24.190 ERROR [object Object] limit 
08:09:33.246 ERROR [object Object] limit 
08:09:43.823 ERROR [object Object] limit 
08:09:54.439 ERROR [object Object] limit 
08:10:05.006 ERROR [object Object] limit 
08:10:15.669 ERROR [object Object] limit 
11:05:54.312 INFO  Mongodb connected! 
11:05:56.884 INFO  Logged in as Comfi#6893 
11:05:56.885 INFO  Watching 87 Slashs, 4220 Channels and 27252 Users in  77 Servers 
11:05:56.885 INFO  ------------------------------------- 
11:05:56.901 INFO  Your app is listening a http://localhost:3000 
11:09:04.793 ERROR [object Object] limit 
11:21:08.592 ERROR [object Object] limit 
11:21:13.912 ERROR [object Object] limit 
11:21:24.544 ERROR [object Object] limit 
11:21:35.324 ERROR [object Object] limit 
11:21:45.774 ERROR [object Object] limit 
11:24:07.272 ERROR [object Object] limit 
11:24:23.127 ERROR [object Object] limit 
11:25:35.054 ERROR [object Object] limit 
11:25:45.452 ERROR [object Object] limit 
11:26:04.297 ERROR [object Object] limit 
11:30:35.732 ERROR [object Object] limit 
11:31:39.837 ERROR [object Object] limit 
11:31:50.524 ERROR [object Object] limit 
11:32:01.022 ERROR [object Object] limit 
11:32:11.697 ERROR [object Object] limit 
11:32:22.226 ERROR [object Object] limit 
11:32:32.770 ERROR [object Object] limit 
11:32:43.453 ERROR [object Object] limit 
11:32:53.961 ERROR [object Object] limit 
11:33:04.533 ERROR [object Object] limit 
11:33:15.204 ERROR [object Object] limit 
11:33:25.855 ERROR [object Object] limit 
11:33:36.382 ERROR [object Object] limit 
11:33:46.989 ERROR [object Object] limit 
11:33:57.584 ERROR [object Object] limit 
11:34:08.222 ERROR [object Object] limit 
11:34:18.879 ERROR [object Object] limit 
11:34:29.339 ERROR [object Object] limit 
11:34:39.899 ERROR [object Object] limit 
11:34:50.467 ERROR [object Object] limit 
11:35:01.154 ERROR [object Object] limit 
11:35:11.751 ERROR [object Object] limit 
11:35:22.307 ERROR [object Object] limit 
11:35:33.050 ERROR [object Object] limit 
11:35:43.656 ERROR [object Object] limit 
11:35:54.138 ERROR [object Object] limit 
11:36:04.790 ERROR [object Object] limit 
11:36:15.486 ERROR [object Object] limit 
11:36:26.006 ERROR [object Object] limit 
11:36:36.550 ERROR [object Object] limit 
11:36:47.012 ERROR [object Object] limit 
11:36:57.716 ERROR [object Object] limit 
11:37:08.466 ERROR [object Object] limit 
11:37:18.869 ERROR [object Object] limit 
11:37:29.463 ERROR [object Object] limit 
11:37:40.167 ERROR [object Object] limit 
11:37:50.649 ERROR [object Object] limit 
11:38:01.319 ERROR [object Object] limit 
11:38:11.952 ERROR [object Object] limit 
11:38:22.487 ERROR [object Object] limit 
11:38:24.198 ERROR [object Object] limit 
11:38:33.111 ERROR [object Object] limit 
11:38:33.386 ERROR [object Object] limit 
11:38:43.660 ERROR [object Object] limit 
11:38:43.844 ERROR [object Object] limit 
11:38:54.155 ERROR [object Object] limit 
11:38:54.659 ERROR [object Object] limit 
11:39:04.897 ERROR [object Object] limit 
11:39:05.210 ERROR [object Object] limit 
11:39:15.425 ERROR [object Object] limit 
11:39:15.657 ERROR [object Object] limit 
11:39:26.409 ERROR [object Object] limit 
11:39:26.462 ERROR [object Object] limit 
11:39:36.608 ERROR [object Object] limit 
11:39:47.239 ERROR [object Object] limit 
11:39:57.823 ERROR [object Object] limit 
11:40:08.351 ERROR [object Object] limit 
11:40:19.037 ERROR [object Object] limit 
11:40:29.588 ERROR [object Object] limit 
11:40:40.251 ERROR [object Object] limit 
11:40:50.764 ERROR [object Object] limit 
11:41:01.358 ERROR [object Object] limit 
11:41:12.052 ERROR [object Object] limit 
11:41:22.534 ERROR [object Object] limit 
11:41:33.459 INFO  Mongodb connected! 
11:41:35.196 INFO  Logged in as Comfi#6893 
11:41:35.197 INFO  Watching 87 Slashs, 4202 Channels and 27628 Users in  76 Servers 
11:41:35.197 INFO  ------------------------------------- 
11:41:35.236 INFO  Your app is listening a http://localhost:3000 
11:41:46.610 ERROR [object Object] limit 
11:41:57.243 ERROR [object Object] limit 
11:42:07.877 ERROR [object Object] limit 
11:42:18.330 ERROR [object Object] limit 
