07:10:46.577 INFO  Logged in as Comfi Dev#5575 
07:10:46.578 INFO  Watching 86 Slashs, 147 Channels and 4804 Users in  3 Servers 
07:10:46.579 INFO  ------------------------------------- 
07:10:46.586 INFO  Your app is listening a http://localhost:3000 
07:10:46.669 INFO  Mongodb connected! 
07:10:46.753 INFO  [DB]: Database Connected 
07:47:15.673 INFO  Logged in as Comfi Dev#5575 
07:47:15.674 INFO  Watching 83 Slashs, 147 Channels and 4805 Users in  3 Servers 
07:47:15.675 INFO  ------------------------------------- 
07:47:15.686 INFO  Your app is listening a http://localhost:3000 
07:47:15.785 INFO  Mongodb connected! 
07:47:15.877 INFO  [DB]: Database Connected 
07:49:15.392 INFO  Logged in as Comfi Dev#5575 
07:49:15.393 INFO  Watching 83 Slashs, 147 Channels and 4806 Users in  3 Servers 
07:49:15.393 INFO  ------------------------------------- 
07:49:15.468 INFO  Your app is listening a http://localhost:3000 
07:49:15.505 INFO  Mongodb connected! 
07:49:15.641 INFO  [DB]: Database Connected 
07:52:22.176 INFO  Logged in as Comfi Dev#5575 
07:52:22.177 INFO  Watching 83 Slashs, 147 Channels and 4807 Users in  3 Servers 
07:52:22.177 INFO  ------------------------------------- 
07:52:22.184 INFO  Your app is listening a http://localhost:3000 
07:52:22.431 INFO  Mongodb connected! 
07:52:22.435 INFO  [DB]: Database Connected 
