11:13:26.693 INFO  .---------------------.
|        Slash        |
|---------------------|
| Slash | Load status |
|-------|-------------|
| quote | ✅           |
'---------------------' 
11:15:59.574 INFO  Logged in as Comfi Dev#5575 
11:15:59.576 INFO  Watching 88 Slashs, 44 Channels and 9 Users in  2 Servers 
11:15:59.576 INFO  ------------------------------------- 
11:15:59.585 INFO  Your app is listening a http://localhost:3000 
11:16:27.419 ERROR Server selection timed out after 30000 ms
{"message":"Server selection timed out after 30000 ms","reason":{"type":"ReplicaSetNoPrimary","servers":{},"stale":false,"compatible":true,"heartbeatFrequencyMS":10000,"localThresholdMS":15,"setName":"atlas-yong4v-shard-0","commonWireVersion":9,"logicalSessionTimeoutMinutes":30}}
MongooseServerSelectionError: Server selection timed out after 30000 ms
    at NativeConnection.Connection.openUri (/home/runner/Comfi-beta/node_modules/mongoose/lib/connection.js:798:32)
    at /home/runner/Comfi-beta/node_modules/mongoose/lib/index.js:330:10
    at /home/runner/Comfi-beta/node_modules/mongoose/lib/helpers/promiseOrCallback.js:32:5
    at new Promise (<anonymous>)
    at promiseOrCallback (/home/runner/Comfi-beta/node_modules/mongoose/lib/helpers/promiseOrCallback.js:31:10)
    at Mongoose._promiseOrCallback (/home/runner/Comfi-beta/node_modules/mongoose/lib/index.js:1151:10)
    at Mongoose.connect (/home/runner/Comfi-beta/node_modules/mongoose/lib/index.js:329:20)
    at Comfi.db (/home/runner/Comfi-beta/utils/Comfi.js:38:14)
    at new Comfi (/home/runner/Comfi-beta/utils/Comfi.js:30:14)
    at Object.<anonymous> (/home/runner/Comfi-beta/index.js:13:7)
    at Module._compile (node:internal/modules/cjs/loader:1101:14)
    at Object.Module._extensions..js (node:internal/modules/cjs/loader:1153:10)
    at Module.load (node:internal/modules/cjs/loader:981:32)
    at Function.Module._load (node:internal/modules/cjs/loader:822:12)
    at Function.executeUserEntryPoint [as runMain] (node:internal/modules/run_main:79:12)
    at node:internal/main/run_main_module:17:47 
11:17:43.731 INFO  Logged in as Comfi Dev#5575 
11:17:43.732 INFO  Watching 88 Slashs, 44 Channels and 9 Users in  2 Servers 
11:17:43.732 INFO  ------------------------------------- 
11:17:43.739 INFO  Your app is listening a http://localhost:3000 
11:17:44.056 INFO  Mongodb connected! 
11:18:53.892 INFO  Logged in as Comfi Dev#5575 
11:18:53.894 INFO  Watching 88 Slashs, 44 Channels and 9 Users in  2 Servers 
11:18:53.894 INFO  ------------------------------------- 
11:18:53.912 INFO  Your app is listening a http://localhost:3000 
11:18:54.260 INFO  Mongodb connected! 
11:30:52.801 INFO  Logged in as Comfi Dev#5575 
11:30:52.802 INFO  Watching 88 Slashs, 44 Channels and 9 Users in  2 Servers 
11:30:52.802 INFO  ------------------------------------- 
11:30:52.808 INFO  Your app is listening a http://localhost:3000 
11:30:52.970 INFO  Mongodb connected! 
11:46:22.629 INFO  Logged in as Comfi Dev#5575 
11:46:22.630 INFO  Watching 88 Slashs, 44 Channels and 9 Users in  2 Servers 
11:46:22.631 INFO  ------------------------------------- 
11:46:22.637 INFO  Your app is listening a http://localhost:3000 
11:46:22.695 INFO  Mongodb connected! 
11:49:06.234 INFO  Logged in as Comfi Dev#5575 
11:49:06.235 INFO  Watching 88 Slashs, 44 Channels and 9 Users in  2 Servers 
11:49:06.235 INFO  ------------------------------------- 
11:49:06.242 INFO  Your app is listening a http://localhost:3000 
11:49:06.661 INFO  Mongodb connected! 
12:08:45.112 INFO  Logged in as Comfi Dev#5575 
12:08:45.113 INFO  Watching 88 Slashs, 44 Channels and 9 Users in  2 Servers 
12:08:45.113 INFO  ------------------------------------- 
12:08:45.121 INFO  Your app is listening a http://localhost:3000 
12:08:45.694 INFO  Mongodb connected! 
12:15:25.540 INFO  Logged in as Comfi Dev#5575 
12:15:25.542 INFO  Watching 88 Slashs, 44 Channels and 9 Users in  2 Servers 
12:15:25.543 INFO  ------------------------------------- 
12:15:25.556 INFO  Your app is listening a http://localhost:3000 
12:15:25.864 INFO  Mongodb connected! 
12:19:14.950 INFO  Logged in as Comfi Dev#5575 
12:19:14.951 INFO  Watching 88 Slashs, 44 Channels and 9 Users in  2 Servers 
12:19:14.951 INFO  ------------------------------------- 
12:19:14.960 INFO  Your app is listening a http://localhost:3000 
12:19:15.228 INFO  Mongodb connected! 
12:47:18.535 INFO  Logged in as Comfi Dev#5575 
12:47:18.536 INFO  Watching 88 Slashs, 44 Channels and 9 Users in  2 Servers 
12:47:18.536 INFO  ------------------------------------- 
12:47:18.541 INFO  Your app is listening a http://localhost:3000 
12:47:18.897 INFO  Mongodb connected! 
12:56:38.532 INFO  Logged in as Comfi Dev#5575 
12:56:38.533 INFO  Watching 88 Slashs, 44 Channels and 9 Users in  2 Servers 
12:56:38.534 INFO  ------------------------------------- 
12:56:38.542 INFO  Your app is listening a http://localhost:3000 
12:56:38.648 INFO  Mongodb connected! 
13:00:06.500 INFO  Logged in as Comfi Dev#5575 
13:00:06.501 INFO  Watching 88 Slashs, 44 Channels and 9 Users in  2 Servers 
13:00:06.501 INFO  ------------------------------------- 
13:00:06.508 INFO  Your app is listening a http://localhost:3000 
13:00:06.854 INFO  Mongodb connected! 
13:02:51.201 INFO  Logged in as Comfi Dev#5575 
13:02:51.202 INFO  Watching 88 Slashs, 44 Channels and 9 Users in  2 Servers 
13:02:51.202 INFO  ------------------------------------- 
13:02:51.209 INFO  Your app is listening a http://localhost:3000 
13:02:51.568 INFO  Mongodb connected! 
13:23:51.758 INFO  Logged in as Comfi Dev#5575 
13:23:51.759 INFO  Watching 88 Slashs, 44 Channels and 9 Users in  2 Servers 
13:23:51.759 INFO  ------------------------------------- 
13:23:51.765 INFO  Your app is listening a http://localhost:3000 
13:23:51.964 INFO  Mongodb connected! 
13:57:29.957 INFO  Logged in as Comfi Dev#5575 
13:57:29.959 INFO  Watching 88 Slashs, 44 Channels and 9 Users in  2 Servers 
13:57:29.959 INFO  ------------------------------------- 
13:57:29.969 INFO  Your app is listening a http://localhost:3000 
13:57:30.349 INFO  Mongodb connected! 
14:11:25.537 INFO  Logged in as Comfi Dev#5575 
14:11:25.538 INFO  Watching 88 Slashs, 44 Channels and 9 Users in  2 Servers 
14:11:25.538 INFO  ------------------------------------- 
14:11:25.544 INFO  Your app is listening a http://localhost:3000 
14:11:25.850 INFO  Mongodb connected! 
14:15:26.343 INFO  Logged in as Comfi Dev#5575 
14:15:26.345 INFO  Watching 88 Slashs, 44 Channels and 9 Users in  2 Servers 
14:15:26.345 INFO  ------------------------------------- 
14:15:26.352 INFO  Your app is listening a http://localhost:3000 
14:15:26.649 INFO  Mongodb connected! 
14:17:23.352 INFO  Logged in as Comfi Dev#5575 
14:17:23.353 INFO  Watching 88 Slashs, 44 Channels and 9 Users in  2 Servers 
14:17:23.353 INFO  ------------------------------------- 
14:17:23.359 INFO  Your app is listening a http://localhost:3000 
14:17:23.765 INFO  Mongodb connected! 
14:21:13.605 INFO  Logged in as Comfi Dev#5575 
14:21:13.606 INFO  Watching 88 Slashs, 44 Channels and 9 Users in  2 Servers 
14:21:13.607 INFO  ------------------------------------- 
14:21:13.612 INFO  Your app is listening a http://localhost:3000 
14:21:13.930 INFO  Mongodb connected! 
14:25:29.289 INFO  Logged in as Comfi Dev#5575 
14:25:29.289 INFO  Watching 88 Slashs, 44 Channels and 9 Users in  2 Servers 
14:25:29.290 INFO  ------------------------------------- 
14:25:29.295 INFO  Your app is listening a http://localhost:3000 
14:25:29.678 INFO  Mongodb connected! 
15:16:54.125 INFO  Logged in as Comfi Dev#5575 
15:16:54.128 INFO  Watching 88 Slashs, 44 Channels and 9 Users in  2 Servers 
15:16:54.128 INFO  ------------------------------------- 
15:16:54.200 INFO  Your app is listening a http://localhost:3000 
15:16:54.557 INFO  Mongodb connected! 
16:08:12.492 INFO  Logged in as Comfi Dev#5575 
16:08:12.493 INFO  Watching 88 Slashs, 44 Channels and 9 Users in  2 Servers 
16:08:12.493 INFO  ------------------------------------- 
16:08:12.500 INFO  Your app is listening a http://localhost:3000 
16:08:12.822 INFO  Mongodb connected! 
16:10:54.391 INFO  Logged in as Comfi Dev#5575 
16:10:54.392 INFO  Watching 88 Slashs, 44 Channels and 9 Users in  2 Servers 
16:10:54.392 INFO  ------------------------------------- 
16:10:54.412 INFO  Your app is listening a http://localhost:3000 
16:10:54.711 INFO  Mongodb connected! 
16:16:26.762 INFO  Logged in as Comfi Dev#5575 
16:16:26.768 INFO  Watching 88 Slashs, 44 Channels and 9 Users in  2 Servers 
16:16:26.768 INFO  ------------------------------------- 
16:16:26.779 INFO  Your app is listening a http://localhost:3000 
16:16:27.236 INFO  Mongodb connected! 
16:29:32.948 INFO  Logged in as Comfi Dev#5575 
16:29:32.950 INFO  Watching 88 Slashs, 44 Channels and 10 Users in  2 Servers 
16:29:32.950 INFO  ------------------------------------- 
16:29:32.958 INFO  Your app is listening a http://localhost:3000 
16:29:33.331 INFO  Mongodb connected! 
