03:37:18.421 INFO  Logged in as Comfi Dev#5575 
03:37:18.422 INFO  Watching 88 Slashs, 47 Channels and 10 Users in  2 Servers 
03:37:18.422 INFO  ------------------------------------- 
03:37:18.429 INFO  Your app is listening a http://localhost:3000 
03:37:18.543 INFO  Mongodb connected! 
03:37:18.582 INFO  [DB]: Database Connected 
03:39:39.946 INFO  Logged in as Comfi Dev#5575 
03:39:39.947 INFO  Watching 88 Slashs, 47 Channels and 10 Users in  2 Servers 
03:39:39.954 INFO  ------------------------------------- 
03:39:39.966 INFO  Your app is listening a http://localhost:3000 
03:39:39.988 INFO  Mongodb connected! 
03:39:40.030 INFO  [DB]: Database Connected 
03:41:21.867 INFO  Logged in as Comfi Dev#5575 
03:41:21.867 INFO  Watching 88 Slashs, 47 Channels and 10 Users in  2 Servers 
03:41:21.868 INFO  ------------------------------------- 
03:41:21.875 INFO  Your app is listening a http://localhost:3000 
03:41:21.965 INFO  Mongodb connected! 
03:41:22.002 INFO  [DB]: Database Connected 
05:07:05.203 INFO  Mongodb connected! 
05:07:05.283 INFO  Logged in as Comfi Dev#5575 
05:07:05.284 INFO  Watching 88 Slashs, 47 Channels and 10 Users in  2 Servers 
05:07:05.284 INFO  ------------------------------------- 
05:07:05.304 INFO  Your app is listening a http://localhost:3000 
05:07:05.369 INFO  [DB]: Database Connected 
07:06:59.434 INFO  Logged in as Comfi Dev#5575 
07:06:59.437 INFO  Watching 88 Slashs, 47 Channels and 9 Users in  2 Servers 
07:06:59.437 INFO  ------------------------------------- 
07:06:59.453 INFO  Your app is listening a http://localhost:3000 
07:06:59.519 INFO  Mongodb connected! 
07:09:04.326 INFO  Logged in as Comfi Dev#5575 
07:09:04.327 INFO  Watching 88 Slashs, 47 Channels and 9 Users in  2 Servers 
07:09:04.327 INFO  ------------------------------------- 
07:09:04.335 INFO  Your app is listening a http://localhost:3000 
07:09:04.395 INFO  Mongodb connected! 
07:12:07.277 INFO  Logged in as Comfi Dev#5575 
07:12:07.278 INFO  Watching 88 Slashs, 47 Channels and 9 Users in  2 Servers 
07:12:07.278 INFO  ------------------------------------- 
07:12:07.286 INFO  Your app is listening a http://localhost:3000 
07:12:07.343 INFO  Mongodb connected! 
07:14:31.230 INFO  Logged in as Comfi Dev#5575 
07:14:31.233 INFO  Watching 88 Slashs, 47 Channels and 9 Users in  2 Servers 
07:14:31.235 INFO  ------------------------------------- 
07:14:31.261 INFO  Your app is listening a http://localhost:3000 
07:14:31.484 INFO  Mongodb connected! 
07:17:25.811 INFO  Logged in as Comfi Dev#5575 
07:17:25.812 INFO  Watching 88 Slashs, 47 Channels and 9 Users in  2 Servers 
07:17:25.812 INFO  ------------------------------------- 
07:17:25.824 INFO  Your app is listening a http://localhost:3000 
07:17:25.972 INFO  Mongodb connected! 
07:21:58.749 INFO  Mongodb connected! 
07:21:58.777 INFO  Logged in as Comfi Dev#5575 
07:21:58.777 INFO  Watching 88 Slashs, 47 Channels and 9 Users in  2 Servers 
07:21:58.778 INFO  ------------------------------------- 
07:21:58.783 INFO  Your app is listening a http://localhost:3000 
11:27:53.641 INFO  Logged in as Comfi Dev#5575 
11:27:53.642 INFO  Watching 88 Slashs, 47 Channels and 9 Users in  2 Servers 
11:27:53.642 INFO  ------------------------------------- 
11:27:53.651 INFO  Your app is listening a http://localhost:3000 
11:27:53.670 INFO  Mongodb connected! 
11:32:45.279 INFO  Logged in as Comfi Dev#5575 
11:32:45.280 INFO  Watching 88 Slashs, 47 Channels and 9 Users in  2 Servers 
11:32:45.280 INFO  ------------------------------------- 
11:32:45.294 INFO  Your app is listening a http://localhost:3000 
11:32:45.539 INFO  Mongodb connected! 
11:34:45.278 INFO  Logged in as Comfi Dev#5575 
11:34:45.279 INFO  Watching 88 Slashs, 47 Channels and 9 Users in  2 Servers 
11:34:45.283 INFO  ------------------------------------- 
11:34:45.291 INFO  Your app is listening a http://localhost:3000 
11:34:45.485 INFO  Mongodb connected! 
11:35:38.479 INFO  Mongodb connected! 
11:35:38.630 INFO  Logged in as Comfi Dev#5575 
11:35:38.633 INFO  Watching 88 Slashs, 47 Channels and 9 Users in  2 Servers 
11:35:38.633 INFO  ------------------------------------- 
11:35:38.669 INFO  Your app is listening a http://localhost:3000 
11:38:42.865 INFO  Mongodb connected! 
11:38:42.909 INFO  Logged in as Comfi Dev#5575 
11:38:42.909 INFO  Watching 88 Slashs, 47 Channels and 9 Users in  2 Servers 
11:38:42.910 INFO  ------------------------------------- 
11:38:42.937 INFO  Your app is listening a http://localhost:3000 
11:40:18.407 INFO  Logged in as Comfi Dev#5575 
11:40:18.411 INFO  Watching 88 Slashs, 47 Channels and 9 Users in  2 Servers 
11:40:18.411 INFO  ------------------------------------- 
11:40:18.434 INFO  Your app is listening a http://localhost:3000 
11:40:18.499 INFO  Mongodb connected! 
11:42:58.659 INFO  Logged in as Comfi Dev#5575 
11:42:58.661 INFO  Watching 88 Slashs, 47 Channels and 9 Users in  2 Servers 
11:42:58.661 INFO  ------------------------------------- 
11:42:58.670 INFO  Your app is listening a http://localhost:3000 
11:42:58.709 INFO  Mongodb connected! 
11:44:34.427 INFO  Logged in as Comfi Dev#5575 
11:44:34.429 INFO  Watching 88 Slashs, 47 Channels and 9 Users in  2 Servers 
11:44:34.431 INFO  ------------------------------------- 
11:44:34.456 INFO  Your app is listening a http://localhost:3000 
11:44:34.528 INFO  Mongodb connected! 
11:47:22.259 INFO  Logged in as Comfi Dev#5575 
11:47:22.261 INFO  Watching 88 Slashs, 47 Channels and 9 Users in  2 Servers 
11:47:22.261 INFO  ------------------------------------- 
11:47:22.288 INFO  Your app is listening a http://localhost:3000 
11:47:22.459 INFO  Mongodb connected! 
13:04:41.984 INFO  Logged in as Comfi Dev#5575 
13:04:41.994 INFO  Watching 89 Slashs, 47 Channels and 9 Users in  2 Servers 
13:04:41.995 INFO  ------------------------------------- 
13:04:42.053 INFO  Your app is listening a http://localhost:3000 
13:04:42.234 INFO  Mongodb connected! 
15:32:14.907 INFO  Mongodb connected! 
15:32:14.939 INFO  Logged in as Comfi Dev#5575 
15:32:14.940 INFO  Watching 90 Slashs, 47 Channels and 9 Users in  2 Servers 
15:32:14.940 INFO  ------------------------------------- 
15:32:14.947 INFO  Your app is listening a http://localhost:3000 
15:35:50.395 INFO  Logged in as Comfi Dev#5575 
15:35:50.397 INFO  Watching 90 Slashs, 47 Channels and 9 Users in  2 Servers 
15:35:50.397 INFO  ------------------------------------- 
15:35:50.407 INFO  Your app is listening a http://localhost:3000 
15:35:50.528 INFO  Mongodb connected! 
15:37:55.705 INFO  Logged in as Comfi Dev#5575 
15:37:55.706 INFO  Watching 90 Slashs, 47 Channels and 9 Users in  2 Servers 
15:37:55.706 INFO  ------------------------------------- 
15:37:55.718 INFO  Your app is listening a http://localhost:3000 
15:37:55.827 INFO  Mongodb connected! 
15:39:08.020 INFO  Logged in as Comfi Dev#5575 
15:39:08.021 INFO  Watching 90 Slashs, 47 Channels and 9 Users in  2 Servers 
15:39:08.021 INFO  ------------------------------------- 
15:39:08.030 INFO  Your app is listening a http://localhost:3000 
15:39:08.091 INFO  Mongodb connected! 
15:42:31.020 INFO  Logged in as Comfi Dev#5575 
15:42:31.021 INFO  Watching 90 Slashs, 47 Channels and 9 Users in  2 Servers 
15:42:31.021 INFO  ------------------------------------- 
15:42:31.031 INFO  Your app is listening a http://localhost:3000 
15:42:31.121 INFO  Mongodb connected! 
15:46:19.148 INFO  Logged in as Comfi Dev#5575 
15:46:19.151 INFO  Watching 90 Slashs, 47 Channels and 9 Users in  2 Servers 
15:46:19.152 INFO  ------------------------------------- 
15:46:19.162 INFO  Your app is listening a http://localhost:3000 
15:46:19.233 INFO  Mongodb connected! 
15:52:10.410 INFO  Logged in as Comfi Dev#5575 
15:52:10.411 INFO  Watching 90 Slashs, 47 Channels and 9 Users in  2 Servers 
15:52:10.411 INFO  ------------------------------------- 
15:52:10.420 INFO  Your app is listening a http://localhost:3000 
15:52:10.478 INFO  Mongodb connected! 
15:53:09.517 INFO  Logged in as Comfi Dev#5575 
15:53:09.518 INFO  Watching 90 Slashs, 47 Channels and 9 Users in  2 Servers 
15:53:09.518 INFO  ------------------------------------- 
15:53:09.530 INFO  Your app is listening a http://localhost:3000 
15:53:09.567 INFO  Mongodb connected! 
15:53:58.045 INFO   
16:02:22.745 INFO  Logged in as Comfi Dev#5575 
16:02:22.746 INFO  Watching 90 Slashs, 47 Channels and 9 Users in  2 Servers 
16:02:22.746 INFO  ------------------------------------- 
16:02:22.762 INFO  Your app is listening a http://localhost:3000 
16:02:22.880 INFO  Mongodb connected! 
16:03:45.577 INFO  Logged in as Comfi Dev#5575 
16:03:45.578 INFO  Watching 90 Slashs, 47 Channels and 9 Users in  2 Servers 
16:03:45.579 INFO  ------------------------------------- 
16:03:45.586 INFO  Your app is listening a http://localhost:3000 
16:03:45.600 INFO  Mongodb connected! 
