04:43:27.560 INFO  Logged in as Comfi Dev#5575 
04:43:27.563 INFO  Watching 91 Slashs, 46 Channels and 9 Users in  2 Servers 
04:43:27.563 INFO  ------------------------------------- 
04:43:27.571 INFO  Your app is listening a http://localhost:3000 
04:43:27.915 INFO  Mongodb connected! 
04:44:04.790 INFO  Logged in as Comfi Dev#5575 
04:44:04.792 INFO  Watching 91 Slashs, 46 Channels and 9 Users in  2 Servers 
04:44:04.792 INFO  ------------------------------------- 
04:44:04.800 INFO  Your app is listening a http://localhost:3000 
04:44:05.048 INFO  Mongodb connected! 
04:50:08.700 INFO  Logged in as Comfi Dev#5575 
04:50:08.702 INFO  Watching 91 Slashs, 47 Channels and 9 Users in  2 Servers 
04:50:08.702 INFO  ------------------------------------- 
04:50:08.707 INFO  Your app is listening a http://localhost:3000 
04:50:08.809 INFO  Mongodb connected! 
04:54:22.992 INFO  Logged in as Comfi Dev#5575 
04:54:22.993 INFO  Watching 91 Slashs, 46 Channels and 9 Users in  2 Servers 
04:54:22.993 INFO  ------------------------------------- 
04:54:22.998 INFO  Your app is listening a http://localhost:3000 
04:54:23.182 INFO  Mongodb connected! 
04:57:41.387 INFO  Logged in as Comfi Dev#5575 
04:57:41.388 INFO  Watching 91 Slashs, 46 Channels and 9 Users in  2 Servers 
04:57:41.388 INFO  ------------------------------------- 
04:57:41.395 INFO  Your app is listening a http://localhost:3000 
04:57:41.642 INFO  Mongodb connected! 
04:59:20.043 INFO  Logged in as Comfi Dev#5575 
04:59:20.044 INFO  Watching 91 Slashs, 46 Channels and 9 Users in  2 Servers 
04:59:20.044 INFO  ------------------------------------- 
04:59:20.051 INFO  Your app is listening a http://localhost:3000 
04:59:20.405 INFO  Mongodb connected! 
06:08:50.167 INFO  Logged in as Comfi Dev#5575 
06:08:50.169 INFO  Watching 91 Slashs, 46 Channels and 9 Users in  2 Servers 
06:08:50.169 INFO  ------------------------------------- 
06:08:50.185 INFO  Your app is listening a http://localhost:3000 
06:08:50.392 INFO  Mongodb connected! 
06:11:09.917 INFO  Logged in as Comfi Dev#5575 
06:11:09.920 INFO  Watching 91 Slashs, 46 Channels and 9 Users in  2 Servers 
06:11:09.921 INFO  ------------------------------------- 
06:11:09.929 INFO  Your app is listening a http://localhost:3000 
06:11:10.148 INFO  Mongodb connected! 
06:23:43.972 INFO  Logged in as Comfi Dev#5575 
06:23:43.973 INFO  Watching 91 Slashs, 46 Channels and 9 Users in  2 Servers 
06:23:43.974 INFO  ------------------------------------- 
06:23:43.984 INFO  Your app is listening a http://localhost:3000 
06:23:44.162 INFO  Mongodb connected! 
06:27:41.866 INFO  Logged in as Comfi Dev#5575 
06:27:41.867 INFO  Watching 91 Slashs, 46 Channels and 9 Users in  2 Servers 
06:27:41.867 INFO  ------------------------------------- 
06:27:41.884 INFO  Your app is listening a http://localhost:3000 
06:27:41.988 INFO  Mongodb connected! 
06:44:23.275 INFO  Logged in as Comfi Dev#5575 
06:44:23.276 INFO  Watching 91 Slashs, 46 Channels and 9 Users in  2 Servers 
06:44:23.281 INFO  ------------------------------------- 
06:44:23.293 INFO  Your app is listening a http://localhost:3000 
06:44:23.489 INFO  Mongodb connected! 
06:45:38.913 INFO  Logged in as Comfi Dev#5575 
06:45:38.914 INFO  Watching 91 Slashs, 46 Channels and 9 Users in  2 Servers 
06:45:38.914 INFO  ------------------------------------- 
06:45:38.921 INFO  Your app is listening a http://localhost:3000 
06:45:39.261 INFO  Mongodb connected! 
07:11:40.740 INFO  Logged in as Comfi Dev#5575 
07:11:40.742 INFO  Watching 89 Slashs, 46 Channels and 9 Users in  2 Servers 
07:11:40.742 INFO  ------------------------------------- 
07:11:40.748 INFO  Your app is listening a http://localhost:3000 
07:11:41.023 INFO  Mongodb connected! 
07:13:12.821 INFO  Logged in as Comfi Dev#5575 
07:13:12.822 INFO  Watching 89 Slashs, 46 Channels and 9 Users in  2 Servers 
07:13:12.822 INFO  ------------------------------------- 
07:13:12.829 INFO  Your app is listening a http://localhost:3000 
07:13:12.934 INFO  Mongodb connected! 
07:19:30.166 INFO  Logged in as Comfi Dev#5575 
07:19:30.168 INFO  Watching 89 Slashs, 46 Channels and 9 Users in  2 Servers 
07:19:30.168 INFO  ------------------------------------- 
07:19:30.175 INFO  Your app is listening a http://localhost:3000 
07:19:30.405 INFO  Mongodb connected! 
07:39:29.532 INFO  Logged in as Comfi Dev#5575 
07:39:29.534 INFO  Watching 89 Slashs, 46 Channels and 9 Users in  2 Servers 
07:39:29.534 INFO  ------------------------------------- 
07:39:29.543 INFO  Your app is listening a http://localhost:3000 
07:39:29.943 INFO  Mongodb connected! 
07:47:32.738 INFO  Logged in as Comfi Dev#5575 
07:47:32.739 INFO  Watching 89 Slashs, 46 Channels and 9 Users in  2 Servers 
07:47:32.739 INFO  ------------------------------------- 
07:47:32.749 INFO  Your app is listening a http://localhost:3000 
07:47:33.127 INFO  Mongodb connected! 
07:51:08.265 INFO  Logged in as Comfi Dev#5575 
07:51:08.267 INFO  Watching 89 Slashs, 46 Channels and 9 Users in  2 Servers 
07:51:08.269 INFO  ------------------------------------- 
07:51:08.281 INFO  Your app is listening a http://localhost:3000 
07:51:08.655 INFO  Mongodb connected! 
07:52:50.622 INFO  Logged in as Comfi Dev#5575 
07:52:50.624 INFO  Watching 89 Slashs, 46 Channels and 9 Users in  2 Servers 
07:52:50.626 INFO  ------------------------------------- 
07:52:50.708 INFO  Your app is listening a http://localhost:3000 
07:52:51.021 INFO  Mongodb connected! 
07:55:07.985 INFO  Logged in as Comfi Dev#5575 
07:55:07.990 INFO  Watching 89 Slashs, 46 Channels and 9 Users in  2 Servers 
07:55:07.990 INFO  ------------------------------------- 
07:55:08.000 INFO  Your app is listening a http://localhost:3000 
07:55:08.395 INFO  Mongodb connected! 
07:58:43.701 INFO  Logged in as Comfi Dev#5575 
07:58:43.703 INFO  Watching 89 Slashs, 46 Channels and 9 Users in  2 Servers 
07:58:43.704 INFO  ------------------------------------- 
07:58:43.722 INFO  Your app is listening a http://localhost:3000 
07:58:44.140 INFO  Mongodb connected! 
08:29:40.417 INFO  Logged in as Comfi Dev#5575 
08:29:40.418 INFO  Watching 89 Slashs, 46 Channels and 9 Users in  2 Servers 
08:29:40.418 INFO  ------------------------------------- 
08:29:40.429 INFO  Your app is listening a http://localhost:3000 
08:29:40.786 INFO  Mongodb connected! 
08:48:44.404 INFO  Logged in as Comfi Dev#5575 
08:48:44.406 INFO  Watching 89 Slashs, 46 Channels and 9 Users in  2 Servers 
08:48:44.407 INFO  ------------------------------------- 
08:48:44.415 INFO  Your app is listening a http://localhost:3000 
08:48:44.745 INFO  Mongodb connected! 
08:52:20.967 INFO  Logged in as Comfi Dev#5575 
08:52:20.969 INFO  Watching 89 Slashs, 46 Channels and 9 Users in  2 Servers 
08:52:20.969 INFO  ------------------------------------- 
08:52:20.978 INFO  Your app is listening a http://localhost:3000 
08:52:21.329 INFO  Mongodb connected! 
08:57:58.151 INFO  Logged in as Comfi Dev#5575 
08:57:58.152 INFO  Watching 89 Slashs, 46 Channels and 9 Users in  2 Servers 
08:57:58.153 INFO  ------------------------------------- 
08:57:58.169 INFO  Your app is listening a http://localhost:3000 
08:57:58.623 INFO  Mongodb connected! 
09:54:38.024 INFO  Logged in as Comfi Dev#5575 
09:54:38.027 INFO  Watching 88 Slashs, 46 Channels and 9 Users in  2 Servers 
09:54:38.027 INFO  ------------------------------------- 
09:54:38.039 INFO  Your app is listening a http://localhost:3000 
09:54:38.592 INFO  Mongodb connected! 
10:00:59.878 INFO  Logged in as Comfi Dev#5575 
10:00:59.880 INFO  Watching 88 Slashs, 46 Channels and 9 Users in  2 Servers 
10:00:59.881 INFO  ------------------------------------- 
10:00:59.898 INFO  Your app is listening a http://localhost:3000 
10:01:00.224 INFO  Mongodb connected! 
10:07:51.343 INFO  Logged in as Comfi Dev#5575 
10:07:51.349 INFO  Watching 88 Slashs, 46 Channels and 9 Users in  2 Servers 
10:07:51.349 INFO  ------------------------------------- 
10:07:51.377 INFO  Your app is listening a http://localhost:3000 
10:07:51.681 INFO  Mongodb connected! 
10:10:42.739 INFO  Logged in as Comfi Dev#5575 
10:10:42.740 INFO  Watching 88 Slashs, 46 Channels and 9 Users in  2 Servers 
10:10:42.740 INFO  ------------------------------------- 
10:10:42.750 INFO  Your app is listening a http://localhost:3000 
10:10:43.254 INFO  Mongodb connected! 
10:13:47.442 INFO  Logged in as Comfi Dev#5575 
10:13:47.446 INFO  Watching 88 Slashs, 46 Channels and 9 Users in  2 Servers 
10:13:47.446 INFO  ------------------------------------- 
10:13:47.464 INFO  Your app is listening a http://localhost:3000 
10:13:47.741 INFO  Mongodb connected! 
10:18:29.235 INFO  Logged in as Comfi Dev#5575 
10:18:29.239 INFO  Watching 88 Slashs, 46 Channels and 9 Users in  2 Servers 
10:18:29.239 INFO  ------------------------------------- 
10:18:29.249 INFO  Your app is listening a http://localhost:3000 
10:18:29.558 INFO  Mongodb connected! 
10:20:12.778 INFO  Logged in as Comfi Dev#5575 
10:20:12.781 INFO  Watching 88 Slashs, 46 Channels and 9 Users in  2 Servers 
10:20:12.782 INFO  ------------------------------------- 
10:20:12.790 INFO  Your app is listening a http://localhost:3000 
10:20:13.256 INFO  Mongodb connected! 
14:31:18.619 INFO  Logged in as Comfi Dev#5575 
14:31:18.620 INFO  Watching 88 Slashs, 46 Channels and 10 Users in  2 Servers 
14:31:18.620 INFO  ------------------------------------- 
14:31:18.628 INFO  Your app is listening a http://localhost:3000 
14:31:18.879 INFO  Mongodb connected! 
14:51:30.825 INFO  Logged in as Comfi Dev#5575 
14:51:30.826 INFO  Watching 88 Slashs, 46 Channels and 10 Users in  2 Servers 
14:51:30.828 INFO  ------------------------------------- 
14:51:30.835 INFO  Your app is listening a http://localhost:3000 
14:51:31.147 INFO  Mongodb connected! 
15:22:37.172 INFO  Logged in as Comfi Dev#5575 
15:22:37.174 INFO  Watching 88 Slashs, 147 Channels and 4800 Users in  3 Servers 
15:22:37.175 INFO  ------------------------------------- 
15:22:37.283 INFO  Your app is listening a http://localhost:3000 
15:22:37.561 INFO  Mongodb connected! 
15:28:18.941 INFO  Logged in as Comfi Dev#5575 
15:28:18.942 INFO  Watching 88 Slashs, 147 Channels and 4797 Users in  3 Servers 
15:28:18.943 INFO  ------------------------------------- 
15:28:19.065 INFO  Your app is listening a http://localhost:3000 
15:28:19.293 INFO  Mongodb connected! 
15:30:15.483 INFO  Logged in as Comfi Dev#5575 
15:30:15.485 INFO  Watching 88 Slashs, 147 Channels and 4797 Users in  3 Servers 
15:30:15.488 INFO  ------------------------------------- 
15:30:15.513 INFO  Your app is listening a http://localhost:3000 
15:30:15.749 INFO  Mongodb connected! 
15:39:41.624 INFO  Mongodb connected! 
15:39:42.316 INFO  Logged in as Comfi Dev#5575 
15:39:42.317 INFO  Watching 88 Slashs, 147 Channels and 4797 Users in  3 Servers 
15:39:42.317 INFO  ------------------------------------- 
15:39:42.394 INFO  Your app is listening a http://localhost:3000 
15:40:46.819 INFO  Logged in as Comfi Dev#5575 
15:40:46.821 INFO  Watching 88 Slashs, 147 Channels and 4797 Users in  3 Servers 
15:40:46.822 INFO  ------------------------------------- 
15:40:46.906 INFO  Your app is listening a http://localhost:3000 
15:40:47.123 INFO  Mongodb connected! 
15:42:29.883 INFO  Logged in as Comfi Dev#5575 
15:42:29.888 INFO  Watching 88 Slashs, 147 Channels and 4799 Users in  3 Servers 
15:42:29.888 INFO  ------------------------------------- 
15:42:29.915 INFO  Your app is listening a http://localhost:3000 
15:42:30.076 INFO  Mongodb connected! 
