04:26:41.105 INFO  Loaded Guild commands... 
04:26:42.503 INFO  Mongodb connected! 
04:26:43.795 INFO  {"Bot User:":"Comfi Dev#5575","Guild(s):":"4 Servers","Watching:":"18 Members","Prefix:":"/","Commands:":"86","Discord.js:":"v13.6.0","Node.js:":"v17.4.0","Plattform:":"linux x64","Memory:":"49.16 MB / 125.32 MB"} 
04:26:43.800 INFO  ------------------------------------- 
04:26:43.809 INFO  Listening on port http://localhost:8080 
04:44:15.231 INFO  Loaded Guild commands... 
04:44:15.914 INFO  Mongodb connected! 
04:44:17.501 INFO  {"Bot User:":"Comfi Dev#5575","Guild(s):":"4 Servers","Watching:":"18 Members","Prefix:":"/","Commands:":"86","Discord.js:":"v13.6.0","Node.js:":"v17.4.0","Plattform:":"linux x64","Memory:":"53.64 MB / 124.28 MB"} 
04:44:17.542 INFO  ------------------------------------- 
04:52:41.410 INFO  Loaded Guild commands... 
04:52:41.815 INFO  Mongodb connected! 
04:52:42.813 INFO  {"Bot User:":"Comfi Dev#5575","Guild(s):":"4 Servers","Watching:":"18 Members","Prefix:":"/","Commands:":"86","Discord.js:":"v13.6.0","Node.js:":"v17.4.0","Plattform:":"linux x64","Memory:":"48.98 MB / 125.00 MB"} 
04:52:42.817 INFO  ------------------------------------- 
04:57:32.667 INFO  Loaded Guild commands... 
04:57:33.286 INFO  Mongodb connected! 
04:57:34.281 INFO  {"Bot User:":"Comfi Dev#5575","Guild(s):":"4 Servers","Watching:":"18 Members","Prefix:":"/","Commands:":"86","Discord.js:":"v13.6.0","Node.js:":"v17.4.0","Plattform:":"linux x64","Memory:":"49.44 MB / 124.70 MB"} 
04:57:34.284 INFO  ------------------------------------- 
05:04:28.344 INFO  Loaded Guild commands... 
05:04:28.751 INFO  Mongodb connected! 
05:04:29.682 INFO  {"Bot User:":"Comfi Dev#5575","Guild(s):":"4 Servers","Watching:":"18 Members","Prefix:":"/","Commands:":"86","Discord.js:":"v13.6.0","Node.js:":"v17.4.0","Plattform:":"linux x64","Memory:":"53.46 MB / 125.10 MB"} 
05:04:29.694 INFO  ------------------------------------- 
05:20:21.850 INFO  Loaded Guild commands... 
05:20:22.366 INFO  Mongodb connected! 
05:20:23.463 INFO  {"Bot User:":"Comfi Dev#5575","Guild(s):":"4 Servers","Watching:":"18 Members","Prefix:":"/","Commands:":"86","Discord.js:":"v13.6.0","Node.js:":"v17.4.0","Plattform:":"linux x64","Memory:":"51.43 MB / 124.86 MB"} 
05:20:23.471 INFO  ------------------------------------- 
06:12:08.808 INFO  Loaded Guild commands... 
06:12:09.735 INFO  Mongodb connected! 
06:12:11.142 INFO  {"Bot User:":"Comfi Dev#5575","Guild(s):":"4 Servers","Watching:":"18 Members","Prefix:":"/","Commands:":"86","Discord.js:":"v13.6.0","Node.js:":"v17.4.0","Plattform:":"linux x64","Memory:":"48.85 MB / 124.28 MB"} 
06:12:11.164 INFO  ------------------------------------- 
06:16:07.188 INFO  Loaded Guild commands... 
06:16:07.473 INFO  Mongodb connected! 
06:16:08.479 INFO  {"Bot User:":"Comfi Dev#5575","Guild(s):":"4 Servers","Watching:":"18 Members","Prefix:":"/","Commands:":"86","Discord.js:":"v13.6.0","Node.js:":"v17.4.0","Plattform:":"linux x64","Memory:":"49.34 MB / 125.55 MB"} 
06:16:08.484 INFO  ------------------------------------- 
06:16:39.163 INFO  Loaded Guild commands... 
06:16:40.333 INFO  Mongodb connected! 
06:16:41.385 INFO  {"Bot User:":"Comfi Dev#5575","Guild(s):":"4 Servers","Watching:":"18 Members","Prefix:":"/","Commands:":"86","Discord.js:":"v13.6.0","Node.js:":"v17.4.0","Plattform:":"linux x64","Memory:":"49.23 MB / 124.89 MB"} 
06:16:41.388 INFO  ------------------------------------- 
06:17:37.560 INFO  Loaded Guild commands... 
06:17:38.011 INFO  Mongodb connected! 
06:17:39.125 INFO  {"Bot User:":"Comfi Dev#5575","Guild(s):":"4 Servers","Watching:":"18 Members","Prefix:":"/","Commands:":"86","Discord.js:":"v13.6.0","Node.js:":"v17.4.0","Plattform:":"linux x64","Memory:":"49.58 MB / 124.71 MB"} 
06:17:39.129 INFO  ------------------------------------- 
07:34:25.152 INFO  Mongodb connected! 
07:34:25.191 INFO  Loaded Guild commands... 
07:34:25.579 INFO  {"Bot User:":"Comfi Dev#5575","Guild(s):":"4 Servers","Watching:":"18 Members","Prefix:":"/","Commands:":"86","Discord.js:":"v13.6.0","Node.js:":"v17.4.0","Plattform:":"linux x64","Memory:":"52.94 MB / 124.64 MB"} 
07:34:25.588 INFO  ------------------------------------- 
07:39:34.667 INFO  Mongodb connected! 
07:39:35.883 INFO  Loaded Guild commands... 
07:39:37.806 INFO  {"Bot User:":"Comfi Dev#5575","Guild(s):":"4 Servers","Watching:":"18 Members","Prefix:":"/","Commands:":"86","Discord.js:":"v13.6.0","Node.js:":"v17.4.0","Plattform:":"linux x64","Memory:":"49.04 MB / 124.86 MB"} 
07:39:37.840 INFO  ------------------------------------- 
07:41:46.447 INFO  Loaded Guild commands... 
07:41:47.549 INFO  Mongodb connected! 
07:41:49.086 INFO  {"Bot User:":"Comfi Dev#5575","Guild(s):":"4 Servers","Watching:":"18 Members","Prefix:":"/","Commands:":"86","Discord.js:":"v13.6.0","Node.js:":"v17.4.0","Plattform:":"linux x64","Memory:":"49.29 MB / 124.79 MB"} 
07:41:49.120 INFO  ------------------------------------- 
07:53:16.856 INFO  Loaded Guild commands... 
07:53:17.544 INFO  Mongodb connected! 
07:53:18.659 INFO  {"Bot User:":"Comfi Dev#5575","Guild(s):":"4 Servers","Watching:":"18 Members","Prefix:":"/","Commands:":"86","Discord.js:":"v13.6.0","Node.js:":"v17.4.0","Plattform:":"linux x64","Memory:":"52.45 MB / 124.95 MB"} 
07:53:18.665 INFO  ------------------------------------- 
08:24:12.011 INFO  Loaded Guild commands... 
08:24:12.540 INFO  Mongodb connected! 
08:24:13.442 INFO  {"Bot User:":"Comfi Dev#5575","Guild(s):":"4 Servers","Watching:":"18 Members","Prefix:":"/","Commands:":"86","Discord.js:":"v13.6.0","Node.js:":"v17.4.0","Plattform:":"linux x64","Memory:":"53.66 MB / 125.00 MB"} 
08:24:13.447 INFO  ------------------------------------- 
08:38:50.342 INFO  Loaded Guild commands... 
08:38:50.568 INFO  Mongodb connected! 
08:38:51.592 INFO  {"Bot User:":"Comfi Dev#5575","Guild(s):":"4 Servers","Watching:":"18 Members","Prefix:":"/","Commands:":"86","Discord.js:":"v13.6.0","Node.js:":"v17.4.0","Plattform:":"linux x64","Memory:":"49.96 MB / 124.31 MB"} 
08:38:51.596 INFO  ------------------------------------- 
08:39:28.987 INFO  Loaded Guild commands... 
08:39:29.241 INFO  Mongodb connected! 
08:39:30.168 INFO  {"Bot User:":"Comfi Dev#5575","Guild(s):":"4 Servers","Watching:":"18 Members","Prefix:":"/","Commands:":"86","Discord.js:":"v13.6.0","Node.js:":"v17.4.0","Plattform:":"linux x64","Memory:":"53.68 MB / 125.55 MB"} 
08:39:30.174 INFO  ------------------------------------- 
08:40:19.929 INFO  Loaded Guild commands... 
08:40:20.239 INFO  Mongodb connected! 
08:40:21.151 INFO  {"Bot User:":"Comfi Dev#5575","Guild(s):":"4 Servers","Watching:":"18 Members","Prefix:":"/","Commands:":"86","Discord.js:":"v13.6.0","Node.js:":"v17.4.0","Plattform:":"linux x64","Memory:":"51.54 MB / 125.57 MB"} 
08:40:21.156 INFO  ------------------------------------- 
08:40:58.932 INFO  Loaded Guild commands... 
08:40:59.000 INFO  Mongodb connected! 
08:40:59.981 INFO  {"Bot User:":"Comfi Dev#5575","Guild(s):":"4 Servers","Watching:":"18 Members","Prefix:":"/","Commands:":"86","Discord.js:":"v13.6.0","Node.js:":"v17.4.0","Plattform:":"linux x64","Memory:":"51.29 MB / 125.48 MB"} 
08:40:59.988 INFO  ------------------------------------- 
08:44:46.803 INFO  Loaded Guild commands... 
08:44:47.287 INFO  Mongodb connected! 
08:44:48.201 INFO  {"Bot User:":"Comfi Dev#5575","Guild(s):":"4 Servers","Watching:":"18 Members","Prefix:":"/","Commands:":"86","Discord.js:":"v13.6.0","Node.js:":"v17.4.0","Plattform:":"linux x64","Memory:":"52.16 MB / 125.63 MB"} 
08:44:48.210 INFO  ------------------------------------- 
08:46:06.285 INFO  Loaded Guild commands... 
08:46:06.707 INFO  Mongodb connected! 
08:46:07.719 INFO  {"Bot User:":"Comfi Dev#5575","Guild(s):":"4 Servers","Watching:":"18 Members","Prefix:":"/","Commands:":"86","Discord.js:":"v13.6.0","Node.js:":"v17.4.0","Plattform:":"linux x64","Memory:":"51.33 MB / 125.38 MB"} 
08:46:07.722 INFO  ------------------------------------- 
10:03:51.830 INFO  Mongodb connected! 
10:03:51.895 INFO  Loaded Guild commands... 
10:03:53.005 INFO  {"Bot User:":"Comfi Dev#5575","Guild(s):":"4 Servers","Watching:":"18 Members","Prefix:":"/","Commands:":"86","Discord.js:":"v13.6.0","Node.js:":"v17.4.0","Plattform:":"linux x64","Memory:":"49.17 MB / 125.67 MB"} 
10:03:53.021 INFO  ------------------------------------- 
10:13:44.204 INFO  Loaded Guild commands... 
10:13:44.294 INFO  Mongodb connected! 
10:13:45.221 INFO  {"Bot User:":"Comfi Dev#5575","Guild(s):":"4 Servers","Watching:":"18 Members","Prefix:":"/","Commands:":"86","Discord.js:":"v13.6.0","Node.js:":"v17.4.0","Plattform:":"linux x64","Memory:":"53.26 MB / 125.20 MB"} 
10:13:45.225 INFO  ------------------------------------- 
10:19:54.066 INFO  Loaded Guild commands... 
10:19:54.353 INFO  Mongodb connected! 
10:19:55.322 INFO  {"Bot User:":"Comfi Dev#5575","Guild(s):":"4 Servers","Watching:":"18 Members","Prefix:":"/","Commands:":"86","Discord.js:":"v13.6.0","Node.js:":"v17.4.0","Plattform:":"linux x64","Memory:":"49.17 MB / 124.67 MB"} 
10:19:55.338 INFO  ------------------------------------- 
10:29:09.873 INFO  Loaded Guild commands... 
10:29:10.212 INFO  Mongodb connected! 
10:29:11.139 INFO  {"Bot User:":"Comfi Dev#5575","Guild(s):":"4 Servers","Watching:":"18 Members","Prefix:":"/","Commands:":"86","Discord.js:":"v13.6.0","Node.js:":"v17.4.0","Plattform:":"linux x64","Memory:":"51.37 MB / 123.39 MB"} 
10:29:11.142 INFO  ------------------------------------- 
10:40:00.955 INFO  Loaded Guild commands... 
10:40:01.241 INFO  Mongodb connected! 
10:40:02.297 INFO  {"Bot User:":"Comfi Dev#5575","Guild(s):":"4 Servers","Watching:":"18 Members","Prefix:":"/","Commands:":"86","Discord.js:":"v13.6.0","Node.js:":"v17.4.0","Plattform:":"linux x64","Memory:":"50.04 MB / 123.97 MB"} 
10:40:02.300 INFO  ------------------------------------- 
10:48:18.761 INFO  Loaded Guild commands... 
10:48:19.181 INFO  Mongodb connected! 
10:48:20.158 INFO  {"Bot User:":"Comfi Dev#5575","Guild(s):":"4 Servers","Watching:":"18 Members","Prefix:":"/","Commands:":"86","Discord.js:":"v13.6.0","Node.js:":"v17.4.0","Plattform:":"linux x64","Memory:":"49.13 MB / 125.16 MB"} 
10:48:20.163 INFO  ------------------------------------- 
11:04:42.773 INFO  Loaded Guild commands... 
11:04:42.963 INFO  Mongodb connected! 
11:04:44.041 INFO  {"Bot User:":"Comfi Dev#5575","Guild(s):":"4 Servers","Watching:":"18 Members","Prefix:":"/","Commands:":"86","Discord.js:":"v13.6.0","Node.js:":"v17.4.0","Plattform:":"linux x64","Memory:":"48.75 MB / 124.36 MB"} 
11:04:44.048 INFO  ------------------------------------- 
11:19:23.127 INFO  Loaded Guild commands... 
11:19:23.527 INFO  Mongodb connected! 
11:19:24.466 INFO  {"Bot User:":"Comfi Dev#5575","Guild(s):":"4 Servers","Watching:":"18 Members","Prefix:":"/","Commands:":"86","Discord.js:":"v13.6.0","Node.js:":"v17.4.0","Plattform:":"linux x64","Memory:":"49.16 MB / 124.71 MB"} 
11:19:24.474 INFO  ------------------------------------- 
11:23:54.986 INFO  Loaded Guild commands... 
11:23:55.241 INFO  Mongodb connected! 
11:23:56.255 INFO  {"Bot User:":"Comfi Dev#5575","Guild(s):":"4 Servers","Watching:":"18 Members","Prefix:":"/","Commands:":"86","Discord.js:":"v13.6.0","Node.js:":"v17.4.0","Plattform:":"linux x64","Memory:":"49.97 MB / 125.35 MB"} 
11:23:56.259 INFO  ------------------------------------- 
11:30:41.380 INFO  Loaded Guild commands... 
11:30:41.677 INFO  Mongodb connected! 
11:30:42.631 INFO  {"Bot User:":"Comfi Dev#5575","Guild(s):":"4 Servers","Watching:":"18 Members","Prefix:":"/","Commands:":"86","Discord.js:":"v13.6.0","Node.js:":"v17.4.0","Plattform:":"linux x64","Memory:":"48.89 MB / 125.52 MB"} 
11:30:42.634 INFO  ------------------------------------- 
11:31:52.136 INFO  Loaded Guild commands... 
11:31:52.260 INFO  Mongodb connected! 
11:31:53.197 INFO  {"Bot User:":"Comfi Dev#5575","Guild(s):":"4 Servers","Watching:":"18 Members","Prefix:":"/","Commands:":"86","Discord.js:":"v13.6.0","Node.js:":"v17.4.0","Plattform:":"linux x64","Memory:":"53.38 MB / 124.05 MB"} 
11:31:53.200 INFO  ------------------------------------- 
11:34:06.324 INFO  Loaded Guild commands... 
11:34:06.726 INFO  Mongodb connected! 
11:34:07.613 INFO  {"Bot User:":"Comfi Dev#5575","Guild(s):":"4 Servers","Watching:":"18 Members","Prefix:":"/","Commands:":"86","Discord.js:":"v13.6.0","Node.js:":"v17.4.0","Plattform:":"linux x64","Memory:":"52.14 MB / 125.20 MB"} 
11:34:07.617 INFO  ------------------------------------- 
12:04:09.800 INFO  Loaded Guild commands... 
12:04:10.212 INFO  Mongodb connected! 
12:04:11.094 INFO  {"Bot User:":"Comfi Dev#5575","Guild(s):":"4 Servers","Watching:":"18 Members","Prefix:":"/","Commands:":"86","Discord.js:":"v13.6.0","Node.js:":"v17.4.0","Plattform:":"linux x64","Memory:":"53.60 MB / 123.76 MB"} 
12:04:11.100 INFO  ------------------------------------- 
12:10:51.998 INFO  Loaded Guild commands... 
12:10:52.167 INFO  Mongodb connected! 
12:10:53.195 INFO  {"Bot User:":"Comfi Dev#5575","Guild(s):":"4 Servers","Watching:":"18 Members","Prefix:":"/","Commands:":"86","Discord.js:":"v13.6.0","Node.js:":"v17.4.0","Plattform:":"linux x64","Memory:":"49.83 MB / 124.93 MB"} 
12:10:53.198 INFO  ------------------------------------- 
12:15:50.914 INFO  Loaded Guild commands... 
12:15:51.308 INFO  Mongodb connected! 
12:15:52.322 INFO  {"Bot User:":"Comfi Dev#5575","Guild(s):":"4 Servers","Watching:":"18 Members","Prefix:":"/","Commands:":"86","Discord.js:":"v13.6.0","Node.js:":"v17.4.0","Plattform:":"linux x64","Memory:":"48.88 MB / 124.69 MB"} 
12:15:52.326 INFO  ------------------------------------- 
12:19:23.385 INFO  Loaded Guild commands... 
12:19:23.717 INFO  Mongodb connected! 
12:19:24.626 INFO  {"Bot User:":"Comfi Dev#5575","Guild(s):":"4 Servers","Watching:":"18 Members","Prefix:":"/","Commands:":"86","Discord.js:":"v13.6.0","Node.js:":"v17.4.0","Plattform:":"linux x64","Memory:":"53.61 MB / 124.90 MB"} 
12:19:24.630 INFO  ------------------------------------- 
12:41:45.571 INFO  Loaded Guild commands... 
12:41:45.896 INFO  Mongodb connected! 
12:41:47.018 INFO  {"Bot User:":"Comfi Dev#5575","Guild(s):":"4 Servers","Watching:":"18 Members","Prefix:":"/","Commands:":"86","Discord.js:":"v13.6.0","Node.js:":"v17.4.0","Plattform:":"linux x64","Memory:":"51.47 MB / 125.84 MB"} 
12:41:47.028 INFO  ------------------------------------- 
13:02:07.401 INFO  Loaded Guild commands... 
13:02:07.754 INFO  Mongodb connected! 
13:02:09.085 INFO  {"Bot User:":"Comfi Dev#5575","Guild(s):":"4 Servers","Watching:":"18 Members","Prefix:":"/","Commands:":"86","Discord.js:":"v13.6.0","Node.js:":"v17.4.0","Plattform:":"linux x64","Memory:":"48.91 MB / 125.49 MB"} 
13:02:09.093 INFO  ------------------------------------- 
13:05:32.812 INFO  Loaded Guild commands... 
13:05:32.986 INFO  Mongodb connected! 
13:05:33.951 INFO  {"Bot User:":"Comfi Dev#5575","Guild(s):":"4 Servers","Watching:":"18 Members","Prefix:":"/","Commands:":"86","Discord.js:":"v13.6.0","Node.js:":"v17.4.0","Plattform:":"linux x64","Memory:":"53.97 MB / 124.30 MB"} 
13:05:33.954 INFO  ------------------------------------- 
13:07:22.654 INFO  Loaded Guild commands... 
13:07:22.874 INFO  Mongodb connected! 
13:07:23.812 INFO  {"Bot User:":"Comfi Dev#5575","Guild(s):":"4 Servers","Watching:":"18 Members","Prefix:":"/","Commands:":"86","Discord.js:":"v13.6.0","Node.js:":"v17.4.0","Plattform:":"linux x64","Memory:":"48.95 MB / 125.11 MB"} 
13:07:23.815 INFO  ------------------------------------- 
13:08:38.392 INFO  Loaded Guild commands... 
13:08:38.627 INFO  Mongodb connected! 
13:08:39.582 INFO  {"Bot User:":"Comfi Dev#5575","Guild(s):":"4 Servers","Watching:":"18 Members","Prefix:":"/","Commands:":"86","Discord.js:":"v13.6.0","Node.js:":"v17.4.0","Plattform:":"linux x64","Memory:":"50.46 MB / 124.10 MB"} 
13:08:39.589 INFO  ------------------------------------- 
13:14:14.525 INFO  Loaded Guild commands... 
13:14:14.823 INFO  Mongodb connected! 
13:14:15.729 INFO  {"Bot User:":"Comfi Dev#5575","Guild(s):":"4 Servers","Watching:":"18 Members","Prefix:":"/","Commands:":"86","Discord.js:":"v13.6.0","Node.js:":"v17.4.0","Plattform:":"linux x64","Memory:":"53.30 MB / 124.17 MB"} 
13:14:15.731 INFO  ------------------------------------- 
13:27:06.566 INFO  Loaded Guild commands... 
13:27:06.591 INFO  Mongodb connected! 
13:27:07.509 INFO  {"Bot User:":"Comfi Dev#5575","Guild(s):":"4 Servers","Watching:":"18 Members","Prefix:":"/","Commands:":"86","Discord.js:":"v13.6.0","Node.js:":"v17.4.0","Plattform:":"linux x64","Memory:":"49.46 MB / 125.65 MB"} 
13:27:07.511 INFO  ------------------------------------- 
13:32:19.779 INFO  Loaded Guild commands... 
13:32:20.042 INFO  Mongodb connected! 
13:32:20.957 INFO  {"Bot User:":"Comfi Dev#5575","Guild(s):":"4 Servers","Watching:":"18 Members","Prefix:":"/","Commands:":"86","Discord.js:":"v13.6.0","Node.js:":"v17.4.0","Plattform:":"linux x64","Memory:":"49.55 MB / 124.76 MB"} 
13:32:20.959 INFO  ------------------------------------- 
13:35:17.511 INFO  Loaded Guild commands... 
13:35:17.846 INFO  Mongodb connected! 
13:35:18.738 INFO  {"Bot User:":"Comfi Dev#5575","Guild(s):":"4 Servers","Watching:":"18 Members","Prefix:":"/","Commands:":"86","Discord.js:":"v13.6.0","Node.js:":"v17.4.0","Plattform:":"linux x64","Memory:":"51.95 MB / 125.64 MB"} 
13:35:18.742 INFO  ------------------------------------- 
13:36:42.363 INFO  Loaded Guild commands... 
13:36:42.672 INFO  Mongodb connected! 
13:36:43.640 INFO  {"Bot User:":"Comfi Dev#5575","Guild(s):":"4 Servers","Watching:":"18 Members","Prefix:":"/","Commands:":"86","Discord.js:":"v13.6.0","Node.js:":"v17.4.0","Plattform:":"linux x64","Memory:":"53.45 MB / 125.39 MB"} 
13:36:43.643 INFO  ------------------------------------- 
13:37:05.265 INFO  Loaded Guild commands... 
13:37:05.538 INFO  Mongodb connected! 
13:37:06.545 INFO  {"Bot User:":"Comfi Dev#5575","Guild(s):":"4 Servers","Watching:":"18 Members","Prefix:":"/","Commands:":"86","Discord.js:":"v13.6.0","Node.js:":"v17.4.0","Plattform:":"linux x64","Memory:":"49.39 MB / 125.44 MB"} 
13:37:06.548 INFO  ------------------------------------- 
