04:17:29.279 INFO  Loaded Guild commands... 
04:17:29.589 INFO  Mongodb connected! 
04:17:30.448 INFO  {"Bot User:":"Comfi Dev#5575","Guild(s):":"4 Servers","Watching:":"19 Members","Prefix:":"/","Commands:":"90","Discord.js:":"v13.5.1","Node.js:":"v17.3.0","Plattform:":"linux x64","Memory:":"51.57 MB / 125.41 MB"} 
04:17:30.453 INFO  ------------------------------------- 
04:17:30.459 INFO  Your app is listening a http://localhost:8080 
04:19:10.843 INFO  Loaded Guild commands... 
04:19:11.144 INFO  Mongodb connected! 
04:19:12.045 INFO  {"Bot User:":"Comfi Dev#5575","Guild(s):":"4 Servers","Watching:":"19 Members","Prefix:":"/","Commands:":"90","Discord.js:":"v13.5.1","Node.js:":"v17.3.0","Plattform:":"linux x64","Memory:":"51.34 MB / 126.02 MB"} 
04:19:12.049 INFO  ------------------------------------- 
04:19:12.056 INFO  Your app is listening a http://localhost:8080 
04:19:58.397 INFO  Loaded Guild commands... 
04:19:58.719 INFO  Mongodb connected! 
04:19:59.713 INFO  {"Bot User:":"Comfi Dev#5575","Guild(s):":"4 Servers","Watching:":"19 Members","Prefix:":"/","Commands:":"90","Discord.js:":"v13.5.1","Node.js:":"v17.3.0","Plattform:":"linux x64","Memory:":"48.89 MB / 125.51 MB"} 
04:19:59.717 INFO  ------------------------------------- 
04:19:59.724 INFO  Your app is listening a http://localhost:8080 
04:37:24.202 INFO  Loaded Guild commands... 
04:37:24.676 INFO  Mongodb connected! 
04:37:25.724 INFO  {"Bot User:":"Comfi Dev#5575","Guild(s):":"4 Servers","Watching:":"19 Members","Prefix:":"/","Commands:":"90","Discord.js:":"v13.5.1","Node.js:":"v17.3.0","Plattform:":"linux x64","Memory:":"49.29 MB / 124.34 MB"} 
04:37:25.730 INFO  ------------------------------------- 
04:37:25.737 INFO  Your app is listening a http://localhost:8080 
04:37:53.555 INFO  Loaded Guild commands... 
04:37:53.911 INFO  Mongodb connected! 
04:37:54.922 INFO  {"Bot User:":"Comfi Dev#5575","Guild(s):":"4 Servers","Watching:":"19 Members","Prefix:":"/","Commands:":"90","Discord.js:":"v13.5.1","Node.js:":"v17.3.0","Plattform:":"linux x64","Memory:":"48.73 MB / 124.15 MB"} 
04:37:54.927 INFO  ------------------------------------- 
04:37:54.935 INFO  Your app is listening a http://localhost:8080 
04:53:15.954 INFO  Loaded Guild commands... 
04:53:16.498 INFO  Mongodb connected! 
04:53:17.644 INFO  {"Bot User:":"Comfi Dev#5575","Guild(s):":"4 Servers","Watching:":"19 Members","Prefix:":"/","Commands:":"90","Discord.js:":"v13.5.1","Node.js:":"v17.3.0","Plattform:":"linux x64","Memory:":"50.83 MB / 124.82 MB"} 
04:53:17.648 INFO  ------------------------------------- 
04:53:17.655 INFO  Your app is listening a http://localhost:8080 
05:00:04.703 INFO  Loaded Guild commands... 
05:00:04.886 INFO  Mongodb connected! 
05:00:05.761 INFO  {"Bot User:":"Comfi Dev#5575","Guild(s):":"4 Servers","Watching:":"19 Members","Prefix:":"/","Commands:":"90","Discord.js:":"v13.5.1","Node.js:":"v17.3.0","Plattform:":"linux x64","Memory:":"53.10 MB / 125.41 MB"} 
05:00:05.765 INFO  ------------------------------------- 
05:00:05.771 INFO  Your app is listening a http://localhost:8080 
05:03:59.093 INFO  Loaded Guild commands... 
05:03:59.469 INFO  Mongodb connected! 
05:04:00.510 INFO  {"Bot User:":"Comfi Dev#5575","Guild(s):":"4 Servers","Watching:":"19 Members","Prefix:":"/","Commands:":"90","Discord.js:":"v13.5.1","Node.js:":"v17.3.0","Plattform:":"linux x64","Memory:":"49.07 MB / 125.74 MB"} 
05:04:00.515 INFO  ------------------------------------- 
05:04:00.523 INFO  Your app is listening a http://localhost:8080 
05:11:45.919 INFO  Loaded Guild commands... 
05:11:46.265 INFO  Mongodb connected! 
05:11:47.132 INFO  {"Bot User:":"Comfi Dev#5575","Guild(s):":"4 Servers","Watching:":"19 Members","Prefix:":"/","Commands:":"90","Discord.js:":"v13.5.1","Node.js:":"v17.3.0","Plattform:":"linux x64","Memory:":"51.61 MB / 125.77 MB"} 
05:11:47.136 INFO  ------------------------------------- 
05:11:47.142 INFO  Your app is listening a http://localhost:8080 
05:26:45.957 INFO  Loaded Guild commands... 
05:26:46.341 INFO  Mongodb connected! 
05:26:47.442 INFO  {"Bot User:":"Comfi Dev#5575","Guild(s):":"4 Servers","Watching:":"19 Members","Prefix:":"/","Commands:":"90","Discord.js:":"v13.5.1","Node.js:":"v17.3.0","Plattform:":"linux x64","Memory:":"49.31 MB / 124.13 MB"} 
05:26:47.450 INFO  ------------------------------------- 
05:26:47.457 INFO  Your app is listening a http://localhost:8080 
05:30:53.844 INFO  Loaded Guild commands... 
05:30:54.163 INFO  Mongodb connected! 
05:30:55.253 INFO  {"Bot User:":"Comfi Dev#5575","Guild(s):":"4 Servers","Watching:":"19 Members","Prefix:":"/","Commands:":"90","Discord.js:":"v13.5.1","Node.js:":"v17.3.0","Plattform:":"linux x64","Memory:":"48.89 MB / 125.34 MB"} 
05:30:55.258 INFO  ------------------------------------- 
05:30:55.266 INFO  Your app is listening a http://localhost:8080 
05:44:54.517 ERROR /home/runner/Comfi-beta/commands/utility/announce.js:64
        collector.on("collect", interaction) => {
                  ^^^^^^^^^^^^^^^^^^^^^^^^^

SyntaxError: Malformed arrow function parameter list
    at Object.compileFunction (node:vm:352:18)
    at wrapSafe (node:internal/modules/cjs/loader:1026:15)
    at Module._compile (node:internal/modules/cjs/loader:1061:27)
    at Object.Module._extensions..js (node:internal/modules/cjs/loader:1149:10)
    at Module.load (node:internal/modules/cjs/loader:975:32)
    at Function.Module._load (node:internal/modules/cjs/loader:822:12)
    at Module.require (node:internal/modules/cjs/loader:999:19)
    at require (node:internal/modules/cjs/helpers:102:18)
    at /home/runner/Comfi-beta/handler/index.js:17:16
    at Array.map (<anonymous>)
    at module.exports (/home/runner/Comfi-beta/handler/index.js:16:16) 
05:44:55.919 INFO  Mongodb connected! 
05:44:56.912 INFO  {"Bot User:":"Comfi Dev#5575","Guild(s):":"4 Servers","Watching:":"19 Members","Prefix:":"/","Commands:":"74","Discord.js:":"v13.5.1","Node.js:":"v17.3.0","Plattform:":"linux x64","Memory:":"51.02 MB / 121.51 MB"} 
05:44:56.927 INFO  ------------------------------------- 
05:44:56.952 INFO  Your app is listening a http://localhost:8080 
05:50:41.856 INFO  Loaded Guild commands... 
05:50:42.251 INFO  Mongodb connected! 
05:50:43.346 INFO  {"Bot User:":"Comfi Dev#5575","Guild(s):":"4 Servers","Watching:":"19 Members","Prefix:":"/","Commands:":"90","Discord.js:":"v13.5.1","Node.js:":"v17.3.0","Plattform:":"linux x64","Memory:":"49.20 MB / 125.03 MB"} 
05:50:43.350 INFO  ------------------------------------- 
05:50:43.358 INFO  Your app is listening a http://localhost:8080 
05:55:46.825 ERROR /home/runner/Comfi-beta/commands/utility/announce.js:105
collector.on("stop", async (inter, reason) => {}
                                               ^

SyntaxError: missing ) after argument list
    at Object.compileFunction (node:vm:352:18)
    at wrapSafe (node:internal/modules/cjs/loader:1026:15)
    at Module._compile (node:internal/modules/cjs/loader:1061:27)
    at Object.Module._extensions..js (node:internal/modules/cjs/loader:1149:10)
    at Module.load (node:internal/modules/cjs/loader:975:32)
    at Function.Module._load (node:internal/modules/cjs/loader:822:12)
    at Module.require (node:internal/modules/cjs/loader:999:19)
    at require (node:internal/modules/cjs/helpers:102:18)
    at /home/runner/Comfi-beta/handler/index.js:17:16
    at Array.map (<anonymous>)
    at module.exports (/home/runner/Comfi-beta/handler/index.js:16:16) 
05:55:47.738 INFO  Mongodb connected! 
05:55:48.751 INFO  {"Bot User:":"Comfi Dev#5575","Guild(s):":"4 Servers","Watching:":"19 Members","Prefix:":"/","Commands:":"74","Discord.js:":"v13.5.1","Node.js:":"v17.3.0","Plattform:":"linux x64","Memory:":"51.03 MB / 121.54 MB"} 
05:55:48.756 INFO  ------------------------------------- 
05:55:48.766 INFO  Your app is listening a http://localhost:8080 
05:58:23.878 INFO  Loaded Guild commands... 
05:58:24.345 INFO  Mongodb connected! 
05:58:25.410 INFO  {"Bot User:":"Comfi Dev#5575","Guild(s):":"4 Servers","Watching:":"19 Members","Prefix:":"/","Commands:":"90","Discord.js:":"v13.5.1","Node.js:":"v17.3.0","Plattform:":"linux x64","Memory:":"49.68 MB / 124.44 MB"} 
05:58:25.418 INFO  ------------------------------------- 
05:58:25.430 INFO  Your app is listening a http://localhost:8080 
11:10:28.336 INFO  Loaded Guild commands... 
11:10:28.696 INFO  Mongodb connected! 
11:10:29.760 INFO  {"Bot User:":"Comfi Dev#5575","Guild(s):":"4 Servers","Watching:":"19 Members","Prefix:":"/","Commands:":"90","Discord.js:":"v13.5.1","Node.js:":"v17.3.0","Plattform:":"linux x64","Memory:":"48.76 MB / 125.54 MB"} 
11:10:29.764 INFO  ------------------------------------- 
11:10:29.776 INFO  Your app is listening a http://localhost:8080 
11:13:13.243 INFO  Loaded Guild commands... 
11:13:13.360 INFO  Mongodb connected! 
11:13:14.367 INFO  {"Bot User:":"Comfi Dev#5575","Guild(s):":"4 Servers","Watching:":"19 Members","Prefix:":"/","Commands:":"90","Discord.js:":"v13.5.1","Node.js:":"v17.3.0","Plattform:":"linux x64","Memory:":"53.34 MB / 124.93 MB"} 
11:13:14.379 INFO  ------------------------------------- 
11:13:14.388 INFO  Your app is listening a http://localhost:8080 
15:52:27.865 INFO  Loaded Guild commands... 
15:52:28.390 INFO  Mongodb connected! 
15:52:29.854 INFO  {"Bot User:":"Comfi Dev#5575","Guild(s):":"4 Servers","Watching:":"19 Members","Prefix:":"/","Commands:":"90","Discord.js:":"v13.5.1","Node.js:":"v17.3.0","Plattform:":"linux x64","Memory:":"49.27 MB / 123.71 MB"} 
15:52:29.867 INFO  ------------------------------------- 
15:52:29.899 INFO  Your app is listening a http://localhost:8080 
16:06:01.471 INFO  Mongodb connected! 
16:06:01.599 INFO  Loaded Guild commands... 
16:06:02.462 INFO  {"Bot User:":"Comfi Dev#5575","Guild(s):":"4 Servers","Watching:":"19 Members","Prefix:":"/","Commands:":"90","Discord.js:":"v13.5.1","Node.js:":"v17.3.0","Plattform:":"linux x64","Memory:":"53.28 MB / 125.16 MB"} 
16:06:02.466 INFO  ------------------------------------- 
16:06:02.472 INFO  Your app is listening a http://localhost:8080 
16:08:06.972 INFO  Loaded Guild commands... 
16:08:07.234 INFO  Mongodb connected! 
16:08:08.322 INFO  {"Bot User:":"Comfi Dev#5575","Guild(s):":"4 Servers","Watching:":"19 Members","Prefix:":"/","Commands:":"90","Discord.js:":"v13.5.1","Node.js:":"v17.3.0","Plattform:":"linux x64","Memory:":"53.28 MB / 124.71 MB"} 
16:08:08.327 INFO  ------------------------------------- 
16:08:08.334 INFO  Your app is listening a http://localhost:8080 
16:08:49.449 INFO  Loaded Guild commands... 
16:08:49.722 INFO  Mongodb connected! 
16:08:50.708 INFO  {"Bot User:":"Comfi Dev#5575","Guild(s):":"4 Servers","Watching:":"19 Members","Prefix:":"/","Commands:":"90","Discord.js:":"v13.5.1","Node.js:":"v17.3.0","Plattform:":"linux x64","Memory:":"48.69 MB / 124.89 MB"} 
16:08:50.712 INFO  ------------------------------------- 
16:08:50.718 INFO  Your app is listening a http://localhost:8080 
16:09:41.219 INFO  Loaded Guild commands... 
16:09:41.520 INFO  Mongodb connected! 
16:09:42.359 INFO  {"Bot User:":"Comfi Dev#5575","Guild(s):":"4 Servers","Watching:":"19 Members","Prefix:":"/","Commands:":"90","Discord.js:":"v13.5.1","Node.js:":"v17.3.0","Plattform:":"linux x64","Memory:":"53.17 MB / 124.46 MB"} 
16:09:42.363 INFO  ------------------------------------- 
16:09:42.369 INFO  Your app is listening a http://localhost:8080 
